UCX_NET_DEVICES=mlx5_0:1 mpirun -n 2 /home/liuyao/software/Netgauge_default/netgauge -m mpi -x loggp -o ng_logGP_internode
node02.cluster
node01.cluster
# Info:   (0): Netgauge v2.4.6 MPI enabled (P=2, threadlevel=0) (/home/liuyao/software/Netgauge_default/netgauge -m mpi -x loggp -o ng_logGP_internode )
# initializing x86-64 timer (takes some seconds)
# Info:   (0): Warming module mpi up ... this may take a while
Testing 1 bytes 200 times:
 L=1.128100  s=1  o_s=0.129187  o_r=0.171759  g=-nan  G=-nan (-nan GiB/s) lsqu(g,G)=-nan 
Testing 1025 bytes 200 times:
 L=1.128100  s=1025  o_s=0.217390  o_r=0.281527  g=0.203484  G=0.000208 (37.550458 GiB/s) lsqu(g,G)=-nan 
Testing 2049 bytes 200 times:
 L=1.128100  s=2049  o_s=0.197344  o_r=0.284600  g=0.231854  G=0.000125 (62.410102 GiB/s) lsqu(g,G)=0.069290 
Testing 3073 bytes 200 times:
 L=1.128100  s=3073  o_s=0.231422  o_r=0.316097  g=0.241513  G=0.000111 (70.349649 GiB/s) lsqu(g,G)=0.052434 
Testing 4097 bytes 200 times:
 L=1.128100  s=4097  o_s=0.247905  o_r=0.384000  g=0.248469  G=0.000104 (74.928577 GiB/s) lsqu(g,G)=0.044653 
Testing 5121 bytes 200 times:
 L=1.128100  s=5121  o_s=0.278642  o_r=0.420511  g=0.260049  G=0.000096 (81.558080 GiB/s) lsqu(g,G)=0.043986 
Testing 6145 bytes 200 times:
 L=1.128100  s=6145  o_s=0.342122  o_r=0.455463  g=0.271700  G=0.000089 (87.812825 GiB/s) lsqu(g,G)=0.044760 
Testing 7169 bytes 200 times:
 L=1.128100  s=7169  o_s=0.381435  o_r=0.498652  g=0.279346  G=0.000085 (91.657045 GiB/s) lsqu(g,G)=0.043289 
Testing 8193 bytes 200 times:
 L=1.128100  s=8193  o_s=0.353370  o_r=0.494849  g=0.296329  G=0.000078 (99.991686 GiB/s) lsqu(g,G)=0.051622 
Testing 9217 bytes 200 times:
 L=1.128100  s=9217  o_s=0.587020  o_r=0.646965  g=0.301030  G=0.000076 (102.243817 GiB/s) lsqu(g,G)=0.049164 
Testing 10241 bytes 200 times:
 L=1.128100  s=10241  o_s=0.611298  o_r=0.669225  g=0.314102  G=0.000072 (108.271234 GiB/s) lsqu(g,G)=0.053331 
Testing 11265 bytes 200 times:
 L=1.128100  s=11265  o_s=0.650165  o_r=0.700503  g=0.328057  G=0.000068 (114.772638 GiB/s) lsqu(g,G)=0.058265 
Testing 12289 bytes 200 times:
 L=1.128100  s=12289  o_s=0.672996  o_r=0.738900  g=0.337805  G=0.000065 (119.322359 GiB/s) lsqu(g,G)=0.059285 
Testing 13313 bytes 200 times:
 L=1.128100  s=13313  o_s=0.676225  o_r=0.791336  g=0.346704  G=0.000063 (123.416842 GiB/s) lsqu(g,G)=0.059975 
Testing 14337 bytes 200 times:
 L=1.128100  s=14337  o_s=0.690815  o_r=0.816267  g=0.357617  G=0.000061 (128.404435 GiB/s) lsqu(g,G)=0.062546 
Testing 15361 bytes 200 times:
 L=1.128100  s=15361  o_s=0.728012  o_r=0.864032  g=0.366530  G=0.000059 (132.463942 GiB/s) lsqu(g,G)=0.063606 
Testing 16385 bytes 200 times:
 L=1.128100  s=16385  o_s=0.754851  o_r=0.867807  g=0.377203  G=0.000057 (137.316493 GiB/s) lsqu(g,G)=0.066299 
Testing 17409 bytes 200 times:
 L=1.128100  s=17409  o_s=0.981930  o_r=1.011561  g=0.377502  G=0.000057 (137.448678 GiB/s) lsqu(g,G)=0.064197 
Testing 18433 bytes 200 times:
 L=1.128100  s=18433  o_s=1.014561  o_r=1.094852  g=0.377785  G=0.000057 (137.566844 GiB/s) lsqu(g,G)=0.062284 
Testing 19457 bytes 200 times:
 L=1.128100  s=19457  o_s=1.152768  o_r=1.155754  g=0.377728  G=0.000057 (137.544530 GiB/s) lsqu(g,G)=0.060530 
Testing 20481 bytes 200 times:
 L=1.128100  s=20481  o_s=1.173928  o_r=1.185256  g=0.376816  G=0.000057 (137.204816 GiB/s) lsqu(g,G)=0.058960 
Testing 21505 bytes 200 times:
 L=1.128100  s=21505  o_s=1.114235  o_r=1.157972  g=0.382255  G=0.000056 (139.151408 GiB/s) lsqu(g,G)=0.059151 
Testing 22529 bytes 200 times:
 L=1.128100  s=22529  o_s=1.174151  o_r=1.214315  g=0.386279  G=0.000056 (140.556913 GiB/s) lsqu(g,G)=0.058684 
Testing 23553 bytes 200 times:
 L=1.128100  s=23553  o_s=5.909177  o_r=5.907067  g=0.077335  G=0.000097 (80.775763 GiB/s) lsqu(g,G)=0.826716 
Testing 24577 bytes 200 times:
 L=1.128100  s=24577  o_s=5.965752  o_r=5.949494  g=-0.171761  G=0.000128 (60.824351 GiB/s) lsqu(g,G)=1.054076 
Testing 25601 bytes 200 times:
 L=1.128100  s=25601  o_s=6.000833  o_r=5.994926  g=-0.369353  G=0.000153 (51.209089 GiB/s) lsqu(g,G)=1.167092 
Testing 26625 bytes 200 times:
 L=1.128100  s=26625  o_s=6.038141  o_r=6.017533  g=-0.525127  G=0.000171 (45.737030 GiB/s) lsqu(g,G)=1.224075 
Testing 27649 bytes 200 times:
 L=1.128100  s=27649  o_s=6.064424  o_r=6.065525  g=-0.644521  G=0.000184 (42.398118 GiB/s) lsqu(g,G)=1.247511 
Testing 28673 bytes 200 times:
 L=1.128100  s=28673  o_s=6.133027  o_r=6.116975  g=-0.737297  G=0.000194 (40.202036 GiB/s) lsqu(g,G)=1.253209 
Testing 29697 bytes 200 times:
 L=1.128100  s=29697  o_s=6.193722  o_r=6.190020  g=-0.807380  G=0.000202 (38.740354 GiB/s) lsqu(g,G)=1.247667 
Testing 30721 bytes 200 times:
 L=1.128100  s=30721  o_s=6.218891  o_r=6.215624  g=-0.855475  G=0.000207 (37.829011 GiB/s) lsqu(g,G)=1.234283 
Testing 31745 bytes 200 times:
 L=1.128100  s=31745  o_s=6.253193  o_r=6.235123  g=-0.886442  G=0.000210 (37.283126 GiB/s) lsqu(g,G)=1.217124 
Testing 32769 bytes 200 times:
 L=1.128100  s=32769  o_s=6.301972  o_r=6.294701  g=-0.903661  G=0.000211 (36.995847 GiB/s) lsqu(g,G)=1.198488 
Testing 33793 bytes 200 times:
 L=1.128100  s=33793  o_s=6.346073  o_r=6.330669  g=-0.909453  G=0.000212 (36.903188 GiB/s) lsqu(g,G)=1.179749 
Testing 34817 bytes 200 times:
 L=1.128100  s=34817  o_s=6.375809  o_r=6.361401  g=-0.904503  G=0.000211 (36.979949 GiB/s) lsqu(g,G)=1.161840 
Testing 35841 bytes 200 times:
 L=1.128100  s=35841  o_s=6.406657  o_r=6.398817  g=-0.891584  G=0.000210 (37.175819 GiB/s) lsqu(g,G)=1.145362 
Testing 36865 bytes 200 times:
 L=1.128100  s=36865  o_s=6.448866  o_r=6.449483  g=-0.871715  G=0.000208 (37.472351 GiB/s) lsqu(g,G)=1.130685 
Testing 37889 bytes 200 times:
 L=1.128100  s=37889  o_s=6.499872  o_r=6.500374  g=-0.846575  G=0.000206 (37.843683 GiB/s) lsqu(g,G)=1.117864 
Testing 38913 bytes 200 times:
 L=1.128100  s=38913  o_s=6.554777  o_r=6.574317  g=-0.815779  G=0.000204 (38.295993 GiB/s) lsqu(g,G)=1.107300 
Testing 39937 bytes 200 times:
 L=1.128100  s=39937  o_s=6.631286  o_r=6.606939  g=-0.780959  G=0.000201 (38.806619 GiB/s) lsqu(g,G)=1.098758 
Testing 40961 bytes 200 times:
 L=1.128100  s=40961  o_s=6.640196  o_r=6.635776  g=-0.743902  G=0.000199 (39.350702 GiB/s) lsqu(g,G)=1.091723 
Testing 41985 bytes 200 times:
 L=1.128100  s=41985  o_s=6.673829  o_r=6.662173  g=-0.702702  G=0.000196 (39.957986 GiB/s) lsqu(g,G)=1.087060 
Testing 43009 bytes 200 times:
 L=1.128100  s=43009  o_s=6.703230  o_r=6.701260  g=-0.659330  G=0.000192 (40.601513 GiB/s) lsqu(g,G)=1.084022 
Testing 44033 bytes 200 times:
 L=1.128100  s=44033  o_s=6.754571  o_r=6.733555  g=-0.614258  G=0.000189 (41.275879 GiB/s) lsqu(g,G)=1.082421 
Testing 45057 bytes 200 times:
 L=1.128100  s=45057  o_s=6.809586  o_r=6.796028  g=-0.567616  G=0.000186 (41.980667 GiB/s) lsqu(g,G)=1.082208 
Testing 46081 bytes 200 times:
 L=1.128100  s=46081  o_s=6.832751  o_r=6.829319  g=-0.519797  G=0.000183 (42.711375 GiB/s) lsqu(g,G)=1.083181 
Testing 47105 bytes 200 times:
 L=1.128100  s=47105  o_s=6.858143  o_r=6.861166  g=-0.469993  G=0.000180 (43.482124 GiB/s) lsqu(g,G)=1.085810 
Testing 48129 bytes 200 times:
 L=1.128100  s=48129  o_s=6.908258  o_r=6.908942  g=-0.419993  G=0.000176 (44.266643 GiB/s) lsqu(g,G)=1.089037 
Testing 49153 bytes 200 times:
 L=1.128100  s=49153  o_s=6.946791  o_r=6.983431  g=-0.370515  G=0.000173 (45.053915 GiB/s) lsqu(g,G)=1.092403 
Testing 50177 bytes 200 times:
 L=1.128100  s=50177  o_s=7.032322  o_r=7.016722  g=-0.320412  G=0.000170 (45.862666 GiB/s) lsqu(g,G)=1.096591 
Testing 51201 bytes 200 times:
 L=1.128100  s=51201  o_s=7.030317  o_r=7.037335  g=-0.269630  G=0.000167 (46.694903 GiB/s) lsqu(g,G)=1.101622 
Testing 52225 bytes 200 times:
 L=1.128100  s=52225  o_s=7.064730  o_r=7.066844  g=-0.218860  G=0.000164 (47.540132 GiB/s) lsqu(g,G)=1.107035 
Testing 53249 bytes 200 times:
 L=1.128100  s=53249  o_s=7.131773  o_r=7.111611  g=-0.168520  G=0.000161 (48.391619 GiB/s) lsqu(g,G)=1.112538 
Testing 54273 bytes 200 times:
 L=1.128100  s=54273  o_s=7.166743  o_r=7.148135  g=-0.118401  G=0.000159 (49.253026 GiB/s) lsqu(g,G)=1.118254 
Testing 55297 bytes 200 times:
 L=1.128100  s=55297  o_s=7.199930  o_r=7.188226  g=-0.068279  G=0.000156 (50.128582 GiB/s) lsqu(g,G)=1.124313 
Testing 56321 bytes 200 times:
 L=1.128100  s=56321  o_s=7.240357  o_r=7.231766  g=-0.018104  G=0.000153 (51.019678 GiB/s) lsqu(g,G)=1.130734 
Testing 57345 bytes 200 times:
 L=1.128100  s=57345  o_s=7.302055  o_r=7.286773  g=0.031012  G=0.000151 (51.906473 GiB/s) lsqu(g,G)=1.136758 
Testing 58369 bytes 200 times:
 L=1.128100  s=58369  o_s=7.354398  o_r=7.357151  g=0.078377  G=0.000148 (52.775295 GiB/s) lsqu(g,G)=1.141939 
Testing 59393 bytes 200 times:
 L=1.128100  s=59393  o_s=7.396495  o_r=7.385760  g=0.126400  G=0.000146 (53.670143 GiB/s) lsqu(g,G)=1.147859 
Testing 60417 bytes 200 times:
 L=1.128100  s=60417  o_s=7.400393  o_r=7.394676  g=0.174858  G=0.000143 (54.588004 GiB/s) lsqu(g,G)=1.154358 
Testing 61441 bytes 200 times:
 L=1.128100  s=61441  o_s=7.461088  o_r=7.456707  g=0.222055  G=0.000141 (55.496734 GiB/s) lsqu(g,G)=1.160282 
Testing 62465 bytes 200 times:
 L=1.128100  s=62465  o_s=7.500067  o_r=7.486661  g=0.268813  G=0.000138 (56.411585 GiB/s) lsqu(g,G)=1.166186 
Testing 63489 bytes 200 times:
 L=1.128100  s=63489  o_s=7.538489  o_r=7.528754  g=0.315342  G=0.000136 (57.336728 GiB/s) lsqu(g,G)=1.172200 
Testing 64513 bytes 200 times:
 L=1.128100  s=64513  o_s=7.581699  o_r=7.567840  g=0.360989  G=0.000134 (58.258928 GiB/s) lsqu(g,G)=1.177880 
Testing 65537 bytes 200 times:
 L=1.128100  s=65537  o_s=7.629365  o_r=7.622182  g=0.406024  G=0.000132 (59.183154 GiB/s) lsqu(g,G)=1.183407 
Testing 66561 bytes 200 times:
 L=1.128100  s=66561  o_s=7.666228  o_r=7.670177  g=0.450581  G=0.000130 (60.111924 GiB/s) lsqu(g,G)=1.188863 
Testing 67585 bytes 200 times:
 L=1.128100  s=67585  o_s=7.718014  o_r=7.731748  g=0.495142  G=0.000128 (61.055427 GiB/s) lsqu(g,G)=1.194562 
Testing 68609 bytes 200 times:
 L=1.128100  s=68609  o_s=7.738505  o_r=7.752235  g=0.538062  G=0.000126 (61.978189 GiB/s) lsqu(g,G)=1.199413 
Testing 69633 bytes 200 times:
 L=1.128100  s=69633  o_s=7.814792  o_r=7.784540  g=0.579998  G=0.000124 (62.893056 GiB/s) lsqu(g,G)=1.203862 
Testing 70657 bytes 200 times:
 L=1.128100  s=70657  o_s=7.834727  o_r=7.832530  g=0.622391  G=0.000122 (63.831561 GiB/s) lsqu(g,G)=1.208837 
Testing 71681 bytes 200 times:
 L=1.128100  s=71681  o_s=7.857669  o_r=7.867050  g=0.663732  G=0.000121 (64.760298 GiB/s) lsqu(g,G)=1.213351 
Testing 72705 bytes 200 times:
 L=1.128100  s=72705  o_s=7.902884  o_r=7.904689  g=0.704798  G=0.000119 (65.696245 GiB/s) lsqu(g,G)=1.217907 
Testing 73729 bytes 200 times:
 L=1.128100  s=73729  o_s=7.945093  o_r=7.944331  g=0.745505  G=0.000117 (66.637432 GiB/s) lsqu(g,G)=1.222442 
Testing 74753 bytes 200 times:
 L=1.128100  s=74753  o_s=7.990197  o_r=7.980971  g=0.785055  G=0.000116 (67.564842 GiB/s) lsqu(g,G)=1.226446 
Testing 75777 bytes 200 times:
 L=1.128100  s=75777  o_s=8.057574  o_r=8.057140  g=0.824360  G=0.000114 (68.499259 GiB/s) lsqu(g,G)=1.230501 
Testing 76801 bytes 200 times:
 L=1.128100  s=76801  o_s=8.104349  o_r=8.090205  g=0.862006  G=0.000113 (69.406208 GiB/s) lsqu(g,G)=1.233720 
Testing 77825 bytes 200 times:
 L=1.128100  s=77825  o_s=8.115040  o_r=8.116592  g=0.899875  G=0.000111 (70.330446 GiB/s) lsqu(g,G)=1.237280 
Testing 78849 bytes 200 times:
 L=1.128100  s=78849  o_s=8.148562  o_r=8.151232  g=0.937280  G=0.000110 (71.255335 GiB/s) lsqu(g,G)=1.240746 
Testing 79873 bytes 200 times:
 L=1.128100  s=79873  o_s=8.179633  o_r=8.183414  g=0.974170  G=0.000108 (72.179323 GiB/s) lsqu(g,G)=1.244083 
Testing 80897 bytes 200 times:
 L=1.128100  s=80897  o_s=8.226185  o_r=8.230518  g=1.010734  G=0.000107 (73.106895 GiB/s) lsqu(g,G)=1.247406 
Testing 81921 bytes 200 times:
 L=1.128100  s=81921  o_s=8.277192  o_r=8.273835  g=1.046200  G=0.000106 (74.017837 GiB/s) lsqu(g,G)=1.250238 
Testing 82945 bytes 200 times:
 L=1.128100  s=82945  o_s=8.323298  o_r=8.326954  g=1.081248  G=0.000104 (74.928953 GiB/s) lsqu(g,G)=1.252999 
Testing 83969 bytes 200 times:
 L=1.128100  s=83969  o_s=8.350360  o_r=8.385305  g=1.115655  G=0.000103 (75.834039 GiB/s) lsqu(g,G)=1.255552 
Testing 84993 bytes 200 times:
 L=1.128100  s=84993  o_s=8.404819  o_r=8.422598  g=1.150237  G=0.000102 (76.754542 GiB/s) lsqu(g,G)=1.258386 
Testing 86017 bytes 200 times:
 L=1.128100  s=86017  o_s=8.444466  o_r=8.457565  g=1.183323  G=0.000101 (77.645391 GiB/s) lsqu(g,G)=1.260495 
Testing 87041 bytes 200 times:
 L=1.128100  s=87041  o_s=8.472865  o_r=8.480513  g=1.216269  G=0.000099 (78.542313 GiB/s) lsqu(g,G)=1.262691 
Testing 88065 bytes 200 times:
 L=1.128100  s=88065  o_s=8.525765  o_r=8.522384  g=1.248630  G=0.000098 (79.433000 GiB/s) lsqu(g,G)=1.264709 
Testing 89089 bytes 200 times:
 L=1.128100  s=89089  o_s=8.566525  o_r=8.564144  g=1.280484  G=0.000097 (80.319147 GiB/s) lsqu(g,G)=1.266594 
Testing 90113 bytes 200 times:
 L=1.128100  s=90113  o_s=8.611184  o_r=8.613696  g=1.311740  G=0.000096 (81.197733 GiB/s) lsqu(g,G)=1.268291 
Testing 91137 bytes 200 times:
 L=1.128100  s=91137  o_s=8.663304  o_r=8.654681  g=1.342491  G=0.000095 (82.070975 GiB/s) lsqu(g,G)=1.269856 
Testing 92161 bytes 200 times:
 L=1.128100  s=92161  o_s=8.670765  o_r=8.683850  g=1.373180  G=0.000094 (82.951264 GiB/s) lsqu(g,G)=1.271539 
Testing 93185 bytes 200 times:
 L=1.128100  s=93185  o_s=8.730236  o_r=8.756227  g=1.402672  G=0.000093 (83.805483 GiB/s) lsqu(g,G)=1.272693 
Testing 94209 bytes 200 times:
 L=1.128100  s=94209  o_s=8.805075  o_r=8.799096  g=1.431984  G=0.000092 (84.662484 GiB/s) lsqu(g,G)=1.273895 
Testing 95233 bytes 200 times:
 L=1.128100  s=95233  o_s=8.831469  o_r=8.813472  g=1.460915  G=0.000091 (85.516226 GiB/s) lsqu(g,G)=1.275029 
Testing 96257 bytes 200 times:
 L=1.128100  s=96257  o_s=8.865102  o_r=8.857122  g=1.489428  G=0.000090 (86.365344 GiB/s) lsqu(g,G)=1.276073 
Testing 97281 bytes 200 times:
 L=1.128100  s=97281  o_s=8.886485  o_r=8.884960  g=1.517978  G=0.000090 (87.223316 GiB/s) lsqu(g,G)=1.277278 
Testing 98305 bytes 200 times:
 L=1.128100  s=98305  o_s=8.936600  o_r=8.943534  g=1.545882  G=0.000089 (88.069404 GiB/s) lsqu(g,G)=1.278260 
Testing 99329 bytes 200 times:
 L=1.128100  s=99329  o_s=8.968006  o_r=8.975048  g=1.573379  G=0.000088 (88.910433 GiB/s) lsqu(g,G)=1.279152 
Testing 100353 bytes 200 times:
 L=1.128100  s=100353  o_s=9.011328  o_r=9.024713  g=1.600597  G=0.000087 (89.750063 GiB/s) lsqu(g,G)=1.280022 
Testing 101377 bytes 200 times:
 L=1.128100  s=101377  o_s=9.068905  o_r=9.079603  g=1.627367  G=0.000086 (90.582836 GiB/s) lsqu(g,G)=1.280777 
Testing 102401 bytes 200 times:
 L=1.128100  s=102401  o_s=9.130269  o_r=9.132722  g=1.652808  G=0.000085 (91.380482 GiB/s) lsqu(g,G)=1.280948 
Testing 103425 bytes 200 times:
 L=1.128100  s=103425  o_s=9.141963  o_r=9.148094  g=1.678618  G=0.000085 (92.195881 GiB/s) lsqu(g,G)=1.281440 
Testing 104449 bytes 200 times:
 L=1.128100  s=104449  o_s=9.183392  o_r=9.184954  g=1.704098  G=0.000084 (93.007072 GiB/s) lsqu(g,G)=1.281879 
Testing 105473 bytes 200 times:
 L=1.128100  s=105473  o_s=9.229275  o_r=9.229831  g=1.729136  G=0.000083 (93.810204 GiB/s) lsqu(g,G)=1.282204 
Testing 106497 bytes 200 times:
 L=1.128100  s=106497  o_s=9.276495  o_r=9.293975  g=1.753498  G=0.000083 (94.597303 GiB/s) lsqu(g,G)=1.282292 
Testing 107521 bytes 200 times:
 L=1.128100  s=107521  o_s=9.327502  o_r=9.318474  g=1.777589  G=0.000082 (95.381061 GiB/s) lsqu(g,G)=1.282357 
Testing 108545 bytes 200 times:
 L=1.128100  s=108545  o_s=9.373162  o_r=9.385179  g=1.801672  G=0.000081 (96.170008 GiB/s) lsqu(g,G)=1.282531 
Testing 109569 bytes 200 times:
 L=1.128100  s=109569  o_s=9.439538  o_r=9.430605  g=1.825389  G=0.000081 (96.952293 GiB/s) lsqu(g,G)=1.282627 
Testing 110593 bytes 200 times:
 L=1.128100  s=110593  o_s=9.434637  o_r=9.442963  g=1.848073  G=0.000080 (97.705362 GiB/s) lsqu(g,G)=1.282305 
Testing 111617 bytes 200 times:
 L=1.128100  s=111617  o_s=9.477291  o_r=9.477490  g=1.870953  G=0.000079 (98.469674 GiB/s) lsqu(g,G)=1.282191 
Testing 112641 bytes 200 times:
 L=1.128100  s=112641  o_s=9.522395  o_r=9.517022  g=1.893626  G=0.000079 (99.231863 GiB/s) lsqu(g,G)=1.282077 
Testing 113665 bytes 200 times:
 L=1.128100  s=113665  o_s=9.560260  o_r=9.554883  g=1.916115  G=0.000078 (99.992543 GiB/s) lsqu(g,G)=1.281974 
Testing 114689 bytes 200 times:
 L=1.128100  s=114689  o_s=9.611155  o_r=9.604880  g=1.938248  G=0.000078 (100.745795 GiB/s) lsqu(g,G)=1.281793 
Testing 115713 bytes 200 times:
 L=1.128100  s=115713  o_s=9.644120  o_r=9.645525  g=1.959989  G=0.000077 (101.490073 GiB/s) lsqu(g,G)=1.281514 
Testing 116737 bytes 200 times:
 L=1.128100  s=116737  o_s=9.732101  o_r=9.708109  g=1.981741  G=0.000076 (102.239061 GiB/s) lsqu(g,G)=1.281339 
Testing 117761 bytes 200 times:
 L=1.128100  s=117761  o_s=9.791126  o_r=9.752985  g=2.002198  G=0.000076 (102.947328 GiB/s) lsqu(g,G)=1.280622 
Testing 118785 bytes 200 times:
 L=1.128100  s=118785  o_s=9.766625  o_r=9.778701  g=2.023008  G=0.000075 (103.671525 GiB/s) lsqu(g,G)=1.280172 
Testing 119809 bytes 200 times:
 L=1.128100  s=119809  o_s=9.813511  o_r=9.813344  g=2.043501  G=0.000075 (104.388455 GiB/s) lsqu(g,G)=1.279661 
Testing 120833 bytes 200 times:
 L=1.128100  s=120833  o_s=9.870865  o_r=9.849647  g=2.063556  G=0.000074 (105.093633 GiB/s) lsqu(g,G)=1.279028 
Testing 121857 bytes 200 times:
 L=1.128100  s=121857  o_s=9.892359  o_r=9.886840  g=2.083642  G=0.000074 (105.803383 GiB/s) lsqu(g,G)=1.278501 
Testing 122881 bytes 200 times:
 L=1.128100  s=122881  o_s=9.954614  o_r=9.937284  g=2.103244  G=0.000073 (106.499402 GiB/s) lsqu(g,G)=1.277828 
Testing 123905 bytes 200 times:
 L=1.128100  s=123905  o_s=9.991031  o_r=9.983831  g=2.122620  G=0.000073 (107.190606 GiB/s) lsqu(g,G)=1.277134 
Testing 124929 bytes 200 times:
 L=1.128100  s=124929  o_s=10.040478  o_r=10.045958  g=2.141757  G=0.000072 (107.876405 GiB/s) lsqu(g,G)=1.276412 
Testing 125953 bytes 200 times:
 L=1.128100  s=125953  o_s=10.086362  o_r=10.079140  g=2.160758  G=0.000072 (108.560357 GiB/s) lsqu(g,G)=1.275709 
Testing 126977 bytes 200 times:
 L=1.128100  s=126977  o_s=10.092710  o_r=10.098413  g=2.179614  G=0.000072 (109.242118 GiB/s) lsqu(g,G)=1.275020 
Testing 128001 bytes 200 times:
 L=1.128100  s=128001  o_s=10.158974  o_r=10.142849  g=2.198043  G=0.000071 (109.911265 GiB/s) lsqu(g,G)=1.274210 
Testing 129025 bytes 200 times:
 L=1.128100  s=129025  o_s=10.201628  o_r=10.176590  g=2.216151  G=0.000071 (110.571455 GiB/s) lsqu(g,G)=1.273329 
Testing 130049 bytes 200 times:
 L=1.128100  s=130049  o_s=10.237822  o_r=10.214785  g=2.234176  G=0.000070 (111.231241 GiB/s) lsqu(g,G)=1.272489 
