node04:1627134:1627134 [0] NCCL INFO cudaDriverVersion 11060
node04:1627134:1627134 [0] NCCL INFO Bootstrap : Using ib0:10.3.1.4<0>
node04:1627134:1627134 [0] NCCL INFO NET/Plugin : No plugin found (libnccl-net.so), using internal implementation
node04:1627134:1627159 [0] NCCL INFO NET/IB : Using [0]mlx5_0:1/IB [RO]; OOB ib0:10.3.1.4<0>
node04:1627134:1627159 [0] NCCL INFO Using network IB
node04:1627134:1627159 [0] NCCL INFO Setting affinity for GPU 0 to 03ffff
node04:1627134:1627159 [0] NCCL INFO Trees [0] -1/-1/-1->1->0 [1] -1/-1/-1->1->0 [2] 0/-1/-1->1->-1 [3] 0/-1/-1->1->-1
node04:1627134:1627159 [0] NCCL INFO Channel 00/0 : 0[2a000] -> 1[2a000] [receive] via NET/IB/0
node04:1627134:1627159 [0] NCCL INFO Channel 01/0 : 0[2a000] -> 1[2a000] [receive] via NET/IB/0
node04:1627134:1627159 [0] NCCL INFO Channel 02/0 : 0[2a000] -> 1[2a000] [receive] via NET/IB/0
node04:1627134:1627159 [0] NCCL INFO Channel 03/0 : 0[2a000] -> 1[2a000] [receive] via NET/IB/0
node04:1627134:1627159 [0] NCCL INFO Channel 00/0 : 1[2a000] -> 0[2a000] [send] via NET/IB/0
node04:1627134:1627159 [0] NCCL INFO Channel 01/0 : 1[2a000] -> 0[2a000] [send] via NET/IB/0
node04:1627134:1627159 [0] NCCL INFO Channel 02/0 : 1[2a000] -> 0[2a000] [send] via NET/IB/0
node04:1627134:1627159 [0] NCCL INFO Channel 03/0 : 1[2a000] -> 0[2a000] [send] via NET/IB/0
node04:1627134:1627159 [0] NCCL INFO Connected all rings
node04:1627134:1627159 [0] NCCL INFO Connected all trees
node04:1627134:1627159 [0] NCCL INFO threadThresholds 8/8/64 | 16/8/64 | 512 | 512
node04:1627134:1627159 [0] NCCL INFO 4 coll channels, 4 p2p channels, 2 p2p channels per peer
node04:1627134:1627159 [0] NCCL INFO comm 0x16e4380 rank 1 nranks 2 cudaDev 0 busId 2a000 - Init COMPLETE
node04:1627134:1627163 [0] NCCL INFO Channel 02/1 : 0[2a000] -> 1[2a000] [receive] via NET/IB/0/Shared
node04:1627134:1627163 [0] NCCL INFO Channel 03/1 : 0[2a000] -> 1[2a000] [receive] via NET/IB/0/Shared
node04:1627134:1627164 [0] NCCL INFO Channel 02/1 : 1[2a000] -> 0[2a000] [send] via NET/IB/0/Shared
node04:1627134:1627164 [0] NCCL INFO Channel 03/1 : 1[2a000] -> 0[2a000] [send] via NET/IB/0/Shared
node04:1627134:1627134 [0] NCCL INFO comm 0x16e4380 rank 1 nranks 2 cudaDev 0 busId 2a000 - Destroy COMPLETE
DEVICE | sendrecv.h | send - runrecv | iteration 0 | time: 1654.500000 us
DEVICE | sendrecv.h | send - runrecv | iteration 1 | time: 1655.500000 us
DEVICE | sendrecv.h | send - runrecv | iteration 2 | time: 1659.000000 us
DEVICE | sendrecv.h | send - runrecv | iteration 3 | time: 1659.000000 us
DEVICE | sendrecv.h | send - runrecv | iteration 4 | time: 1659.000000 us
DEVICE | sendrecv.h | send - runrecv | iteration 5 | time: 1656.500000 us
DEVICE | sendrecv.h | send - runrecv | iteration 6 | time: 1656.500000 us
DEVICE | sendrecv.h | send - runrecv | iteration 7 | time: 1652.500000 us
DEVICE | sendrecv.h | send - runrecv | iteration 8 | time: 1653.000000 us
DEVICE | sendrecv.h | send - runrecv | iteration 9 | time: 1650.500000 us
DEVICE | sendrecv.h | send - runrecv | iteration 10 | time: 1649.000000 us
DEVICE | sendrecv.h | send - runrecv | iteration 11 | time: 1648.000000 us
DEVICE | sendrecv.h | send - runrecv | iteration 12 | time: 1644.000000 us
DEVICE | sendrecv.h | send - runrecv | iteration 13 | time: 1643.000000 us
DEVICE | sendrecv.h | send - runrecv | iteration 14 | time: 1641.500000 us
DEVICE | sendrecv.h | send - runrecv | iteration 15 | time: 1641.500000 us
DEVICE | sendrecv.h | send - runrecv | iteration 16 | time: 1634.000000 us
DEVICE | sendrecv.h | send - runrecv | iteration 17 | time: 1631.500000 us
DEVICE | sendrecv.h | send - runrecv | iteration 18 | time: 1634.500000 us
DEVICE | sendrecv.h | send - runrecv | iteration 19 | time: 1633.500000 us
DEVICE | sendrecv.h | send - runrecv | iteration 0 | time: 1633.500000 us
DEVICE | sendrecv.h | send - runrecv | iteration 1 | time: 1629.500000 us
DEVICE | sendrecv.h | send - runrecv | iteration 2 | time: 1627.000000 us
DEVICE | sendrecv.h | send - runrecv | iteration 3 | time: 1625.000000 us
DEVICE | sendrecv.h | send - runrecv | iteration 4 | time: 1625.500000 us
DEVICE | sendrecv.h | send - runrecv | iteration 5 | time: 1621.000000 us
DEVICE | sendrecv.h | send - runrecv | iteration 6 | time: 1624.500000 us
DEVICE | sendrecv.h | send - runrecv | iteration 7 | time: 1616.000000 us
DEVICE | sendrecv.h | send - runrecv | iteration 8 | time: 1617.000000 us
DEVICE | sendrecv.h | send - runrecv | iteration 9 | time: 1618.000000 us
DEVICE | sendrecv.h | send - runrecv | iteration 10 | time: 1615.000000 us
DEVICE | sendrecv.h | send - runrecv | iteration 11 | time: 1614.000000 us
DEVICE | sendrecv.h | send - runrecv | iteration 12 | time: 1612.000000 us
DEVICE | sendrecv.h | send - runrecv | iteration 13 | time: 1612.500000 us
DEVICE | sendrecv.h | send - runrecv | iteration 14 | time: 1609.000000 us
DEVICE | sendrecv.h | send - runrecv | iteration 15 | time: 1607.500000 us
DEVICE | sendrecv.h | send - runrecv | iteration 16 | time: 1608.000000 us
DEVICE | sendrecv.h | send - runrecv | iteration 17 | time: 1606.500000 us
DEVICE | sendrecv.h | send - runrecv | iteration 18 | time: 1604.000000 us
DEVICE | sendrecv.h | send - runrecv | iteration 19 | time: 1589.500000 us
DEVICE | sendrecv.h | send - runrecv | iteration 0 | time: 1587.500000 us
DEVICE | sendrecv.h | send - runrecv | iteration 1 | time: 1590.000000 us
DEVICE | sendrecv.h | send - runrecv | iteration 2 | time: 1585.500000 us
DEVICE | sendrecv.h | send - runrecv | iteration 3 | time: 1585.000000 us
DEVICE | sendrecv.h | send - runrecv | iteration 4 | time: 1586.000000 us
DEVICE | sendrecv.h | send - runrecv | iteration 5 | time: 1580.000000 us
DEVICE | sendrecv.h | send - runrecv | iteration 6 | time: 1578.500000 us
DEVICE | sendrecv.h | send - runrecv | iteration 7 | time: 1578.000000 us
DEVICE | sendrecv.h | send - runrecv | iteration 8 | time: 1576.500000 us
DEVICE | sendrecv.h | send - runrecv | iteration 9 | time: 1575.000000 us
DEVICE | sendrecv.h | send - runrecv | iteration 10 | time: 1580.000000 us
DEVICE | sendrecv.h | send - runrecv | iteration 11 | time: 1572.000000 us
DEVICE | sendrecv.h | send - runrecv | iteration 12 | time: 1572.500000 us
DEVICE | sendrecv.h | send - runrecv | iteration 13 | time: 1569.500000 us
DEVICE | sendrecv.h | send - runrecv | iteration 14 | time: 1570.000000 us
DEVICE | sendrecv.h | send - runrecv | iteration 15 | time: 1570.500000 us
DEVICE | sendrecv.h | send - runrecv | iteration 16 | time: 1568.000000 us
DEVICE | sendrecv.h | send - runrecv | iteration 17 | time: 1564.500000 us
DEVICE | sendrecv.h | send - runrecv | iteration 18 | time: 1562.000000 us
DEVICE | sendrecv.h | send - runrecv | iteration 19 | time: 1560.500000 us
DEVICE | sendrecv.h | send - runrecv | iteration 0 | time: 1562.500000 us
DEVICE | sendrecv.h | send - runrecv | iteration 1 | time: 1559.000000 us
DEVICE | sendrecv.h | send - runrecv | iteration 2 | time: 1559.500000 us
DEVICE | sendrecv.h | send - runrecv | iteration 3 | time: 1556.000000 us
DEVICE | sendrecv.h | send - runrecv | iteration 4 | time: 1552.000000 us
DEVICE | sendrecv.h | send - runrecv | iteration 5 | time: 1553.500000 us
DEVICE | sendrecv.h | send - runrecv | iteration 6 | time: 1553.500000 us
DEVICE | sendrecv.h | send - runrecv | iteration 7 | time: 1551.500000 us
DEVICE | sendrecv.h | send - runrecv | iteration 8 | time: 1550.500000 us
DEVICE | sendrecv.h | send - runrecv | iteration 9 | time: 1550.500000 us
DEVICE | sendrecv.h | send - runrecv | iteration 10 | time: 1546.500000 us
DEVICE | sendrecv.h | send - runrecv | iteration 11 | time: 1543.500000 us
DEVICE | sendrecv.h | send - runrecv | iteration 12 | time: 1542.500000 us
DEVICE | sendrecv.h | send - runrecv | iteration 13 | time: 1540.500000 us
DEVICE | sendrecv.h | send - runrecv | iteration 14 | time: 1539.500000 us
DEVICE | sendrecv.h | send - runrecv | iteration 15 | time: 1538.500000 us
DEVICE | sendrecv.h | send - runrecv | iteration 16 | time: 1533.500000 us
DEVICE | sendrecv.h | send - runrecv | iteration 17 | time: 1533.000000 us
DEVICE | sendrecv.h | send - runrecv | iteration 18 | time: 1535.000000 us
DEVICE | sendrecv.h | send - runrecv | iteration 19 | time: 1534.500000 us
DEVICE | sendrecv.h | send - runrecv | iteration 0 | time: 1531.500000 us
DEVICE | sendrecv.h | send - runrecv | iteration 1 | time: 1526.500000 us
DEVICE | sendrecv.h | send - runrecv | iteration 2 | time: 1525.000000 us
DEVICE | sendrecv.h | send - runrecv | iteration 3 | time: 1523.000000 us
DEVICE | sendrecv.h | send - runrecv | iteration 4 | time: 1524.500000 us
DEVICE | sendrecv.h | send - runrecv | iteration 5 | time: 1525.500000 us
DEVICE | sendrecv.h | send - runrecv | iteration 6 | time: 1524.500000 us
DEVICE | sendrecv.h | send - runrecv | iteration 7 | time: 1512.000000 us
DEVICE | sendrecv.h | send - runrecv | iteration 8 | time: 1510.000000 us
DEVICE | sendrecv.h | send - runrecv | iteration 9 | time: 1511.500000 us
DEVICE | sendrecv.h | send - runrecv | iteration 10 | time: 1507.000000 us
DEVICE | sendrecv.h | send - runrecv | iteration 11 | time: 1505.000000 us
DEVICE | sendrecv.h | send - runrecv | iteration 12 | time: 1505.000000 us
DEVICE | sendrecv.h | send - runrecv | iteration 13 | time: 1504.500000 us
DEVICE | sendrecv.h | send - runrecv | iteration 14 | time: 1498.500000 us
DEVICE | sendrecv.h | send - runrecv | iteration 15 | time: 1495.500000 us
DEVICE | sendrecv.h | send - runrecv | iteration 16 | time: 1498.000000 us
DEVICE | sendrecv.h | send - runrecv | iteration 17 | time: 1499.000000 us
DEVICE | sendrecv.h | send - runrecv | iteration 18 | time: 1498.500000 us
DEVICE | sendrecv.h | send - runrecv | iteration 19 | time: 1490.000000 us
DEVICE | sendrecv.h | send - runrecv | iteration 0 | time: 1486.000000 us
DEVICE | sendrecv.h | send - runrecv | iteration 1 | time: 1490.000000 us
DEVICE | sendrecv.h | send - runrecv | iteration 2 | time: 1489.000000 us
DEVICE | sendrecv.h | send - runrecv | iteration 3 | time: 1485.500000 us
DEVICE | sendrecv.h | send - runrecv | iteration 4 | time: 1483.000000 us
DEVICE | sendrecv.h | send - runrecv | iteration 5 | time: 1481.000000 us
DEVICE | sendrecv.h | send - runrecv | iteration 6 | time: 1481.000000 us
DEVICE | sendrecv.h | send - runrecv | iteration 7 | time: 1480.500000 us
DEVICE | sendrecv.h | send - runrecv | iteration 8 | time: 1479.500000 us
DEVICE | sendrecv.h | send - runrecv | iteration 9 | time: 1480.500000 us
DEVICE | sendrecv.h | send - runrecv | iteration 10 | time: 1477.500000 us
DEVICE | sendrecv.h | send - runrecv | iteration 11 | time: 1473.500000 us
DEVICE | sendrecv.h | send - runrecv | iteration 12 | time: 1472.000000 us
DEVICE | sendrecv.h | send - runrecv | iteration 13 | time: 1471.000000 us
DEVICE | sendrecv.h | send - runrecv | iteration 14 | time: 1470.000000 us
DEVICE | sendrecv.h | send - runrecv | iteration 15 | time: 1471.000000 us
DEVICE | sendrecv.h | send - runrecv | iteration 16 | time: 1470.500000 us
DEVICE | sendrecv.h | send - runrecv | iteration 17 | time: 1465.500000 us
DEVICE | sendrecv.h | send - runrecv | iteration 18 | time: 1466.000000 us
DEVICE | sendrecv.h | send - runrecv | iteration 19 | time: 1463.500000 us
DEVICE | sendrecv.h | send - runrecv | iteration 0 | time: 1462.500000 us
DEVICE | sendrecv.h | send - runrecv | iteration 1 | time: 1464.000000 us
DEVICE | sendrecv.h | send - runrecv | iteration 2 | time: 1463.000000 us
DEVICE | sendrecv.h | send - runrecv | iteration 3 | time: 1455.000000 us
DEVICE | sendrecv.h | send - runrecv | iteration 4 | time: 1454.000000 us
DEVICE | sendrecv.h | send - runrecv | iteration 5 | time: 1453.000000 us
DEVICE | sendrecv.h | send - runrecv | iteration 6 | time: 1453.000000 us
DEVICE | sendrecv.h | send - runrecv | iteration 7 | time: 1453.000000 us
DEVICE | sendrecv.h | send - runrecv | iteration 8 | time: 1479.500000 us
DEVICE | sendrecv.h | send - runrecv | iteration 9 | time: 1480.500000 us
DEVICE | sendrecv.h | send - runrecv | iteration 10 | time: 1477.500000 us
DEVICE | sendrecv.h | send - runrecv | iteration 11 | time: 1473.500000 us
DEVICE | sendrecv.h | send - runrecv | iteration 12 | time: 1472.000000 us
DEVICE | sendrecv.h | send - runrecv | iteration 13 | time: 1471.000000 us
DEVICE | sendrecv.h | send - runrecv | iteration 14 | time: 1469.000000 us
DEVICE | sendrecv.h | send - runrecv | iteration 15 | time: 1471.000000 us
DEVICE | sendrecv.h | send - runrecv | iteration 16 | time: 1471.000000 us
DEVICE | sendrecv.h | send - runrecv | iteration 17 | time: 1465.500000 us
DEVICE | sendrecv.h | send - runrecv | iteration 18 | time: 1466.000000 us
DEVICE | sendrecv.h | send - runrecv | iteration 19 | time: 1465.000000 us
DEVICE | sendrecv.h | send - runrecv | iteration 0 | time: 1462.500000 us
DEVICE | sendrecv.h | send - runrecv | iteration 1 | time: 1464.000000 us
DEVICE | sendrecv.h | send - runrecv | iteration 2 | time: 1461.000000 us
DEVICE | sendrecv.h | send - runrecv | iteration 3 | time: 1454.500000 us
DEVICE | sendrecv.h | send - runrecv | iteration 4 | time: 1454.000000 us
DEVICE | sendrecv.h | send - runrecv | iteration 5 | time: 1453.000000 us
DEVICE | sendrecv.h | send - runrecv | iteration 6 | time: 1453.000000 us
DEVICE | sendrecv.h | send - runrecv | iteration 7 | time: 1453.000000 us
DEVICE | sendrecv.h | send - runrecv | iteration 8 | time: 1479.500000 us
DEVICE | sendrecv.h | send - runrecv | iteration 9 | time: 1480.000000 us
DEVICE | sendrecv.h | send - runrecv | iteration 10 | time: 1477.500000 us
DEVICE | sendrecv.h | send - runrecv | iteration 11 | time: 1473.500000 us
DEVICE | sendrecv.h | send - runrecv | iteration 12 | time: 1471.000000 us
DEVICE | sendrecv.h | send - runrecv | iteration 13 | time: 1469.500000 us
DEVICE | sendrecv.h | send - runrecv | iteration 14 | time: 1468.500000 us
DEVICE | sendrecv.h | send - runrecv | iteration 15 | time: 1471.000000 us
DEVICE | sendrecv.h | send - runrecv | iteration 16 | time: 1470.500000 us
DEVICE | sendrecv.h | send - runrecv | iteration 17 | time: 1465.500000 us
DEVICE | sendrecv.h | send - runrecv | iteration 18 | time: 1466.000000 us
DEVICE | sendrecv.h | send - runrecv | iteration 19 | time: 1463.500000 us
DEVICE | sendrecv.h | send - runrecv | iteration 0 | time: 1462.500000 us
DEVICE | sendrecv.h | send - runrecv | iteration 1 | time: 1464.000000 us
DEVICE | sendrecv.h | send - runrecv | iteration 2 | time: 1460.500000 us
DEVICE | sendrecv.h | send - runrecv | iteration 3 | time: 1454.500000 us
DEVICE | sendrecv.h | send - runrecv | iteration 4 | time: 1454.000000 us
DEVICE | sendrecv.h | send - runrecv | iteration 5 | time: 1452.500000 us
DEVICE | sendrecv.h | send - runrecv | iteration 6 | time: 1453.000000 us
DEVICE | sendrecv.h | send - runrecv | iteration 7 | time: 1453.000000 us
DEVICE | sendrecv.h | send - runrecv | iteration 8 | time: 1479.500000 us
DEVICE | sendrecv.h | send - runrecv | iteration 9 | time: 1480.500000 us
DEVICE | sendrecv.h | send - runrecv | iteration 10 | time: 1477.500000 us
DEVICE | sendrecv.h | send - runrecv | iteration 11 | time: 1473.500000 us
DEVICE | sendrecv.h | send - runrecv | iteration 12 | time: 1472.000000 us
DEVICE | sendrecv.h | send - runrecv | iteration 13 | time: 1470.500000 us
DEVICE | sendrecv.h | send - runrecv | iteration 14 | time: 1469.000000 us
DEVICE | sendrecv.h | send - runrecv | iteration 15 | time: 1471.000000 us
DEVICE | sendrecv.h | send - runrecv | iteration 16 | time: 1471.000000 us
DEVICE | sendrecv.h | send - runrecv | iteration 17 | time: 1465.500000 us
DEVICE | sendrecv.h | send - runrecv | iteration 18 | time: 1466.000000 us
DEVICE | sendrecv.h | send - runrecv | iteration 19 | time: 1465.000000 us
DEVICE | sendrecv.h | send - runrecv | iteration 0 | time: 1462.000000 us
DEVICE | sendrecv.h | send - runrecv | iteration 1 | time: 1464.000000 us
DEVICE | sendrecv.h | send - runrecv | iteration 2 | time: 1462.500000 us
DEVICE | sendrecv.h | send - runrecv | iteration 3 | time: 1455.000000 us
DEVICE | sendrecv.h | send - runrecv | iteration 4 | time: 1454.000000 us
DEVICE | sendrecv.h | send - runrecv | iteration 5 | time: 1452.500000 us
DEVICE | sendrecv.h | send - runrecv | iteration 6 | time: 1453.000000 us
DEVICE | sendrecv.h | send - runrecv | iteration 7 | time: 1453.000000 us
DEVICE | sendrecv.h | send - runrecv | iteration 8 | time: 1479.500000 us
DEVICE | sendrecv.h | send - runrecv | iteration 9 | time: 1480.000000 us
DEVICE | sendrecv.h | send - runrecv | iteration 10 | time: 1477.500000 us
DEVICE | sendrecv.h | send - runrecv | iteration 11 | time: 1472.500000 us
DEVICE | sendrecv.h | send - runrecv | iteration 12 | time: 1470.500000 us
DEVICE | sendrecv.h | send - runrecv | iteration 13 | time: 1469.500000 us
DEVICE | sendrecv.h | send - runrecv | iteration 14 | time: 1468.500000 us
DEVICE | sendrecv.h | send - runrecv | iteration 15 | time: 1469.000000 us
DEVICE | sendrecv.h | send - runrecv | iteration 16 | time: 1470.500000 us
DEVICE | sendrecv.h | send - runrecv | iteration 17 | time: 1465.500000 us
DEVICE | sendrecv.h | send - runrecv | iteration 18 | time: 1465.500000 us
DEVICE | sendrecv.h | send - runrecv | iteration 19 | time: 1463.500000 us
DEVICE | sendrecv.h | send - runrecv | iteration 0 | time: 1462.000000 us
DEVICE | sendrecv.h | send - runrecv | iteration 1 | time: 1464.000000 us
DEVICE | sendrecv.h | send - runrecv | iteration 2 | time: 1461.000000 us
DEVICE | sendrecv.h | send - runrecv | iteration 3 | time: 1453.500000 us
DEVICE | sendrecv.h | send - runrecv | iteration 4 | time: 1454.000000 us
DEVICE | sendrecv.h | send - runrecv | iteration 5 | time: 1453.000000 us
DEVICE | sendrecv.h | send - runrecv | iteration 6 | time: 1453.000000 us
DEVICE | sendrecv.h | send - runrecv | iteration 7 | time: 1452.000000 us
DEVICE | sendrecv.h | send - runrecv | iteration 8 | time: 1479.500000 us
DEVICE | sendrecv.h | send - runrecv | iteration 9 | time: 1480.000000 us
DEVICE | sendrecv.h | send - runrecv | iteration 10 | time: 1477.500000 us
DEVICE | sendrecv.h | send - runrecv | iteration 11 | time: 1472.500000 us
DEVICE | sendrecv.h | send - runrecv | iteration 12 | time: 1472.000000 us
DEVICE | sendrecv.h | send - runrecv | iteration 13 | time: 1471.000000 us
DEVICE | sendrecv.h | send - runrecv | iteration 14 | time: 1469.000000 us
DEVICE | sendrecv.h | send - runrecv | iteration 15 | time: 1471.000000 us
DEVICE | sendrecv.h | send - runrecv | iteration 16 | time: 1470.500000 us
DEVICE | sendrecv.h | send - runrecv | iteration 17 | time: 1465.500000 us
DEVICE | sendrecv.h | send - runrecv | iteration 18 | time: 1466.000000 us
DEVICE | sendrecv.h | send - runrecv | iteration 19 | time: 1463.500000 us
DEVICE | sendrecv.h | send - runrecv | iteration 0 | time: 1462.000000 us
DEVICE | sendrecv.h | send - runrecv | iteration 1 | time: 1464.000000 us
DEVICE | sendrecv.h | send - runrecv | iteration 2 | time: 1461.000000 us
DEVICE | sendrecv.h | send - runrecv | iteration 3 | time: 1453.500000 us
DEVICE | sendrecv.h | send - runrecv | iteration 4 | time: 1454.000000 us
DEVICE | sendrecv.h | send - runrecv | iteration 5 | time: 1453.000000 us
DEVICE | sendrecv.h | send - runrecv | iteration 6 | time: 1453.000000 us
DEVICE | sendrecv.h | send - runrecv | iteration 7 | time: 1453.000000 us
DEVICE | sendrecv.h | send - runrecv | iteration 8 | time: 1479.500000 us
DEVICE | sendrecv.h | send - runrecv | iteration 9 | time: 1480.000000 us
DEVICE | sendrecv.h | send - runrecv | iteration 10 | time: 1477.500000 us
DEVICE | sendrecv.h | send - runrecv | iteration 11 | time: 1473.500000 us
DEVICE | sendrecv.h | send - runrecv | iteration 12 | time: 1470.500000 us
DEVICE | sendrecv.h | send - runrecv | iteration 13 | time: 1471.000000 us
DEVICE | sendrecv.h | send - runrecv | iteration 14 | time: 1468.500000 us
DEVICE | sendrecv.h | send - runrecv | iteration 15 | time: 1471.000000 us
DEVICE | sendrecv.h | send - runrecv | iteration 16 | time: 1470.500000 us
DEVICE | sendrecv.h | send - runrecv | iteration 17 | time: 1465.500000 us
DEVICE | sendrecv.h | send - runrecv | iteration 18 | time: 1466.000000 us
DEVICE | sendrecv.h | send - runrecv | iteration 19 | time: 1463.500000 us
DEVICE | sendrecv.h | send - runrecv | iteration 0 | time: 1462.000000 us
DEVICE | sendrecv.h | send - runrecv | iteration 1 | time: 1464.000000 us
DEVICE | sendrecv.h | send - runrecv | iteration 2 | time: 1460.500000 us
DEVICE | sendrecv.h | send - runrecv | iteration 3 | time: 1453.500000 us
DEVICE | sendrecv.h | send - runrecv | iteration 4 | time: 1454.000000 us
DEVICE | sendrecv.h | send - runrecv | iteration 5 | time: 1453.000000 us
DEVICE | sendrecv.h | send - runrecv | iteration 6 | time: 1453.000000 us
DEVICE | sendrecv.h | send - runrecv | iteration 7 | time: 1453.000000 us
DEVICE | sendrecv.h | send - runrecv | iteration 8 | time: 1479.500000 us
DEVICE | sendrecv.h | send - runrecv | iteration 9 | time: 1480.500000 us
DEVICE | sendrecv.h | send - runrecv | iteration 10 | time: 1477.500000 us
DEVICE | sendrecv.h | send - runrecv | iteration 11 | time: 1472.500000 us
DEVICE | sendrecv.h | send - runrecv | iteration 12 | time: 1472.000000 us
DEVICE | sendrecv.h | send - runrecv | iteration 13 | time: 1469.500000 us
DEVICE | sendrecv.h | send - runrecv | iteration 14 | time: 1469.000000 us
DEVICE | sendrecv.h | send - runrecv | iteration 15 | time: 1469.000000 us
DEVICE | sendrecv.h | send - runrecv | iteration 16 | time: 1470.500000 us
DEVICE | sendrecv.h | send - runrecv | iteration 17 | time: 1465.500000 us
DEVICE | sendrecv.h | send - runrecv | iteration 18 | time: 1465.500000 us
DEVICE | sendrecv.h | send - runrecv | iteration 19 | time: 1465.000000 us
DEVICE | sendrecv.h | send - runrecv | iteration 0 | time: 1462.000000 us
DEVICE | sendrecv.h | send - runrecv | iteration 1 | time: 1464.000000 us
DEVICE | sendrecv.h | send - runrecv | iteration 2 | time: 1461.000000 us
DEVICE | sendrecv.h | send - runrecv | iteration 3 | time: 1454.500000 us
DEVICE | sendrecv.h | send - runrecv | iteration 4 | time: 1454.000000 us
DEVICE | sendrecv.h | send - runrecv | iteration 5 | time: 1453.000000 us
DEVICE | sendrecv.h | send - runrecv | iteration 6 | time: 1453.000000 us
DEVICE | sendrecv.h | send - runrecv | iteration 7 | time: 1453.000000 us
DEVICE | sendrecv.h | send - runrecv | iteration 8 | time: 1484.000000 us
DEVICE | sendrecv.h | send - runrecv | iteration 9 | time: 1485.000000 us
DEVICE | sendrecv.h | send - runrecv | iteration 10 | time: 1482.500000 us
DEVICE | sendrecv.h | send - runrecv | iteration 11 | time: 1478.000000 us
DEVICE | sendrecv.h | send - runrecv | iteration 12 | time: 1477.000000 us
DEVICE | sendrecv.h | send - runrecv | iteration 13 | time: 1475.000000 us
DEVICE | sendrecv.h | send - runrecv | iteration 14 | time: 1475.000000 us
DEVICE | sendrecv.h | send - runrecv | iteration 15 | time: 1475.500000 us
DEVICE | sendrecv.h | send - runrecv | iteration 16 | time: 1477.000000 us
DEVICE | sendrecv.h | send - runrecv | iteration 17 | time: 1469.500000 us
DEVICE | sendrecv.h | send - runrecv | iteration 18 | time: 1470.500000 us
DEVICE | sendrecv.h | send - runrecv | iteration 19 | time: 1468.500000 us
DEVICE | sendrecv.h | send - runrecv | iteration 0 | time: 1469.500000 us
DEVICE | sendrecv.h | send - runrecv | iteration 1 | time: 1469.000000 us
DEVICE | sendrecv.h | send - runrecv | iteration 2 | time: 1466.500000 us
DEVICE | sendrecv.h | send - runrecv | iteration 3 | time: 1459.000000 us
DEVICE | sendrecv.h | send - runrecv | iteration 4 | time: 1459.500000 us
DEVICE | sendrecv.h | send - runrecv | iteration 5 | time: 1456.500000 us
DEVICE | sendrecv.h | send - runrecv | iteration 6 | time: 1457.500000 us
DEVICE | sendrecv.h | send - runrecv | iteration 7 | time: 1458.500000 us
DEVICE | sendrecv.h | send - runrecv | iteration 8 | time: -5434767.500000 us
DEVICE | sendrecv.h | send - runrecv | iteration 9 | time: -5434779.500000 us
DEVICE | sendrecv.h | send - runrecv | iteration 10 | time: -4823412.000000 us
DEVICE | sendrecv.h | send - runrecv | iteration 11 | time: -966850710344813525336064.000000 us
DEVICE | sendrecv.h | send - runrecv | iteration 12 | time: -75139943693106689557458628617347006464.000000 us
DEVICE | sendrecv.h | send - runrecv | iteration 13 | time: -5434834.000000 us
DEVICE | sendrecv.h | send - runrecv | iteration 14 | time: -5434876.000000 us
DEVICE | sendrecv.h | send - runrecv | iteration 15 | time: 49183789540280631296.000000 us
DEVICE | sendrecv.h | send - runrecv | iteration 16 | time: 3894587526727700087233898763780096.000000 us
DEVICE | sendrecv.h | send - runrecv | iteration 17 | time: -5434886.000000 us
DEVICE | sendrecv.h | send - runrecv | iteration 18 | time: -5434898.000000 us
DEVICE | sendrecv.h | send - runrecv | iteration 19 | time: -2402080987807744.000000 us
DEVICE | sendrecv.h | send - runrecv | iteration 0 | time: -195495413179347615320316575744.000000 us
DEVICE | sendrecv.h | send - runrecv | iteration 1 | time: -5434934.000000 us
DEVICE | sendrecv.h | send - runrecv | iteration 2 | time: -5434946.000000 us
DEVICE | sendrecv.h | send - runrecv | iteration 3 | time: 123713486848.000000 us
DEVICE | sendrecv.h | send - runrecv | iteration 4 | time: 9513561803103566888435712.000000 us
DEVICE | sendrecv.h | send - runrecv | iteration 5 | time: -5434990.500000 us
DEVICE | sendrecv.h | send - runrecv | iteration 6 | time: -5435003.000000 us
DEVICE | sendrecv.h | send - runrecv | iteration 7 | time: -11868892.000000 us
DEVICE | sendrecv.h | send - runrecv | iteration 8 | time: -502036974058149511168.000000 us
DEVICE | sendrecv.h | send - runrecv | iteration 9 | time: -5434779.500000 us
DEVICE | sendrecv.h | send - runrecv | iteration 10 | time: -5434794.000000 us
DEVICE | sendrecv.h | send - runrecv | iteration 11 | time: -5434484.000000 us
DEVICE | sendrecv.h | send - runrecv | iteration 12 | time: -5434821.500000 us
DEVICE | sendrecv.h | send - runrecv | iteration 13 | time: -5453943.000000 us
DEVICE | sendrecv.h | send - runrecv | iteration 14 | time: -577548224760056813486866432.000000 us
DEVICE | sendrecv.h | send - runrecv | iteration 15 | time: -5434857.000000 us
DEVICE | sendrecv.h | send - runrecv | iteration 16 | time: -5434868.500000 us
DEVICE | sendrecv.h | send - runrecv | iteration 17 | time: -5434885.000000 us
DEVICE | sendrecv.h | send - runrecv | iteration 18 | time: 30218761686488446926848.000000 us
DEVICE | sendrecv.h | send - runrecv | iteration 19 | time: -5434910.000000 us
DEVICE | sendrecv.h | send - runrecv | iteration 0 | time: -5434922.000000 us
DEVICE | sendrecv.h | send - runrecv | iteration 1 | time: -5434934.000000 us
DEVICE | sendrecv.h | send - runrecv | iteration 2 | time: -1537278883840131072.000000 us
DEVICE | sendrecv.h | send - runrecv | iteration 3 | time: 2348452354196668302728945725861789696.000000 us
DEVICE | sendrecv.h | send - runrecv | iteration 4 | time: -5434976.500000 us
DEVICE | sendrecv.h | send - runrecv | iteration 5 | time: -5434990.500000 us
DEVICE | sendrecv.h | send - runrecv | iteration 6 | time: 75082445619200.000000 us
DEVICE | sendrecv.h | send - runrecv | iteration 7 | time: -121725947721659344404426254188544.000000 us
DEVICE | sendrecv.h | send - runrecv | iteration 8 | time: -5434767.500000 us
DEVICE | sendrecv.h | send - runrecv | iteration 9 | time: -5434779.500000 us
DEVICE | sendrecv.h | send - runrecv | iteration 10 | time: -3872182784.000000 us
DEVICE | sendrecv.h | send - runrecv | iteration 11 | time: 6110457706252728010398498816.000000 us
DEVICE | sendrecv.h | send - runrecv | iteration 12 | time: -5434821.500000 us
DEVICE | sendrecv.h | send - runrecv | iteration 13 | time: -5434833.500000 us
DEVICE | sendrecv.h | send - runrecv | iteration 14 | time: -5233754.500000 us
DEVICE | sendrecv.h | send - runrecv | iteration 15 | time: -297336222252690659344384.000000 us
DEVICE | sendrecv.h | send - runrecv | iteration 16 | time: -24130639348475310526200020147233619968.000000 us
DEVICE | sendrecv.h | send - runrecv | iteration 17 | time: -5434886.000000 us
DEVICE | sendrecv.h | send - runrecv | iteration 18 | time: -5434908.000000 us
DEVICE | sendrecv.h | send - runrecv | iteration 19 | time: 15690939124968062976.000000 us
DEVICE | sendrecv.h | send - runrecv | iteration 0 | time: 1212548109540830652726798018674688.000000 us
DEVICE | sendrecv.h | send - runrecv | iteration 1 | time: -5434934.000000 us
DEVICE | sendrecv.h | send - runrecv | iteration 2 | time: -5434946.000000 us
DEVICE | sendrecv.h | send - runrecv | iteration 3 | time: -807734031155200.000000 us
DEVICE | sendrecv.h | send - runrecv | iteration 4 | time: -638469734228863390482422742600646656.000000 us
DEVICE | sendrecv.h | send - runrecv | iteration 5 | time: -5434990.500000 us
DEVICE | sendrecv.h | send - runrecv | iteration 6 | time: -5435003.500000 us
DEVICE | sendrecv.h | send - runrecv | iteration 7 | time: 428864544773767168.000000 us
DEVICE | sendrecv.h | send - runrecv | iteration 8 | time: 33566047823950988127485122576384.000000 us
DEVICE | sendrecv.h | send - runrecv | iteration 9 | time: -5434779.500000 us
DEVICE | sendrecv.h | send - runrecv | iteration 10 | time: -5434794.000000 us
DEVICE | sendrecv.h | send - runrecv | iteration 11 | time: -21489420075008.000000 us
DEVICE | sendrecv.h | send - runrecv | iteration 12 | time: -1718932840475300656553394176.000000 us
DEVICE | sendrecv.h | send - runrecv | iteration 13 | time: -5434834.000000 us
DEVICE | sendrecv.h | send - runrecv | iteration 14 | time: -5434845.500000 us
DEVICE | sendrecv.h | send - runrecv | iteration 15 | time: 1044223232.000000 us
DEVICE | sendrecv.h | send - runrecv | iteration 16 | time: 84787396687059342065664.000000 us
DEVICE | sendrecv.h | send - runrecv | iteration 17 | time: -5434886.000000 us
DEVICE | sendrecv.h | send - runrecv | iteration 18 | time: -5434898.000000 us
DEVICE | sendrecv.h | send - runrecv | iteration 19 | time: -5490247.000000 us
DEVICE | sendrecv.h | send - runrecv | iteration 0 | time: -4279093096873984000.000000 us
DEVICE | sendrecv.h | send - runrecv | iteration 1 | time: 6854366167993968668352986014971592704.000000 us
DEVICE | sendrecv.h | send - runrecv | iteration 2 | time: -5434946.500000 us
DEVICE | sendrecv.h | send - runrecv | iteration 3 | time: -5434962.500000 us
DEVICE | sendrecv.h | send - runrecv | iteration 4 | time: 223683910041600.000000 us
DEVICE | sendrecv.h | send - runrecv | iteration 5 | time: -331908475408567032002299933229056.000000 us
DEVICE | sendrecv.h | send - runrecv | iteration 6 | time: -5435003.000000 us
DEVICE | sendrecv.h | send - runrecv | iteration 7 | time: -5435013.000000 us
DEVICE | sendrecv.h | send - runrecv | iteration 8 | time: -11369735168.000000 us
DEVICE | sendrecv.h | send - runrecv | iteration 9 | time: 17394354077677464723426115584.000000 us
DEVICE | sendrecv.h | send - runrecv | iteration 10 | time: -5434794.000000 us
DEVICE | sendrecv.h | send - runrecv | iteration 11 | time: -5434808.500000 us
DEVICE | sendrecv.h | send - runrecv | iteration 12 | time: -4880865.000000 us
DEVICE | sendrecv.h | send - runrecv | iteration 13 | time: -900643616482013034315776.000000 us
DEVICE | sendrecv.h | send - runrecv | iteration 14 | time: -5434845.500000 us
DEVICE | sendrecv.h | send - runrecv | iteration 15 | time: -5434857.000000 us
DEVICE | sendrecv.h | send - runrecv | iteration 16 | time: -5434868.500000 us
DEVICE | sendrecv.h | send - runrecv | iteration 17 | time: -5434886.000000 us
DEVICE | sendrecv.h | send - runrecv | iteration 18 | time: 580303614161977344.000000 us
DEVICE | sendrecv.h | send - runrecv | iteration 19 | time: -957089671959940623067401822530437120.000000 us
DEVICE | sendrecv.h | send - runrecv | iteration 0 | time: -5434922.000000 us
DEVICE | sendrecv.h | send - runrecv | iteration 1 | time: -5434934.000000 us
DEVICE | sendrecv.h | send - runrecv | iteration 2 | time: -30615252500480.000000 us
DEVICE | sendrecv.h | send - runrecv | iteration 3 | time: 47610013342128895328612599726080.000000 us
DEVICE | sendrecv.h | send - runrecv | iteration 4 | time: -5434976.500000 us
DEVICE | sendrecv.h | send - runrecv | iteration 5 | time: -5434991.000000 us
DEVICE | sendrecv.h | send - runrecv | iteration 6 | time: 1577136128.000000 us
DEVICE | sendrecv.h | send - runrecv | iteration 7 | time: -2361106207831570795760451584.000000 us
DEVICE | sendrecv.h | send - runrecv | iteration 8 | time: -5434767.500000 us
DEVICE | sendrecv.h | send - runrecv | iteration 9 | time: -5434779.500000 us
DEVICE | sendrecv.h | send - runrecv | iteration 10 | time: -5513928.500000 us
DEVICE | sendrecv.h | send - runrecv | iteration 11 | time: 123982548503237939429376.000000 us
DEVICE | sendrecv.h | send - runrecv | iteration 12 | time: 9612480412976643010903365703077724160.000000 us
DEVICE | sendrecv.h | send - runrecv | iteration 13 | time: -5434833.500000 us
DEVICE | sendrecv.h | send - runrecv | iteration 14 | time: -5434841.500000 us
DEVICE | sendrecv.h | send - runrecv | iteration 15 | time: -6338782390663512064.000000 us
DEVICE | sendrecv.h | send - runrecv | iteration 16 | time: -500250409306435339042728380989440.000000 us
DEVICE | sendrecv.h | send - runrecv | iteration 17 | time: -5434886.000000 us
DEVICE | sendrecv.h | send - runrecv | iteration 18 | time: -5434898.000000 us
DEVICE | sendrecv.h | send - runrecv | iteration 19 | time: 311906162180096.000000 us
