	linux-vdso.so.1 (0x00007ffece3c8000)
	libcudart.so.11.0 => /home/liuyao/software/cuda-11.6/lib64/libcudart.so.11.0 (0x000014df35faa000)
	librt.so.1 => /lib64/librt.so.1 (0x000014df35da2000)
	libpthread.so.0 => /lib64/libpthread.so.0 (0x000014df35b82000)
	libdl.so.2 => /lib64/libdl.so.2 (0x000014df3597e000)
	libstdc++.so.6 => /lib64/libstdc++.so.6 (0x000014df355e9000)
	libm.so.6 => /lib64/libm.so.6 (0x000014df35267000)
	libgcc_s.so.1 => /lib64/libgcc_s.so.1 (0x000014df3504f000)
	libc.so.6 => /lib64/libc.so.6 (0x000014df34c8a000)
	/lib64/ld-linux-x86-64.so.2 (0x000014df36451000)
UCX_NET_DEVICES=mlx5_0:1 mpirun -n 2 /home/liuyao/software/Netgauge_gdr/netgauge D D -m mpi -x loggp -o ng_logGP_internode
node01.cluster
node02.cluster
# Info:   (0): Netgauge v2.4.6 MPI enabled (P=2, threadlevel=0) (/home/liuyao/software/Netgauge_gdr/netgauge -m mpi -x loggp -o ng_logGP_internode D D )
# initializing x86-64 timer (takes some seconds)
# Info:   (0): Warming module mpi up ... this may take a while
Testing 1 bytes 100 times:
 L=664.726964  s=1  o_s=26.080616  o_r=9.146321  g=-nan  G=-nan (-nan GiB/s) lsqu(g,G)=-nan 
Testing 1025 bytes 100 times:
 L=664.726964  s=1025  o_s=35.578894  o_r=9.388658  g=5.803070  G=0.002608 (2.995226 GiB/s) lsqu(g,G)=-nan 
Testing 2049 bytes 100 times:
 L=664.726964  s=2049  o_s=43.414795  o_r=9.592239  g=5.945368  G=0.002193 (3.563042 GiB/s) lsqu(g,G)=0.347538 
Testing 3073 bytes 100 times:
 L=664.726964  s=3073  o_s=59.965060  o_r=9.773991  g=6.302867  G=0.001670 (4.678888 GiB/s) lsqu(g,G)=0.733663 
Testing 4097 bytes 100 times:
 L=664.726964  s=4097  o_s=51.628675  o_r=9.970556  g=6.919529  G=0.001068 (7.314303 GiB/s) lsqu(g,G)=1.274340 
Testing 5121 bytes 100 times:
 L=664.726964  s=5121  o_s=36.767292  o_r=8.499050  g=7.260279  G=0.000819 (9.542308 GiB/s) lsqu(g,G)=1.264274 
Testing 6145 bytes 100 times:
 L=664.726964  s=6145  o_s=50.714240  o_r=10.418478  g=7.817494  G=0.000492 (15.865510 GiB/s) lsqu(g,G)=1.523394 
Testing 7169 bytes 100 times:
we detected a protocol change at 3073 bytes:
 L=664.726964  s=7169  o_s=46.894126  o_r=10.614708  g=5.945368  G=0.002193 (3.563042 GiB/s) lsqu(g,G)=0.347538 
 L=664.726964  s=7169  o_s=46.894126  o_r=10.614708  g=9.501985  G=0.000124 (63.029305 GiB/s) lsqu(g,G)=0.931843 
Testing 8193 bytes 100 times:
 L=664.726964  s=8193  o_s=31.526913  o_r=11.302963  g=6.913865  G=0.000629 (12.413724 GiB/s) lsqu(g,G)=1.213117 
Testing 9217 bytes 100 times:
 L=664.726964  s=9217  o_s=31.812013  o_r=20.121305  g=-0.731289  G=0.002029 (3.850501 GiB/s) lsqu(g,G)=3.617435 
Testing 10241 bytes 100 times:
 L=664.726964  s=10241  o_s=31.985523  o_r=20.284014  g=0.145135  G=0.001878 (4.160133 GiB/s) lsqu(g,G)=3.269840 
Testing 11265 bytes 100 times:
 L=664.726964  s=11265  o_s=50.430477  o_r=20.477015  g=0.130098  G=0.001880 (4.154719 GiB/s) lsqu(g,G)=2.984956 
Testing 12289 bytes 100 times:
 L=664.726964  s=12289  o_s=52.345545  o_r=20.647408  g=1.330198  G=0.001695 (4.608133 GiB/s) lsqu(g,G)=2.890505 
Testing 13313 bytes 100 times:
we detected a protocol change at 9217 bytes:
 L=664.726964  s=13313  o_s=60.583147  o_r=20.862125  g=6.913865  G=0.000629 (12.413724 GiB/s) lsqu(g,G)=1.213117 
 L=664.726964  s=13313  o_s=60.583147  o_r=20.862125  g=14.751669  G=0.000463 (16.866518 GiB/s) lsqu(g,G)=1.188707 
Testing 14337 bytes 100 times:
 L=664.726964  s=14337  o_s=45.029840  o_r=21.110030  g=13.503734  G=0.000574 (13.611206 GiB/s) lsqu(g,G)=0.992427 
Testing 15361 bytes 100 times:
 L=664.726964  s=15361  o_s=32.854743  o_r=21.300358  g=20.672774  G=-0.000044 (-178.743597 GiB/s) lsqu(g,G)=1.752827 
Testing 16385 bytes 100 times:
 L=664.726964  s=16385  o_s=28.073419  o_r=21.611075  g=18.052328  G=0.000176 (44.485468 GiB/s) lsqu(g,G)=1.711346 
Testing 17409 bytes 100 times:
 L=664.726964  s=17409  o_s=37.808686  o_r=30.687568  g=10.952480  G=0.000753 (10.370218 GiB/s) lsqu(g,G)=2.709346 
Testing 18433 bytes 100 times:
 L=664.726964  s=18433  o_s=58.568739  o_r=30.996726  g=6.732348  G=0.001087 (7.184001 GiB/s) lsqu(g,G)=2.938227 
Testing 19457 bytes 100 times:
 L=664.726964  s=19457  o_s=52.233510  o_r=30.975232  g=4.989501  G=0.001222 (6.394024 GiB/s) lsqu(g,G)=2.841580 
Testing 20481 bytes 100 times:
 L=664.726964  s=20481  o_s=44.167748  o_r=31.168790  g=4.684187  G=0.001245 (6.276222 GiB/s) lsqu(g,G)=2.682839 
Testing 21505 bytes 100 times:
 L=664.726964  s=21505  o_s=106.250008  o_r=25.818336  g=4.377103  G=0.001267 (6.164839 GiB/s) lsqu(g,G)=2.550126 
Testing 22529 bytes 100 times:
 L=664.726964  s=22529  o_s=32.371855  o_r=31.706809  g=6.918324  G=0.001086 (7.195849 GiB/s) lsqu(g,G)=2.830050 
Testing 23553 bytes 100 times:
 L=664.726964  s=23553  o_s=30.543430  o_r=7.239923  g=18.103712  G=0.000306 (25.571238 GiB/s) lsqu(g,G)=7.466042 
Testing 24577 bytes 100 times:
 L=664.726964  s=24577  o_s=37.749550  o_r=7.308749  g=24.494950  G=-0.000130 (-60.142029 GiB/s) lsqu(g,G)=8.367116 
Testing 25601 bytes 100 times:
 L=664.726964  s=25601  o_s=39.761174  o_r=7.383365  g=28.902653  G=-0.000423 (-18.453434 GiB/s) lsqu(g,G)=8.674237 
Testing 26625 bytes 100 times:
 L=664.726964  s=26625  o_s=41.175202  o_r=7.429138  g=31.691591  G=-0.000605 (-12.914875 GiB/s) lsqu(g,G)=8.656044 
Testing 27649 bytes 100 times:
we detected a protocol change at 23553 bytes:
 L=664.726964  s=27649  o_s=44.591611  o_r=7.493842  g=6.918324  G=0.001086 (7.195849 GiB/s) lsqu(g,G)=2.830050 
 L=664.726964  s=27649  o_s=44.591611  o_r=7.493842  g=9.222022  G=-0.000058 (-135.205154 GiB/s) lsqu(g,G)=0.397181 
Testing 28673 bytes 100 times:
 L=664.726964  s=28673  o_s=42.638677  o_r=7.591846  g=8.884845  G=-0.000045 (-175.120669 GiB/s) lsqu(g,G)=0.325231 
Testing 29697 bytes 100 times:
 L=664.726964  s=29697  o_s=45.774775  o_r=7.665015  g=9.806882  G=-0.000080 (-97.468790 GiB/s) lsqu(g,G)=0.295056 
Testing 30721 bytes 100 times:
 L=664.726964  s=30721  o_s=35.747058  o_r=7.721033  g=1.830763  G=0.000223 (34.985145 GiB/s) lsqu(g,G)=0.985344 
Testing 31745 bytes 100 times:
 L=664.726964  s=31745  o_s=33.651575  o_r=7.862025  g=3.721349  G=0.000152 (51.296398 GiB/s) lsqu(g,G)=0.939736 
Testing 32769 bytes 100 times:
 L=664.726964  s=32769  o_s=46.968742  o_r=7.638064  g=9.665443  G=-0.000068 (-114.678318 GiB/s) lsqu(g,G)=1.332632 
Testing 33793 bytes 100 times:
 L=664.726964  s=33793  o_s=35.250250  o_r=8.006581  g=10.065768  G=-0.000083 (-94.370823 GiB/s) lsqu(g,G)=1.249046 
Testing 34817 bytes 100 times:
we detected a protocol change at 30721 bytes:
 L=664.726964  s=34817  o_s=39.732219  o_r=8.042775  g=9.806882  G=-0.000080 (-97.468790 GiB/s) lsqu(g,G)=0.295056 
 L=664.726964  s=34817  o_s=39.732219  o_r=8.042775  g=2.088094  G=0.000151 (51.783808 GiB/s) lsqu(g,G)=1.531150 
Testing 35841 bytes 100 times:
 L=664.726964  s=35841  o_s=46.465362  o_r=8.126079  g=-5.500781  G=0.000382 (20.427259 GiB/s) lsqu(g,G)=1.323029 
Testing 36865 bytes 100 times:
 L=664.726964  s=36865  o_s=42.691354  o_r=8.207489  g=-7.146017  G=0.000432 (18.078459 GiB/s) lsqu(g,G)=1.152349 
Testing 37889 bytes 100 times:
 L=664.726964  s=37889  o_s=41.200705  o_r=8.275312  g=-4.760254  G=0.000361 (21.651804 GiB/s) lsqu(g,G)=1.054564 
Testing 38913 bytes 100 times:
 L=664.726964  s=38913  o_s=43.535628  o_r=8.315182  g=-1.614701  G=0.000268 (29.179270 GiB/s) lsqu(g,G)=1.026620 
Testing 39937 bytes 100 times:
 L=664.726964  s=39937  o_s=32.839931  o_r=8.466531  g=-1.300637  G=0.000259 (30.217689 GiB/s) lsqu(g,G)=0.951399 
Testing 40961 bytes 100 times:
 L=664.726964  s=40961  o_s=32.651276  o_r=8.544600  g=2.072010  G=0.000161 (48.611273 GiB/s) lsqu(g,G)=1.033430 
Testing 41985 bytes 100 times:
 L=664.726964  s=41985  o_s=39.168367  o_r=8.580794  g=2.936511  G=0.000136 (57.493941 GiB/s) lsqu(g,G)=0.986416 
Testing 43009 bytes 100 times:
 L=664.726964  s=43009  o_s=41.931162  o_r=8.609639  g=3.406389  G=0.000123 (63.765489 GiB/s) lsqu(g,G)=0.940555 
Testing 44033 bytes 100 times:
 L=664.726964  s=44033  o_s=42.076608  o_r=8.674455  g=3.560582  G=0.000118 (66.109155 GiB/s) lsqu(g,G)=0.897452 
Testing 45057 bytes 100 times:
 L=664.726964  s=45057  o_s=41.310291  o_r=8.775800  g=3.913094  G=0.000108 (72.110738 GiB/s) lsqu(g,G)=0.863710 
Testing 46081 bytes 100 times:
 L=664.726964  s=46081  o_s=41.463866  o_r=8.843846  g=3.472315  G=0.000121 (64.821924 GiB/s) lsqu(g,G)=0.838531 
Testing 47105 bytes 100 times:
 L=664.726964  s=47105  o_s=35.526217  o_r=8.929488  g=2.352018  G=0.000151 (51.671459 GiB/s) lsqu(g,G)=0.874482 
Testing 48129 bytes 100 times:
 L=664.726964  s=48129  o_s=33.049858  o_r=9.036178  g=2.399267  G=0.000150 (52.113221 GiB/s) lsqu(g,G)=0.844969 
Testing 49153 bytes 100 times:
 L=664.726964  s=49153  o_s=39.621074  o_r=9.131732  g=4.100253  G=0.000104 (74.978649 GiB/s) lsqu(g,G)=1.011582 
Testing 50177 bytes 100 times:
 L=664.726964  s=50177  o_s=45.876008  o_r=9.167815  g=3.669778  G=0.000116 (67.546482 GiB/s) lsqu(g,G)=0.994631 
Testing 51201 bytes 100 times:
 L=664.726964  s=51201  o_s=45.583112  o_r=9.210135  g=4.069029  G=0.000105 (74.317196 GiB/s) lsqu(g,G)=0.979866 
Testing 52225 bytes 100 times:
 L=664.726964  s=52225  o_s=41.354281  o_r=9.268380  g=4.756001  G=0.000087 (89.639746 GiB/s) lsqu(g,G)=0.998252 
Testing 53249 bytes 100 times:
 L=664.726964  s=53249  o_s=45.952628  o_r=9.398681  g=5.021057  G=0.000080 (97.312446 GiB/s) lsqu(g,G)=0.980458 
Testing 54273 bytes 100 times:
 L=664.726964  s=54273  o_s=37.956916  o_r=9.464054  g=4.726704  G=0.000088 (88.933012 GiB/s) lsqu(g,G)=0.967347 
Testing 55297 bytes 100 times:
 L=664.726964  s=55297  o_s=48.718542  o_r=9.570745  g=5.100691  G=0.000078 (99.751343 GiB/s) lsqu(g,G)=0.964215 
Testing 56321 bytes 100 times:
 L=664.726964  s=56321  o_s=38.129423  o_r=9.614624  g=6.604049  G=0.000040 (193.608731 GiB/s) lsqu(g,G)=1.242700 
Testing 57345 bytes 100 times:
 L=664.726964  s=57345  o_s=39.435425  o_r=9.694252  g=7.129411  G=0.000027 (287.253536 GiB/s) lsqu(g,G)=1.252365 
Testing 58369 bytes 100 times:
 L=664.726964  s=58369  o_s=43.492863  o_r=9.769425  g=7.659515  G=0.000014 (556.595798 GiB/s) lsqu(g,G)=1.266826 
Testing 59393 bytes 100 times:
 L=664.726964  s=59393  o_s=44.387698  o_r=9.819652  g=7.713337  G=0.000013 (614.615570 GiB/s) lsqu(g,G)=1.242676 
Testing 60417 bytes 100 times:
 L=664.726964  s=60417  o_s=39.669296  o_r=9.867206  g=7.708462  G=0.000013 (608.914372 GiB/s) lsqu(g,G)=1.219451 
Testing 61441 bytes 100 times:
 L=664.726964  s=61441  o_s=33.667055  o_r=10.020671  g=7.623814  G=0.000015 (525.044505 GiB/s) lsqu(g,G)=1.198854 
Testing 62465 bytes 100 times:
 L=664.726964  s=62465  o_s=33.470492  o_r=10.082926  g=7.637470  G=0.000015 (536.876423 GiB/s) lsqu(g,G)=1.178042 
Testing 63489 bytes 100 times:
 L=664.726964  s=63489  o_s=42.701154  o_r=10.094843  g=7.615106  G=0.000015 (517.918362 GiB/s) lsqu(g,G)=1.158359 
Testing 64513 bytes 100 times:
 L=664.726964  s=64513  o_s=44.126987  o_r=10.178925  g=7.646358  G=0.000014 (544.574417 GiB/s) lsqu(g,G)=1.139772 
Testing 65537 bytes 100 times:
 L=664.726964  s=65537  o_s=40.837649  o_r=10.269579  g=7.323746  G=0.000022 (356.619218 GiB/s) lsqu(g,G)=1.150598 
Testing 66561 bytes 100 times:
 L=664.726964  s=66561  o_s=44.055378  o_r=10.346312  g=7.216574  G=0.000024 (320.198024 GiB/s) lsqu(g,G)=1.136445 
Testing 67585 bytes 100 times:
 L=664.726964  s=67585  o_s=36.842354  o_r=10.430728  g=6.905955  G=0.000032 (247.510743 GiB/s) lsqu(g,G)=1.150321 
Testing 68609 bytes 100 times:
 L=664.726964  s=68609  o_s=25.697402  o_r=10.526950  g=8.420856  G=-0.000003 (-2513.462580 GiB/s) lsqu(g,G)=1.748660 
Testing 69633 bytes 100 times:
 L=664.726964  s=69633  o_s=36.044743  o_r=10.606244  g=8.292390  G=-0.000000 (-40951.623756 GiB/s) lsqu(g,G)=1.728140 
Testing 70657 bytes 100 times:
 L=664.726964  s=70657  o_s=42.724319  o_r=10.636648  g=8.205706  G=0.000002 (4432.123771 GiB/s) lsqu(g,G)=1.706558 
Testing 71681 bytes 100 times:
 L=664.726964  s=71681  o_s=99.747839  o_r=10.678077  g=8.082251  G=0.000005 (1727.051759 GiB/s) lsqu(g,G)=1.688165 
Testing 72705 bytes 100 times:
 L=664.726964  s=72705  o_s=40.633847  o_r=10.768285  g=7.943272  G=0.000008 (1026.863924 GiB/s) lsqu(g,G)=1.672099 
Testing 73729 bytes 100 times:
 L=664.726964  s=73729  o_s=36.758717  o_r=10.882771  g=7.171563  G=0.000025 (317.494433 GiB/s) lsqu(g,G)=1.830086 
Testing 74753 bytes 100 times:
 L=664.726964  s=74753  o_s=34.091475  o_r=11.016079  g=6.957499  G=0.000029 (266.758513 GiB/s) lsqu(g,G)=1.821599 
Testing 75777 bytes 100 times:
 L=664.726964  s=75777  o_s=39.043302  o_r=11.019754  g=7.088090  G=0.000026 (295.336942 GiB/s) lsqu(g,G)=1.805307 
Testing 76801 bytes 100 times:
 L=664.726964  s=76801  o_s=45.788919  o_r=11.058955  g=7.033777  G=0.000028 (282.827803 GiB/s) lsqu(g,G)=1.785209 
Testing 77825 bytes 100 times:
 L=664.726964  s=77825  o_s=44.896311  o_r=11.165535  g=7.008212  G=0.000028 (277.338945 GiB/s) lsqu(g,G)=1.765046 
Testing 78849 bytes 100 times:
 L=664.726964  s=78849  o_s=45.742590  o_r=11.237701  g=6.937951  G=0.000030 (263.392206 GiB/s) lsqu(g,G)=1.747250 
Testing 79873 bytes 100 times:
 L=664.726964  s=79873  o_s=42.574419  o_r=11.312875  g=6.528394  G=0.000038 (204.018528 GiB/s) lsqu(g,G)=1.796226 
Testing 80897 bytes 100 times:
 L=664.726964  s=80897  o_s=38.589370  o_r=11.422461  g=6.330087  G=0.000042 (184.071101 GiB/s) lsqu(g,G)=1.793535 
Testing 81921 bytes 100 times:
 L=664.726964  s=81921  o_s=39.260022  o_r=11.511110  g=6.342176  G=0.000042 (185.166905 GiB/s) lsqu(g,G)=1.774818 
Testing 82945 bytes 100 times:
 L=664.726964  s=82945  o_s=44.731265  o_r=11.547304  g=6.211131  G=0.000045 (174.016116 GiB/s) lsqu(g,G)=1.764632 
Testing 83969 bytes 100 times:
 L=664.726964  s=83969  o_s=44.116630  o_r=11.595749  g=6.185867  G=0.000045 (172.032804 GiB/s) lsqu(g,G)=1.747210 
Testing 84993 bytes 100 times:
 L=664.726964  s=84993  o_s=55.210019  o_r=11.673596  g=6.063318  G=0.000048 (163.079568 GiB/s) lsqu(g,G)=1.737766 
Testing 86017 bytes 100 times:
 L=664.726964  s=86017  o_s=35.423982  o_r=11.820713  g=5.805168  G=0.000053 (147.067612 GiB/s) lsqu(g,G)=1.756840 
Testing 87041 bytes 100 times:
 L=664.726964  s=87041  o_s=34.079893  o_r=11.896777  g=5.504388  G=0.000059 (132.063265 GiB/s) lsqu(g,G)=1.790172 
Testing 88065 bytes 100 times:
 L=664.726964  s=88065  o_s=43.516807  o_r=11.881520  g=5.398795  G=0.000061 (127.526743 GiB/s) lsqu(g,G)=1.779892 
Testing 89089 bytes 100 times:
 L=664.726964  s=89089  o_s=41.168632  o_r=11.948786  g=5.296641  G=0.000063 (123.451845 GiB/s) lsqu(g,G)=1.769877 
Testing 90113 bytes 100 times:
 L=664.726964  s=90113  o_s=46.941568  o_r=12.077861  g=5.170371  G=0.000066 (118.791507 GiB/s) lsqu(g,G)=1.763958 
Testing 91137 bytes 100 times:
 L=664.726964  s=91137  o_s=40.660018  o_r=12.144237  g=4.938169  G=0.000070 (111.128324 GiB/s) lsqu(g,G)=1.783244 
Testing 92161 bytes 100 times:
 L=664.726964  s=92161  o_s=37.014416  o_r=12.258500  g=4.815718  G=0.000073 (107.495681 GiB/s) lsqu(g,G)=1.777816 
Testing 93185 bytes 100 times:
 L=664.726964  s=93185  o_s=39.983352  o_r=12.281554  g=4.917293  G=0.000071 (110.471499 GiB/s) lsqu(g,G)=1.769857 
Testing 94209 bytes 100 times:
 L=664.726964  s=94209  o_s=43.833758  o_r=12.352272  g=4.836989  G=0.000072 (108.120638 GiB/s) lsqu(g,G)=1.759715 
Testing 95233 bytes 100 times:
 L=664.726964  s=95233  o_s=44.893861  o_r=12.418091  g=4.741689  G=0.000074 (105.474269 GiB/s) lsqu(g,G)=1.752074 
Testing 96257 bytes 100 times:
 L=664.726964  s=96257  o_s=48.671879  o_r=12.471881  g=4.715510  G=0.000075 (104.774353 GiB/s) lsqu(g,G)=1.738425 
Testing 97281 bytes 100 times:
 L=664.726964  s=97281  o_s=41.211953  o_r=12.561087  g=4.475874  G=0.000079 (98.810742 GiB/s) lsqu(g,G)=1.770907 
Testing 98305 bytes 100 times:
 L=664.726964  s=98305  o_s=38.708978  o_r=12.730478  g=4.360423  G=0.000081 (96.189827 GiB/s) lsqu(g,G)=1.768040 
Testing 99329 bytes 100 times:
 L=664.726964  s=99329  o_s=42.094983  o_r=12.760547  g=4.398079  G=0.000081 (97.023902 GiB/s) lsqu(g,G)=1.755604 
Testing 100353 bytes 100 times:
 L=664.726964  s=100353  o_s=45.893270  o_r=12.805874  g=4.394091  G=0.000081 (96.935440 GiB/s) lsqu(g,G)=1.742267 
Testing 101377 bytes 100 times:
 L=664.726964  s=101377  o_s=49.479959  o_r=12.851090  g=4.349939  G=0.000081 (95.972749 GiB/s) lsqu(g,G)=1.731023 
Testing 102401 bytes 100 times:
 L=664.726964  s=102401  o_s=53.114424  o_r=12.687156  g=4.390959  G=0.000081 (96.860910 GiB/s) lsqu(g,G)=1.719867 
Testing 103425 bytes 100 times:
 L=664.726964  s=103425  o_s=35.805415  o_r=13.090976  g=4.335208  G=0.000082 (95.665093 GiB/s) lsqu(g,G)=1.710458 
Testing 104449 bytes 100 times:
 L=664.726964  s=104449  o_s=52.597569  o_r=13.116480  g=4.401239  G=0.000080 (97.075851 GiB/s) lsqu(g,G)=1.702698 
Testing 105473 bytes 100 times:
 L=664.726964  s=105473  o_s=46.321699  o_r=13.147329  g=4.415461  G=0.000080 (97.383261 GiB/s) lsqu(g,G)=1.690881 
Testing 106497 bytes 100 times:
 L=664.726964  s=106497  o_s=42.699929  o_r=13.251792  g=4.406838  G=0.000080 (97.197766 GiB/s) lsqu(g,G)=1.679180 
Testing 107521 bytes 100 times:
 L=664.726964  s=107521  o_s=45.641691  o_r=13.319169  g=4.454735  G=0.000080 (98.230841 GiB/s) lsqu(g,G)=1.670269 
Testing 108545 bytes 100 times:
 L=664.726964  s=108545  o_s=41.846523  o_r=13.419846  g=4.321654  G=0.000082 (95.429561 GiB/s) lsqu(g,G)=1.679815 
Testing 109569 bytes 100 times:
 L=664.726964  s=109569  o_s=39.819976  o_r=13.512393  g=4.279600  G=0.000083 (94.582320 GiB/s) lsqu(g,G)=1.670720 
Testing 110593 bytes 100 times:
 L=664.726964  s=110593  o_s=48.051119  o_r=13.538230  g=4.294498  G=0.000082 (94.878966 GiB/s) lsqu(g,G)=1.659969 
Testing 111617 bytes 100 times:
 L=664.726964  s=111617  o_s=53.180910  o_r=13.599594  g=4.323348  G=0.000082 (95.455310 GiB/s) lsqu(g,G)=1.650231 
Testing 112641 bytes 100 times:
 L=664.726964  s=112641  o_s=51.284774  o_r=13.661292  g=4.282411  G=0.000083 (94.644293 GiB/s) lsqu(g,G)=1.641853 
Testing 113665 bytes 100 times:
 L=664.726964  s=113665  o_s=45.166822  o_r=13.742702  g=4.212038  G=0.000084 (93.289622 GiB/s) lsqu(g,G)=1.638230 
Testing 114689 bytes 100 times:
 L=664.726964  s=114689  o_s=39.752822  o_r=13.920557  g=4.122349  G=0.000085 (91.627830 GiB/s) lsqu(g,G)=1.639296 
Testing 115713 bytes 100 times:
 L=664.726964  s=115713  o_s=43.285943  o_r=13.958088  g=4.239410  G=0.000083 (93.796034 GiB/s) lsqu(g,G)=1.648879 
Testing 116737 bytes 100 times:
 L=664.726964  s=116737  o_s=50.063299  o_r=13.969670  g=4.234648  G=0.000083 (93.706336 GiB/s) lsqu(g,G)=1.638828 
Testing 117761 bytes 100 times:
 L=664.726964  s=117761  o_s=51.880588  o_r=14.043061  g=4.223568  G=0.000084 (93.499510 GiB/s) lsqu(g,G)=1.629112 
Testing 118785 bytes 100 times:
 L=664.726964  s=118785  o_s=51.484900  o_r=14.172026  g=4.191077  G=0.000084 (92.901582 GiB/s) lsqu(g,G)=1.621039 
Testing 119809 bytes 100 times:
 L=664.726964  s=119809  o_s=48.518526  o_r=13.930357  g=4.162019  G=0.000085 (92.376235 GiB/s) lsqu(g,G)=1.612836 
Testing 120833 bytes 100 times:
 L=664.726964  s=120833  o_s=50.224448  o_r=14.276823  g=4.087371  G=0.000086 (91.060751 GiB/s) lsqu(g,G)=1.612643 
Testing 121857 bytes 100 times:
 L=664.726964  s=121857  o_s=48.023500  o_r=14.341862  g=4.052084  G=0.000086 (90.455241 GiB/s) lsqu(g,G)=1.605458 
Testing 122881 bytes 100 times:
 L=664.726964  s=122881  o_s=45.433880  o_r=14.443318  g=4.110057  G=0.000085 (91.448770 GiB/s) lsqu(g,G)=1.602155 
Testing 123905 bytes 100 times:
 L=664.726964  s=123905  o_s=47.646076  o_r=14.521721  g=4.097045  G=0.000086 (91.225108 GiB/s) lsqu(g,G)=1.593431 
Testing 124929 bytes 100 times:
 L=664.726964  s=124929  o_s=40.901462  o_r=14.657479  g=4.040364  G=0.000087 (90.268664 GiB/s) lsqu(g,G)=1.590435 
Testing 125953 bytes 100 times:
 L=664.726964  s=125953  o_s=45.599706  o_r=14.653135  g=4.157357  G=0.000085 (92.254256 GiB/s) lsqu(g,G)=1.607163 
Testing 126977 bytes 100 times:
 L=664.726964  s=126977  o_s=50.229793  o_r=14.730648  g=4.177935  G=0.000084 (92.610628 GiB/s) lsqu(g,G)=1.599207 
Testing 128001 bytes 100 times:
 L=664.726964  s=128001  o_s=47.038012  o_r=14.794239  g=4.179327  G=0.000084 (92.634704 GiB/s) lsqu(g,G)=1.590590 
Testing 129025 bytes 100 times:
 L=664.726964  s=129025  o_s=46.955712  o_r=14.891129  g=4.130318  G=0.000085 (91.798965 GiB/s) lsqu(g,G)=1.586900 
Testing 130049 bytes 100 times:
 L=664.726964  s=130049  o_s=41.442595  o_r=15.006061  g=4.035544  G=0.000087 (90.233074 GiB/s) lsqu(g,G)=1.596785 
