UCX_NET_DEVICES=en2 mpirun -n 2 /home/liuyao/software/Netgauge_default/netgauge -m mpi -x loggp -o ng_logGP_internode
node02.cluster
node01.cluster
# Info:   (0): Netgauge v2.4.6 MPI enabled (P=2, threadlevel=0) (/home/liuyao/software/Netgauge_default/netgauge -m mpi -x loggp -o ng_logGP_internode )
# initializing x86-64 timer (takes some seconds)
# Info:   (0): Warming module mpi up ... this may take a while
Testing 1 bytes 100 times:
 L=37.689019  s=1  o_s=11.999546  o_r=5.775757  g=-nan  G=-nan (-nan GiB/s) lsqu(g,G)=-nan 
Testing 1025 bytes 100 times:
 L=37.689019  s=1025  o_s=12.880123  o_r=12.095211  g=19.127398  G=0.000066 (117.761830 GiB/s) lsqu(g,G)=-nan 
Testing 2049 bytes 100 times:
 L=37.689019  s=2049  o_s=10.900579  o_r=11.357956  g=19.180285  G=-0.000088 (-88.630125 GiB/s) lsqu(g,G)=0.129167 
Testing 3073 bytes 100 times:
 L=37.689019  s=3073  o_s=5.963802  o_r=8.876681  g=18.725243  G=0.000577 (13.529469 GiB/s) lsqu(g,G)=0.884624 
Testing 4097 bytes 100 times:
 L=37.689019  s=4097  o_s=3.138650  o_r=7.819801  g=20.046484  G=-0.000712 (-10.979201 GiB/s) lsqu(g,G)=2.515807 
Testing 5121 bytes 100 times:
 L=37.689019  s=5121  o_s=14.919137  o_r=13.337407  g=18.551608  G=0.000383 (20.424500 GiB/s) lsqu(g,G)=3.474004 
Testing 6145 bytes 100 times:
 L=37.689019  s=6145  o_s=2.017743  o_r=13.430288  g=22.033980  G=-0.001657 (-4.715553 GiB/s) lsqu(g,G)=7.096034 
Testing 7169 bytes 100 times:
 L=37.689019  s=7169  o_s=-2.082447  o_r=12.057791  g=23.411716  G=-0.002329 (-3.354234 GiB/s) lsqu(g,G)=6.971261 
Testing 8193 bytes 100 times:
we detected a protocol change at 4097 bytes:
 L=37.689019  s=8193  o_s=-1.923415  o_r=13.606917  g=18.725243  G=0.000577 (13.529469 GiB/s) lsqu(g,G)=0.884624 
 L=37.689019  s=8193  o_s=-1.923415  o_r=13.606917  g=28.934878  G=-0.002761 (-2.829230 GiB/s) lsqu(g,G)=12.705771 
Testing 9217 bytes 100 times:
 L=37.689019  s=9217  o_s=-3.730230  o_r=13.227821  g=32.774917  G=-0.003386 (-2.307120 GiB/s) lsqu(g,G)=10.439795 
Testing 10241 bytes 100 times:
 L=37.689019  s=10241  o_s=-3.829346  o_r=14.346399  g=21.181521  G=-0.001599 (-4.886174 GiB/s) lsqu(g,G)=10.063929 
Testing 11265 bytes 100 times:
 L=37.689019  s=11265  o_s=-1.853254  o_r=16.084516  g=11.301190  G=-0.000152 (-51.466750 GiB/s) lsqu(g,G)=10.075740 
Testing 12289 bytes 100 times:
 L=37.689019  s=12289  o_s=-5.068858  o_r=10.278691  g=9.194301  G=0.000142 (54.982060 GiB/s) lsqu(g,G)=9.266519 
Testing 13313 bytes 100 times:
 L=37.689019  s=13313  o_s=-5.844082  o_r=11.111276  g=6.855245  G=0.000454 (17.225725 GiB/s) lsqu(g,G)=8.696876 
Testing 14337 bytes 100 times:
 L=37.689019  s=14337  o_s=-9.783793  o_r=11.088334  g=7.746898  G=0.000340 (22.979667 GiB/s) lsqu(g,G)=8.158007 
Testing 15361 bytes 100 times:
 L=37.689019  s=15361  o_s=-2.536935  o_r=11.688941  g=7.094990  G=0.000420 (18.621433 GiB/s) lsqu(g,G)=7.707250 
Testing 16385 bytes 100 times:
 L=37.689019  s=16385  o_s=5.174100  o_r=13.522389  g=6.862780  G=0.000447 (17.487316 GiB/s) lsqu(g,G)=7.314270 
Testing 17409 bytes 100 times:
 L=37.689019  s=17409  o_s=4.396092  o_r=13.325713  g=6.974610  G=0.000434 (17.994817 GiB/s) lsqu(g,G)=6.974607 
Testing 18433 bytes 100 times:
 L=37.689019  s=18433  o_s=3.079180  o_r=14.690971  g=6.914399  G=0.000441 (17.728068 GiB/s) lsqu(g,G)=6.677931 
Testing 19457 bytes 100 times:
 L=37.689019  s=19457  o_s=4.914727  o_r=15.769234  g=6.513252  G=0.000483 (16.186555 GiB/s) lsqu(g,G)=6.429368 
Testing 20481 bytes 100 times:
 L=37.689019  s=20481  o_s=234.831079  o_r=256.013400  g=-44.498031  G=0.005635 (1.386306 GiB/s) lsqu(g,G)=56.513222 
Testing 21505 bytes 100 times:
 L=37.689019  s=21505  o_s=231.905029  o_r=256.053604  g=-79.138562  G=0.009018 (0.866321 GiB/s) lsqu(g,G)=67.915120 
Testing 22529 bytes 100 times:
 L=37.689019  s=22529  o_s=232.964572  o_r=255.438965  g=-103.235000  G=0.011295 (0.691674 GiB/s) lsqu(g,G)=72.126462 
Testing 23553 bytes 100 times:
 L=37.689019  s=23553  o_s=235.678358  o_r=255.213223  g=-119.223902  G=0.012759 (0.612325 GiB/s) lsqu(g,G)=72.959181 
Testing 24577 bytes 100 times:
we detected a protocol change at 20481 bytes:
 L=37.689019  s=24577  o_s=238.789945  o_r=257.225639  g=6.513252  G=0.000483 (16.186555 GiB/s) lsqu(g,G)=6.429368 
 L=37.689019  s=24577  o_s=238.789945  o_r=257.225639  g=226.996712  G=0.001274 (6.130916 GiB/s) lsqu(g,G)=1.400651 
Testing 25601 bytes 100 times:
 L=37.689019  s=25601  o_s=232.287462  o_r=256.357415  g=240.748579  G=0.000664 (11.768080 GiB/s) lsqu(g,G)=1.615612 
Testing 26625 bytes 100 times:
 L=37.689019  s=26625  o_s=231.694657  o_r=254.812967  g=248.713410  G=0.000316 (24.753521 GiB/s) lsqu(g,G)=1.643021 
Testing 27649 bytes 100 times:
 L=37.689019  s=27649  o_s=235.603742  o_r=256.126327  g=247.766752  G=0.000356 (21.920878 GiB/s) lsqu(g,G)=1.475090 
Testing 28673 bytes 100 times:
 L=37.689019  s=28673  o_s=258.826608  o_r=255.246856  g=251.135183  G=0.000213 (36.613005 GiB/s) lsqu(g,G)=1.453788 
Testing 29697 bytes 100 times:
 L=37.689019  s=29697  o_s=234.231146  o_r=257.358723  g=253.008302  G=0.000135 (57.875215 GiB/s) lsqu(g,G)=1.392999 
Testing 30721 bytes 100 times:
 L=37.689019  s=30721  o_s=232.304724  o_r=255.934663  g=255.078259  G=0.000050 (157.576254 GiB/s) lsqu(g,G)=1.381391 
Testing 31745 bytes 100 times:
 L=37.689019  s=31745  o_s=232.117071  o_r=254.339097  g=255.822276  G=0.000019 (404.661178 GiB/s) lsqu(g,G)=1.315846 
Testing 32769 bytes 100 times:
 L=37.689019  s=32769  o_s=241.474775  o_r=256.123320  g=254.509352  G=0.000072 (108.513949 GiB/s) lsqu(g,G)=1.302713 
Testing 33793 bytes 100 times:
 L=37.689019  s=33793  o_s=236.015465  o_r=132.839060  g=254.755697  G=0.000062 (125.516445 GiB/s) lsqu(g,G)=1.244522 
Testing 34817 bytes 100 times:
 L=37.689019  s=34817  o_s=136.994596  o_r=132.088887  g=344.118457  G=-0.003428 (-2.278791 GiB/s) lsqu(g,G)=31.149254 
Testing 35841 bytes 100 times:
 L=37.689019  s=35841  o_s=138.042446  o_r=132.149471  g=400.872229  G=-0.005616 (-1.391104 GiB/s) lsqu(g,G)=36.932775 
Testing 36865 bytes 100 times:
 L=37.689019  s=36865  o_s=136.617843  o_r=131.793985  g=435.954711  G=-0.006951 (-1.123970 GiB/s) lsqu(g,G)=38.448945 
Testing 37889 bytes 100 times:
 L=37.689019  s=37889  o_s=227.085075  o_r=264.071083  g=456.819729  G=-0.007734 (-1.010089 GiB/s) lsqu(g,G)=38.305940 
Testing 38913 bytes 100 times:
we detected a protocol change at 34817 bytes:
 L=37.689019  s=38913  o_s=234.504218  o_r=254.210467  g=254.755697  G=0.000062 (125.516445 GiB/s) lsqu(g,G)=1.244522 
 L=37.689019  s=38913  o_s=234.504218  o_r=254.210467  g=-1188.277974  G=0.036141 (0.216168 GiB/s) lsqu(g,G)=47.755399 
Testing 39937 bytes 100 times:
 L=37.689019  s=39937  o_s=236.938361  o_r=257.280877  g=-1207.772052  G=0.036670 (0.213050 GiB/s) lsqu(g,G)=39.004651 
Testing 40961 bytes 100 times:
 L=37.689019  s=40961  o_s=241.572109  o_r=256.974282  g=-1024.187686  G=0.031735 (0.246175 GiB/s) lsqu(g,G)=35.915770 
Testing 41985 bytes 100 times:
 L=37.689019  s=41985  o_s=236.295441  o_r=216.513582  g=-825.461569  G=0.026443 (0.295448 GiB/s) lsqu(g,G)=36.139995 
Testing 43009 bytes 100 times:
we detected a protocol change at 38913 bytes:
 L=37.689019  s=43009  o_s=233.533100  o_r=257.718664  g=131.105208  G=0.000017 (463.449784 GiB/s) lsqu(g,G)=0.182043 
 L=37.689019  s=43009  o_s=233.533100  o_r=257.718664  g=301.958699  G=-0.001079 (-7.240673 GiB/s) lsqu(g,G)=1.494005 
Testing 44033 bytes 100 times:
 L=37.689019  s=44033  o_s=233.534213  o_r=256.567121  g=260.197815  G=-0.000059 (-131.420996 GiB/s) lsqu(g,G)=2.262991 
Testing 45057 bytes 100 times:
 L=37.689019  s=45057  o_s=240.511675  o_r=257.497710  g=257.065419  G=0.000016 (476.538112 GiB/s) lsqu(g,G)=1.968764 
Testing 46081 bytes 100 times:
 L=37.689019  s=46081  o_s=244.324650  o_r=258.212357  g=260.380794  G=-0.000063 (-123.579016 GiB/s) lsqu(g,G)=1.778442 
Testing 47105 bytes 100 times:
 L=37.689019  s=47105  o_s=233.653821  o_r=257.158929  g=728.711703  G=-0.011218 (-0.696429 GiB/s) lsqu(g,G)=42.769655 
Testing 48129 bytes 100 times:
 L=37.689019  s=48129  o_s=232.852871  o_r=257.153584  g=537.340070  G=-0.006697 (-1.166637 GiB/s) lsqu(g,G)=44.683700 
Testing 49153 bytes 100 times:
 L=37.689019  s=49153  o_s=235.842958  o_r=152.379987  g=428.423409  G=-0.004144 (-1.885289 GiB/s) lsqu(g,G)=43.988094 
Testing 50177 bytes 100 times:
 L=37.689019  s=50177  o_s=232.232781  o_r=254.218374  g=551.095635  G=-0.006996 (-1.116682 GiB/s) lsqu(g,G)=45.085942 
Testing 51201 bytes 100 times:
we detected a protocol change at 47105 bytes:
 L=37.689019  s=51201  o_s=231.541194  o_r=258.478081  g=260.380794  G=-0.000063 (-123.579016 GiB/s) lsqu(g,G)=1.778442 
 L=37.689019  s=51201  o_s=231.541194  o_r=258.478081  g=704.869002  G=-0.009513 (-0.821262 GiB/s) lsqu(g,G)=60.281087 
Testing 52225 bytes 100 times:
 L=37.689019  s=52225  o_s=238.970693  o_r=159.883838  g=232.082341  G=0.000106 (73.790156 GiB/s) lsqu(g,G)=52.401494 
Testing 53249 bytes 100 times:
 L=37.689019  s=53249  o_s=270.762341  o_r=256.109065  g=93.562061  G=0.002905 (2.689714 GiB/s) lsqu(g,G)=45.905862 
Testing 54273 bytes 100 times:
 L=37.689019  s=54273  o_s=230.778777  o_r=258.422063  g=570.596683  G=-0.006668 (-1.171717 GiB/s) lsqu(g,G)=50.819254 
Testing 55297 bytes 100 times:
 L=37.689019  s=55297  o_s=236.458927  o_r=251.848467  g=824.233587  G=-0.011722 (-0.666458 GiB/s) lsqu(g,G)=50.271868 
Testing 56321 bytes 100 times:
 L=37.689019  s=56321  o_s=241.834601  o_r=160.460835  g=512.142282  G=-0.005545 (-1.409021 GiB/s) lsqu(g,G)=54.466518 
Testing 57345 bytes 100 times:
 L=37.689019  s=57345  o_s=230.574753  o_r=257.170289  g=604.449029  G=-0.007360 (-1.061545 GiB/s) lsqu(g,G)=51.872544 
Testing 58369 bytes 100 times:
 L=37.689019  s=58369  o_s=234.061646  o_r=257.171403  g=415.416199  G=-0.003668 (-2.130149 GiB/s) lsqu(g,G)=53.998676 
Testing 59393 bytes 100 times:
 L=37.689019  s=59393  o_s=235.893964  o_r=257.357053  g=298.228775  G=-0.001394 (-5.604500 GiB/s) lsqu(g,G)=53.690271 
Testing 60417 bytes 100 times:
 L=37.689019  s=60417  o_s=189.556034  o_r=160.350469  g=421.290395  G=-0.003766 (-2.074568 GiB/s) lsqu(g,G)=54.575303 
Testing 61441 bytes 100 times:
 L=37.689019  s=61441  o_s=159.438563  o_r=160.423638  g=464.771847  G=-0.004598 (-1.698952 GiB/s) lsqu(g,G)=52.776686 
Testing 62465 bytes 100 times:
 L=37.689019  s=62465  o_s=198.503018  o_r=160.265050  g=486.887893  G=-0.005019 (-1.556538 GiB/s) lsqu(g,G)=50.876736 
Testing 63489 bytes 100 times:
 L=37.689019  s=63489  o_s=159.584788  o_r=269.941168  g=496.311087  G=-0.005197 (-1.503197 GiB/s) lsqu(g,G)=49.064481 
Testing 64513 bytes 100 times:
 L=37.689019  s=64513  o_s=233.290765  o_r=255.375263  g=386.523834  G=-0.003135 (-2.491639 GiB/s) lsqu(g,G)=53.413860 
Testing 65537 bytes 100 times:
 L=37.689019  s=65537  o_s=409.872126  o_r=413.296243  g=171.161107  G=0.000883 (8.845674 GiB/s) lsqu(g,G)=73.550119 
Testing 66561 bytes 100 times:
 L=37.689019  s=66561  o_s=409.757975  o_r=417.573101  g=12.142111  G=0.003832 (2.038898 GiB/s) lsqu(g,G)=82.604302 
Testing 67585 bytes 100 times:
 L=37.689019  s=67585  o_s=413.001087  o_r=419.325362  g=-98.939238  G=0.005878 (1.329009 GiB/s) lsqu(g,G)=86.128196 
Testing 68609 bytes 100 times:
 L=37.689019  s=68609  o_s=412.997078  o_r=417.842722  g=-175.250130  G=0.007276 (1.073778 GiB/s) lsqu(g,G)=86.908509 
Testing 69633 bytes 100 times:
 L=37.689019  s=69633  o_s=421.092662  o_r=421.332432  g=-233.216873  G=0.008331 (0.937819 GiB/s) lsqu(g,G)=86.716690 
Testing 70657 bytes 100 times:
 L=37.689019  s=70657  o_s=423.230124  o_r=420.825486  g=-272.755025  G=0.009046 (0.863688 GiB/s) lsqu(g,G)=85.688605 
Testing 71681 bytes 100 times:
 L=37.689019  s=71681  o_s=421.927133  o_r=425.181860  g=-301.790272  G=0.009567 (0.816577 GiB/s) lsqu(g,G)=84.369730 
Testing 72705 bytes 100 times:
 L=37.689019  s=72705  o_s=412.259718  o_r=433.184750  g=-326.256347  G=0.010004 (0.780904 GiB/s) lsqu(g,G)=83.039486 
Testing 73729 bytes 100 times:
 L=37.689019  s=73729  o_s=414.752329  o_r=436.950874  g=-333.488111  G=0.010133 (0.771009 GiB/s) lsqu(g,G)=81.342912 
Testing 74753 bytes 100 times:
 L=37.689019  s=74753  o_s=416.086615  o_r=429.760747  g=-334.540288  G=0.010151 (0.769598 GiB/s) lsqu(g,G)=79.700690 
Testing 75777 bytes 100 times:
 L=37.689019  s=75777  o_s=421.861315  o_r=424.514655  g=-329.614344  G=0.010065 (0.776206 GiB/s) lsqu(g,G)=78.183459 
Testing 76801 bytes 100 times:
 L=37.689019  s=76801  o_s=424.911540  o_r=426.936571  g=-325.824467  G=0.009999 (0.781336 GiB/s) lsqu(g,G)=76.742151 
Testing 77825 bytes 100 times:
 L=37.689019  s=77825  o_s=419.754479  o_r=434.193296  g=-323.076443  G=0.009951 (0.785077 GiB/s) lsqu(g,G)=75.371123 
Testing 78849 bytes 100 times:
 L=37.689019  s=78849  o_s=178.537295  o_r=248.291046  g=-285.263741  G=0.009300 (0.840088 GiB/s) lsqu(g,G)=76.504841 
Testing 79873 bytes 100 times:
 L=37.689019  s=79873  o_s=382.321882  o_r=248.028329  g=-257.545139  G=0.008825 (0.885295 GiB/s) lsqu(g,G)=76.634992 
Testing 80897 bytes 100 times:
 L=37.689019  s=80897  o_s=488.354847  o_r=430.857385  g=-268.158790  G=0.009006 (0.867524 GiB/s) lsqu(g,G)=75.615147 !!! d (442.388549) is smaller than g+size*G (460.360670) !!!

Testing 81921 bytes 100 times:
 L=37.689019  s=81921  o_s=420.479365  o_r=432.367310  g=-258.875632  G=0.008848 (0.882936 GiB/s) lsqu(g,G)=74.613948 
Testing 82945 bytes 100 times:
 L=37.689019  s=82945  o_s=415.759419  o_r=434.631974  g=-250.751425  G=0.008712 (0.896800 GiB/s) lsqu(g,G)=73.633446 
Testing 83969 bytes 100 times:
 L=37.689019  s=83969  o_s=416.523618  o_r=437.474748  g=-241.369067  G=0.008554 (0.913266 GiB/s) lsqu(g,G)=72.773053 
Testing 84993 bytes 100 times:
 L=37.689019  s=84993  o_s=417.187364  o_r=435.402862  g=-228.512614  G=0.008340 (0.936699 GiB/s) lsqu(g,G)=72.195048 
Testing 86017 bytes 100 times:
 L=37.689019  s=86017  o_s=433.971672  o_r=433.809968  g=-215.160594  G=0.008119 (0.962195 GiB/s) lsqu(g,G)=71.731087 
Testing 87041 bytes 100 times:
 L=37.689019  s=87041  o_s=426.296608  o_r=434.459131  g=-202.068498  G=0.007904 (0.988426 GiB/s) lsqu(g,G)=71.319390 
Testing 88065 bytes 100 times:
 L=37.689019  s=88065  o_s=416.770295  o_r=432.091452  g=-190.575698  G=0.007716 (1.012522 GiB/s) lsqu(g,G)=70.841483 
Testing 89089 bytes 100 times:
 L=37.689019  s=89089  o_s=412.887270  o_r=440.565093  g=-180.707136  G=0.007555 (1.034048 GiB/s) lsqu(g,G)=70.296474 
Testing 90113 bytes 100 times:
 L=37.689019  s=90113  o_s=413.194086  o_r=437.034066  g=-169.642616  G=0.007376 (1.059154 GiB/s) lsqu(g,G)=69.908707 
Testing 91137 bytes 100 times:
 L=37.689019  s=91137  o_s=418.568312  o_r=432.127090  g=-155.994288  G=0.007156 (1.091668 GiB/s) lsqu(g,G)=69.855149 
Testing 92161 bytes 100 times:
 L=37.689019  s=92161  o_s=430.190102  o_r=434.541321  g=-142.582717  G=0.006942 (1.125433 GiB/s) lsqu(g,G)=69.841794 
Testing 93185 bytes 100 times:
 L=37.689019  s=93185  o_s=421.503605  o_r=431.751335  g=-129.162137  G=0.006728 (1.161177 GiB/s) lsqu(g,G)=69.896841 
Testing 94209 bytes 100 times:
 L=37.689019  s=94209  o_s=414.065085  o_r=433.245779  g=-119.573371  G=0.006576 (1.187988 GiB/s) lsqu(g,G)=69.569191 
Testing 95233 bytes 100 times:
 L=37.689019  s=95233  o_s=212.401033  o_r=266.731214  g=-109.875516  G=0.006423 (1.216238 GiB/s) lsqu(g,G)=69.302565 
Testing 96257 bytes 100 times:
 L=37.689019  s=96257  o_s=281.867501  o_r=264.924272  g=-74.674991  G=0.005872 (1.330461 GiB/s) lsqu(g,G)=75.350167 !!! d (454.240757) is smaller than g+size*G (490.548409) !!!

Testing 97281 bytes 100 times:
 L=37.689019  s=97281  o_s=465.683358  o_r=431.673600  g=-66.838722  G=0.005750 (1.358717 GiB/s) lsqu(g,G)=74.886080 !!! d (454.331966) is smaller than g+size*G (492.518243) !!!

Testing 98305 bytes 100 times:
 L=37.689019  s=98305  o_s=417.234249  o_r=437.376968  g=-58.975839  G=0.005628 (1.388141 GiB/s) lsqu(g,G)=74.465808 
Testing 99329 bytes 100 times:
 L=37.689019  s=99329  o_s=414.055285  o_r=437.041416  g=-50.917629  G=0.005504 (1.419479 GiB/s) lsqu(g,G)=74.105443 
Testing 100353 bytes 100 times:
 L=37.689019  s=100353  o_s=414.386490  o_r=438.254546  g=-41.482769  G=0.005359 (1.457811 GiB/s) lsqu(g,G)=73.942706 
Testing 101377 bytes 100 times:
 L=37.689019  s=101377  o_s=421.565859  o_r=435.770933  g=-32.150667  G=0.005217 (1.497604 GiB/s) lsqu(g,G)=73.811996 
Testing 102401 bytes 100 times:
 L=37.689019  s=102401  o_s=441.578022  o_r=429.656507  g=-23.430723  G=0.005084 (1.536592 GiB/s) lsqu(g,G)=73.646225 
Testing 103425 bytes 100 times:
 L=37.689019  s=103425  o_s=417.034123  o_r=434.275931  g=-15.319814  G=0.004962 (1.574524 GiB/s) lsqu(g,G)=73.444604 
Testing 104449 bytes 100 times:
 L=37.689019  s=104449  o_s=417.091031  o_r=439.646086  g=-7.805139  G=0.004849 (1.611184 GiB/s) lsqu(g,G)=73.207905 
Testing 105473 bytes 100 times:
 L=37.689019  s=105473  o_s=415.937272  o_r=437.152116  g=-1.260699  G=0.004751 (1.644357 GiB/s) lsqu(g,G)=72.894128 
Testing 106497 bytes 100 times:
 L=37.689019  s=106497  o_s=422.721846  o_r=435.722710  g=7.618096  G=0.004619 (1.691362 GiB/s) lsqu(g,G)=72.922697 
Testing 107521 bytes 100 times:
 L=37.689019  s=107521  o_s=434.761151  o_r=432.366865  g=15.319925  G=0.004505 (1.734145 GiB/s) lsqu(g,G)=72.815449 
Testing 108545 bytes 100 times:
 L=37.689019  s=108545  o_s=427.763643  o_r=431.921059  g=22.584782  G=0.004398 (1.776315 GiB/s) lsqu(g,G)=72.681639 
Testing 109569 bytes 100 times:
 L=37.689019  s=109569  o_s=418.077518  o_r=431.913709  g=28.955455  G=0.004305 (1.814822 GiB/s) lsqu(g,G)=72.461323 
Testing 110593 bytes 100 times:
 L=37.689019  s=110593  o_s=417.989093  o_r=433.461165  g=34.436239  G=0.004225 (1.849136 GiB/s) lsqu(g,G)=72.162457 
Testing 111617 bytes 100 times:
 L=37.689019  s=111617  o_s=234.290059  o_r=272.394266  g=44.717483  G=0.004076 (1.916785 GiB/s) lsqu(g,G)=72.690754 
Testing 112641 bytes 100 times:
 L=37.689019  s=112641  o_s=244.768336  o_r=448.184878  g=53.198148  G=0.003953 (1.976125 GiB/s) lsqu(g,G)=72.890802 
Testing 113665 bytes 100 times:
 L=37.689019  s=113665  o_s=413.013115  o_r=438.824192  g=58.007572  G=0.003884 (2.011262 GiB/s) lsqu(g,G)=72.573302 
Testing 114689 bytes 100 times:
 L=37.689019  s=114689  o_s=425.913507  o_r=433.612068  g=64.518016  G=0.003791 (2.060619 GiB/s) lsqu(g,G)=72.505597 
Testing 115713 bytes 100 times:
 L=37.689019  s=115713  o_s=433.771768  o_r=432.939072  g=70.757322  G=0.003703 (2.110002 GiB/s) lsqu(g,G)=72.423360 
Testing 116737 bytes 100 times:
 L=37.689019  s=116737  o_s=421.894948  o_r=430.650687  g=76.590404  G=0.003620 (2.158120 GiB/s) lsqu(g,G)=72.305434 
Testing 117761 bytes 100 times:
 L=37.689019  s=117761  o_s=416.224041  o_r=435.601654  g=80.688942  G=0.003562 (2.193093 GiB/s) lsqu(g,G)=71.985586 
Testing 118785 bytes 100 times:
 L=37.689019  s=118785  o_s=418.823119  o_r=437.405812  g=84.901499  G=0.003503 (2.230058 GiB/s) lsqu(g,G)=71.697616 
Testing 119809 bytes 100 times:
 L=37.689019  s=119809  o_s=420.579373  o_r=432.822359  g=90.535464  G=0.003425 (2.281239 GiB/s) lsqu(g,G)=71.627059 
Testing 120833 bytes 100 times:
 L=37.689019  s=120833  o_s=445.666518  o_r=431.217438  g=96.050284  G=0.003348 (2.333411 GiB/s) lsqu(g,G)=71.560275 
Testing 121857 bytes 100 times:
 L=37.689019  s=121857  o_s=416.863620  o_r=434.107098  g=101.026496  G=0.003279 (2.382342 GiB/s) lsqu(g,G)=71.430529 
Testing 122881 bytes 100 times:
 L=37.689019  s=122881  o_s=415.699170  o_r=435.794208  g=105.290517  G=0.003221 (2.425724 GiB/s) lsqu(g,G)=71.218293 
Testing 123905 bytes 100 times:
 L=37.689019  s=123905  o_s=414.718919  o_r=446.225027  g=109.051569  G=0.003169 (2.465133 GiB/s) lsqu(g,G)=70.958691 
Testing 124929 bytes 100 times:
 L=37.689019  s=124929  o_s=426.971157  o_r=437.265043  g=114.187632  G=0.003099 (2.520800 GiB/s) lsqu(g,G)=70.920437 
Testing 125953 bytes 100 times:
 L=37.689019  s=125953  o_s=433.782682  o_r=436.137444  g=119.277680  G=0.003030 (2.578232 GiB/s) lsqu(g,G)=70.894376 
Testing 126977 bytes 100 times:
 L=37.689019  s=126977  o_s=252.412105  o_r=290.270245  g=125.111832  G=0.002951 (2.647038 GiB/s) lsqu(g,G)=71.032524 
Testing 128001 bytes 100 times:
 L=37.689019  s=128001  o_s=339.198554  o_r=305.532867  g=138.291862  G=0.002774 (2.816037 GiB/s) lsqu(g,G)=73.692304 
Testing 129025 bytes 100 times:
 L=37.689019  s=129025  o_s=426.977839  o_r=435.219217  g=141.530458  G=0.002731 (2.860711 GiB/s) lsqu(g,G)=73.409265 
Testing 130049 bytes 100 times:
 L=37.689019  s=130049  o_s=418.758526  o_r=444.688709  g=144.194403  G=0.002695 (2.898360 GiB/s) lsqu(g,G)=73.076556 
srun: Job step aborted: Waiting up to 32 seconds for job step to finish.
slurmstepd: error: *** JOB 2235 ON node01 CANCELLED AT 2023-06-07T16:14:15 ***
slurmstepd: error: *** STEP 2235.1 ON node01 CANCELLED AT 2023-06-07T16:14:15 ***
