# size n PRTT(1,0,s) PRTT(n,0,s) PRTT(n,PRTT(1,0,s),s) L o_s o_r g G lsqu(g,G)
# to get o: plot "./loggp.out" using 1:(($5-$3)/($2-1)-$3)
# to get g,G: plot "./loggp.out" using 1:($4-$3)/($2-1)
1 10 3.917096 19.606743 41.116625 1.958548 0.216185 1.775504 -nan -nan -nan
1025 10 5.801015 35.235869 87.593442 1.958548 3.287033 3.290569 1.741803 0.001491 -nan
2049 10 6.041463 35.325833 89.787327 1.958548 3.263633 3.276120 1.999884 0.000738 0.630321
3073 10 5.830866 35.255498 87.853519 1.958548 3.282762 3.269441 2.199577 0.000445 0.589708
4097 10 6.061500 36.888746 91.570650 1.958548 3.439516 3.418562 2.319578 0.000328 0.528908
5121 10 9.788037 57.968029 146.012107 1.958548 5.347971 5.347731 2.061858 0.000517 0.653780
6145 10 9.988819 59.110157 149.168192 1.958548 5.475556 5.459049 2.022729 0.000540 0.589136
7169 10 10.219044 60.532808 152.584355 1.958548 5.599324 5.587042 2.073266 0.000515 0.546044
8193 10 10.409194 61.765309 155.549881 1.958548 5.717549 5.700587 2.164867 0.000477 0.535132
9217 10 10.499567 62.305909 156.852308 1.958548 5.761849 5.738481 2.281944 0.000434 0.550945
10241 10 10.619791 62.977364 158.665483 1.958548 5.829730 5.818630 2.406064 0.000394 0.576660
11265 10 10.670089 63.257887 159.497237 1.958548 5.866261 5.835305 2.534045 0.000356 0.607872
12289 10 10.820164 63.989045 161.530823 1.958548 5.925464 5.906548 2.655426 0.000324 0.634322
13313 10 10.880276 64.310052 162.242353 1.958548 5.937732 5.928812 2.773257 0.000295 0.659247
14337 10 10.970649 65.041210 164.005639 1.958548 6.033239 6.001146 2.881261 0.000271 0.677590
15361 10 11.020538 65.381845 164.646834 1.958548 6.049051 6.027863 2.984311 0.000249 0.693955
16385 10 11.160799 66.153487 166.690643 1.958548 6.120295 6.111374 3.078229 0.000231 0.705291
17409 10 11.220911 66.423787 167.432025 1.958548 6.135879 6.122506 3.168472 0.000214 0.715937
18433 10 11.311284 67.195020 169.005160 1.958548 6.210258 6.202655 3.249977 0.000200 0.722294
19457 10 11.411470 67.425654 170.096991 1.958548 6.220254 6.228281 3.329196 0.000187 0.728940
20481 10 11.521471 68.137184 171.940426 1.958548 6.302857 6.280578 3.401388 0.000176 0.732616
21505 10 11.621658 68.397260 173.072332 1.958548 6.317306 6.312883 3.471326 0.000166 0.736454
22529 10 11.661733 69.178717 174.164571 1.958548 6.394138 6.387443 3.533872 0.000157 0.737199
23553 10 11.691584 69.529575 174.805766 1.958548 6.432214 6.407481 3.593526 0.000149 0.737644
24577 10 11.801994 70.261142 176.589090 1.958548 6.507683 6.476498 3.648019 0.000142 0.736443
25601 10 11.871920 70.391180 177.270359 1.958548 6.505684 6.505441 3.702250 0.000136 0.736306
26625 10 11.992144 71.152599 179.133832 1.958548 6.579154 6.572232 3.751572 0.000130 0.734563
27649 10 12.042442 71.422899 178.813235 1.958548 6.487646 6.492083 3.799597 0.000125 0.733162
28673 10 12.032219 71.142376 179.574654 1.958548 6.583607 6.558874 3.849627 0.000119 0.733841
29697 10 12.212964 71.423308 181.418089 1.958548 6.587605 6.580001 3.898484 0.000114 0.734720
30721 10 12.233001 72.384691 182.480068 1.958548 6.683339 6.666875 3.940621 0.000110 0.732737
31745 10 12.302928 72.495101 183.091003 1.958548 6.673525 6.685776 3.982669 0.000106 0.731493
32769 10 12.262853 72.965774 183.782495 1.958548 6.794885 6.755884 4.021532 0.000102 0.729332
33793 10 12.493078 73.376744 185.876602 1.958548 6.771758 6.762609 4.059516 0.000099 0.727415
34817 10 12.443189 74.017939 187.258770 1.958548 6.980764 6.833852 4.093611 0.000096 0.724244
35841 10 12.643562 74.338537 188.301120 1.958548 6.873944 6.862795 4.127516 0.000093 0.721588
36865 10 12.733935 75.220180 190.895751 1.958548 7.061822 6.942944 4.157402 0.000090 0.717661
37889 10 12.793638 75.510926 190.565340 1.958548 6.958773 6.959619 4.186776 0.000088 0.714042
38913 10 12.904048 76.222047 193.410642 1.958548 7.152240 7.040859 4.213650 0.000086 0.709854
39937 10 13.024272 76.472309 193.610607 1.958548 7.040876 7.063123 4.240706 0.000084 0.706213
40961 10 12.913862 77.093875 194.392472 1.958548 7.250428 7.134366 4.264796 0.000082 0.701796
41985 10 12.984197 77.314286 194.262025 1.958548 7.157784 7.144408 4.289106 0.000080 0.697884
43009 10 13.074570 78.135408 197.007141 1.958548 7.362383 7.225647 4.310736 0.000078 0.693319
44033 10 13.304795 78.636342 198.319791 1.958548 7.252427 7.247957 4.332136 0.000077 0.689036
45057 10 13.435242 79.227648 201.295132 1.958548 7.438079 7.314747 4.352396 0.000076 0.684678
46081 10 13.525205 79.528208 201.245243 1.958548 7.332576 7.331423 4.372735 0.000074 0.680681
47105 10 13.585317 80.309664 203.870134 1.958548 7.557440 7.417160 4.390824 0.000073 0.676182
48129 10 13.695318 80.559927 203.960098 1.958548 7.445213 7.422704 4.409413 0.000072 0.672157
49153 10 13.785691 81.381458 206.515064 1.958548 7.628684 7.513985 4.425878 0.000071 0.667675
50177 10 13.876063 81.802242 206.494617 1.958548 7.525998 7.595224 4.442102 0.000070 0.663378
51201 10 13.945990 82.323622 209.079434 1.958548 7.735504 7.684279 4.457578 0.000069 0.659087
52225 10 14.046176 82.924742 209.109695 1.958548 7.627548 7.697637 4.472157 0.000068 0.654748
53249 10 14.126326 83.475564 211.674474 1.958548 7.823469 7.791190 4.486025 0.000067 0.650415
54273 10 14.396625 84.688028 214.429404 1.958548 7.829239 7.812318 4.497396 0.000067 0.645590
55297 10 14.446923 85.399149 215.551496 1.958548 7.898029 7.876882 4.507586 0.000066 0.640671
56321 10 14.576961 85.799896 217.084557 1.958548 7.923883 7.908051 4.518165 0.000065 0.636037
57345 10 14.647297 86.511426 218.537059 1.958548 8.007122 7.990427 4.527704 0.000065 0.631331
58369 10 14.727446 86.761688 219.459186 1.958548 8.020525 8.012690 4.538004 0.000064 0.626986
59393 10 14.807595 86.380979 219.779375 1.958548 7.967047 7.965937 4.551231 0.000064 0.623681
60417 10 14.727446 86.661502 219.478814 1.958548 8.022706 8.002649 4.564186 0.000063 0.620455
61441 10 14.827633 87.402883 220.911689 1.958548 8.070596 8.062806 4.575902 0.000062 0.616990
62465 10 14.887745 87.703443 221.813369 1.958548 8.103991 8.088387 4.587845 0.000062 0.613753
63489 10 14.987931 88.364676 223.506320 1.958548 8.180778 8.161857 4.598900 0.000061 0.610384
64513 10 15.078304 88.645198 224.588745 1.958548 8.200634 8.184121 4.610358 0.000061 0.607287
65537 10 14.998154 89.226281 224.839008 1.958548 8.317496 8.230874 4.620630 0.000060 0.603961
66561 10 15.058267 89.346505 225.129345 1.958548 8.282964 8.264270 4.631741 0.000060 0.601028
67585 10 15.158044 90.097701 226.531959 1.958548 8.327946 8.318838 4.641728 0.000059 0.597873
68609 10 15.238603 90.438336 227.664273 1.958548 8.364250 8.346645 4.651899 0.000059 0.594896
69633 10 15.348604 91.049679 229.147036 1.958548 8.406778 8.404531 4.661480 0.000059 0.591860
70657 10 15.438567 91.410351 230.249090 1.958548 8.429269 8.440153 4.671212 0.000058 0.588985
71681 10 15.468828 91.911285 231.250957 1.958548 8.506965 8.488042 4.680469 0.000058 0.586076
72705 10 15.548977 92.181994 232.252824 1.958548 8.529228 8.513623 4.690110 0.000057 0.583394
73729 10 15.679015 92.833003 234.106074 1.958548 8.590658 8.564829 4.699128 0.000057 0.580623
74753 10 15.719499 93.193675 234.767306 1.958548 8.619146 8.603813 4.708141 0.000057 0.577951
75777 10 15.809462 93.794795 236.200180 1.958548 8.678395 8.658337 4.716596 0.000056 0.575210
76801 10 15.919872 94.075318 237.522645 1.958548 8.702658 8.679464 4.725487 0.000056 0.572695
77825 10 16.009836 94.826923 238.945296 1.958548 8.760771 8.750708 4.733406 0.000056 0.569981
78849 10 16.069948 95.117260 239.766827 1.958548 8.785261 8.769655 4.741602 0.000055 0.567435
79873 10 16.260507 95.648045 242.111196 1.958548 8.834014 8.831993 4.749749 0.000055 0.564961
80897 10 16.230247 95.848827 242.231420 1.958548 8.880995 8.847578 4.758135 0.000055 0.562644
81921 10 16.360694 96.579986 244.045004 1.958548 8.937563 8.915459 4.765757 0.000054 0.560176
82945 10 16.430620 96.950881 244.786386 1.958548 8.942243 8.932180 4.773447 0.000054 0.557806
83969 10 16.480918 97.611704 245.898254 1.958548 9.009897 8.998970 4.780393 0.000054 0.555300
84993 10 16.600733 97.842338 247.591613 1.958548 9.064921 9.030140 4.787918 0.000054 0.553033
86017 10 16.671068 98.313011 248.483071 1.958548 9.085821 9.076893 4.795245 0.000053 0.550778
87041 10 16.740994 98.814354 249.605162 1.958548 9.132802 9.116968 4.802303 0.000053 0.548514
88065 10 16.831367 99.314878 251.087925 1.958548 9.197140 9.169265 4.809159 0.000053 0.546258
89089 10 16.901293 99.615438 251.859158 1.958548 9.205136 9.193800 4.816257 0.000053 0.544141
90113 10 17.001480 100.256633 253.312070 1.958548 9.255253 9.259455 4.822828 0.000052 0.541932
91137 10 17.122113 100.627528 254.995207 1.958548 9.308231 9.282855 4.829595 0.000052 0.539844
92161 10 17.181816 101.308798 255.987259 1.958548 9.352122 9.334061 4.835665 0.000052 0.537617
93185 10 17.232114 101.589321 256.658306 1.958548 9.370797 9.366321 4.841991 0.000052 0.535521
94209 10 17.332300 102.100069 258.742189 1.958548 9.491021 9.427569 4.848136 0.000052 0.533430
95233 10 17.432487 102.551113 259.433682 1.958548 9.456535 9.458738 4.854244 0.000051 0.531385
96257 10 17.522860 103.122382 260.976557 1.958548 9.527551 9.505446 4.860019 0.000051 0.529302
97281 10 17.582563 103.422942 262.909956 1.958548 9.676037 9.534434 4.866016 0.000051 0.527333
98305 10 17.652898 104.334437 263.270629 1.958548 9.637961 9.603452 4.870883 0.000051 0.525121
99329 10 17.903569 105.696976 267.047463 1.958548 9.779086 9.747029 4.874092 0.000051 0.522630
100353 10 18.213943 106.388060 270.443997 1.958548 9.811618 9.669107 4.877330 0.000051 0.520189
101377 10 18.053645 105.456528 268.029293 1.958548 9.721427 9.702502 4.883078 0.000050 0.518358
102401 10 18.103533 105.857275 269.081458 1.958548 9.782903 9.748120 4.888789 0.000050 0.516564
103425 10 18.244204 106.287873 271.726387 1.958548 9.920483 9.775972 4.894592 0.000050 0.514843
104449 10 18.183683 106.638731 270.534369 1.958548 9.855282 9.834994 4.900224 0.000050 0.513116
105473 10 18.324353 108.451906 273.649971 1.958548 10.045160 10.010876 4.903072 0.000050 0.510809
106497 10 18.594653 109.203511 276.555386 1.958548 10.067651 10.055404 4.905743 0.000050 0.508515
107521 10 18.694840 109.504071 277.777664 1.958548 10.092141 10.077667 4.908816 0.000050 0.506321
108545 10 18.824878 110.065116 279.540950 1.958548 10.143575 10.131100 4.911802 0.000050 0.504150
109569 10 18.865361 110.395528 280.272108 1.958548 10.179833 10.063173 4.914987 0.000050 0.502049
110593 10 18.804840 109.573997 279.019979 1.958548 10.107953 10.093252 4.920443 0.000049 0.500539
111617 10 18.895213 111.056760 281.474349 1.958548 10.280247 10.253505 4.923811 0.000049 0.498541
112641 10 19.165922 111.928589 284.440284 1.958548 10.309008 10.312526 4.926744 0.000049 0.496498
113665 10 19.295960 112.209112 286.073123 1.958548 10.345947 10.330337 4.930134 0.000049 0.494573
114689 10 19.456258 111.637843 286.674243 1.958548 10.234629 10.269135 4.935643 0.000049 0.493242
115713 10 19.225625 111.798551 286.183124 1.958548 10.436320 10.296942 4.941028 0.000049 0.491906
116737 10 19.345849 112.379634 286.453833 1.958548 10.332816 10.340333 4.946162 0.000049 0.490525
117761 10 19.245662 112.970531 286.062900 1.958548 10.400698 10.393766 4.950625 0.000049 0.488981
118785 10 19.405961 113.381092 289.519546 1.958548 10.606660 10.575237 4.955266 0.000048 0.487520
119809 10 19.767042 115.244565 293.216231 1.958548 10.616201 10.605316 4.957775 0.000048 0.485612
120833 10 19.836968 115.785982 294.428694 1.958548 10.673224 10.662066 4.960134 0.000048 0.483709
121857 10 19.877043 114.633630 293.596940 1.958548 10.536279 10.560743 4.965354 0.000048 0.482531
122881 10 19.756819 115.164824 294.669143 1.958548 10.788995 10.747758 4.969990 0.000048 0.481199
123905 10 20.037341 115.956095 296.041496 1.958548 10.629787 10.637576 4.974319 0.000048 0.479805
124929 10 19.897080 116.206357 296.782878 1.958548 10.868009 10.725494 4.978566 0.000048 0.478418
125953 10 20.017304 116.427177 296.712951 1.958548 10.726657 10.719951 4.983239 0.000048 0.477187
126977 10 20.047565 117.298597 297.664930 1.958548 10.798809 10.771158 4.987033 0.000048 0.475731
128001 10 20.097453 117.208633 299.818739 1.958548 10.982689 10.805689 4.991676 0.000048 0.474548
129025 10 20.287604 117.929568 300.830421 1.958548 10.883820 10.856895 4.995980 0.000047 0.473288
130049 10 20.467940 118.350352 302.664042 1.958548 10.887183 10.895834 5.000453 0.000047 0.472106
