gnode006.cluster
gnode008.cluster
# Info:   (0): Netgauge v2.4.6 MPI enabled (P=2, threadlevel=0) (/home/ldai8/software/Netguage/netgauge -m ib -x loggp -o ng_logGP_internode )
# initializing x86-64 timer (takes some seconds)
Using page size of 4096 bytes (12 mask bits)
Using page size of 4096 bytes (12 mask bits)
# Info:   (0): Warming module ib up ... this may take a while
Testing 1 bytes 100 times:
 L=523.845506  s=1  o_s=255.136341  o_r=625.032770  g=-nan  G=-nan (-nan GiB/s) lsqu(g,G)=-nan 
Testing 1025 bytes 100 times:
 L=523.845506  s=1025  o_s=262.801715  o_r=684.390682  g=694.481282  G=-0.017338 (-0.450600 GiB/s) lsqu(g,G)=-nan 
Testing 2049 bytes 100 times:
 L=523.845506  s=2049  o_s=477.391647  o_r=624.799311  g=688.310205  G=0.000689 (11.346505 GiB/s) lsqu(g,G)=15.071834 
Testing 3073 bytes 100 times:
 L=523.845506  s=3073  o_s=477.583643  o_r=666.230498  g=696.134912  G=-0.010757 (-0.726294 GiB/s) lsqu(g,G)=18.506932 
Testing 4097 bytes 100 times:
 L=523.845506  s=4097  o_s=274.414929  o_r=687.331863  g=687.802229  G=-0.002627 (-2.973673 GiB/s) lsqu(g,G)=21.432025 
Testing 5121 bytes 100 times:
 L=523.845506  s=5121  o_s=247.733125  o_r=559.811092  g=681.574477  G=0.001931 (4.046291 GiB/s) lsqu(g,G)=21.715788 
Testing 6145 bytes 100 times:
 L=523.845506  s=6145  o_s=256.647811  o_r=575.136539  g=712.022176  G=-0.015899 (-0.491376 GiB/s) lsqu(g,G)=59.063887 
Testing 7169 bytes 100 times:
 L=523.845506  s=7169  o_s=264.137002  o_r=562.822241  g=732.096895  G=-0.025697 (-0.304029 GiB/s) lsqu(g,G)=65.697967 
Testing 8193 bytes 100 times:
 L=523.845506  s=8193  o_s=272.939765  o_r=486.003639  g=740.155872  G=-0.029068 (-0.268766 GiB/s) lsqu(g,G)=62.753496 
Testing 9217 bytes 100 times:
 L=523.845506  s=9217  o_s=272.969054  o_r=495.834568  g=738.147215  G=-0.028333 (-0.275741 GiB/s) lsqu(g,G)=58.833176 
Testing 10241 bytes 100 times:
we detected a protocol change at 6145 bytes:
 L=523.845506  s=10241  o_s=263.281706  o_r=394.456651  g=681.574477  G=0.001931 (4.046291 GiB/s) lsqu(g,G)=21.715788 
 L=523.845506  s=10241  o_s=263.281706  o_r=394.456651  g=569.850015  G=-0.011899 (-0.656584 GiB/s) lsqu(g,G)=22.263110 
Testing 11265 bytes 100 times:
 L=523.845506  s=11265  o_s=274.085506  o_r=409.144195  g=591.438646  G=-0.014534 (-0.537543 GiB/s) lsqu(g,G)=18.833460 
Testing 12289 bytes 100 times:
 L=523.845506  s=12289  o_s=263.767599  o_r=562.850136  g=531.158661  G=-0.007470 (-1.045782 GiB/s) lsqu(g,G)=23.899408 
Testing 13313 bytes 100 times:
 L=523.845506  s=13313  o_s=273.807646  o_r=409.227739  g=493.560920  G=-0.003234 (-2.415410 GiB/s) lsqu(g,G)=25.150726 
Testing 14337 bytes 100 times:
 L=523.845506  s=14337  o_s=267.898860  o_r=558.785263  g=493.666411  G=-0.003246 (-2.406893 GiB/s) lsqu(g,G)=22.959408 
Testing 15361 bytes 100 times:
 L=523.845506  s=15361  o_s=280.794351  o_r=525.429416  g=489.429921  G=-0.002803 (-2.787529 GiB/s) lsqu(g,G)=21.352970 
Testing 16385 bytes 100 times:
 L=523.845506  s=16385  o_s=302.407075  o_r=552.618031  g=459.088892  G=0.000262 (29.796823 GiB/s) lsqu(g,G)=25.880884 
Testing 17409 bytes 100 times:
 L=523.845506  s=17409  o_s=269.414005  o_r=576.970508  g=426.747237  G=0.003420 (2.284191 GiB/s) lsqu(g,G)=31.286543 
Testing 18433 bytes 100 times:
 L=523.845506  s=18433  o_s=265.730438  o_r=568.514802  g=435.793836  G=0.002565 (3.045368 GiB/s) lsqu(g,G)=30.290109 
Testing 19457 bytes 100 times:
 L=523.845506  s=19457  o_s=251.342410  o_r=399.937270  g=427.809855  G=0.003296 (2.370111 GiB/s) lsqu(g,G)=29.462938 
Testing 20481 bytes 100 times:
 L=523.845506  s=20481  o_s=273.708530  o_r=418.655672  g=448.437999  G=0.001465 (5.332443 GiB/s) lsqu(g,G)=32.593887 
Testing 21505 bytes 100 times:
 L=523.845506  s=21505  o_s=278.945217  o_r=545.381029  g=458.969361  G=0.000558 (14.008233 GiB/s) lsqu(g,G)=32.576360 
Testing 22529 bytes 100 times:
 L=523.845506  s=22529  o_s=262.555372  o_r=409.015630  g=445.563631  G=0.001680 (4.651003 GiB/s) lsqu(g,G)=33.690234 
Testing 23553 bytes 100 times:
 L=523.845506  s=23553  o_s=289.314465  o_r=400.712638  g=454.032109  G=0.000991 (7.886357 GiB/s) lsqu(g,G)=33.572057 
Testing 24577 bytes 100 times:
 L=523.845506  s=24577  o_s=272.986762  o_r=418.046675  g=454.094964  G=0.000986 (7.926175 GiB/s) lsqu(g,G)=32.506068 
Testing 25601 bytes 100 times:
 L=523.845506  s=25601  o_s=278.751662  o_r=575.175087  g=459.109781  G=0.000599 (13.041253 GiB/s) lsqu(g,G)=32.004145 
Testing 26625 bytes 100 times:
 L=523.845506  s=26625  o_s=265.220155  o_r=416.086896  g=463.484008  G=0.000270 (28.882505 GiB/s) lsqu(g,G)=31.503247 
Testing 27649 bytes 100 times:
 L=523.845506  s=27649  o_s=265.165140  o_r=423.721622  g=466.684135  G=0.000036 (216.261360 GiB/s) lsqu(g,G)=30.903125 
Testing 28673 bytes 100 times:
 L=523.845506  s=28673  o_s=275.251182  o_r=437.250842  g=473.581611  G=-0.000457 (-17.106263 GiB/s) lsqu(g,G)=31.343672 
Testing 29697 bytes 100 times:
 L=523.845506  s=29697  o_s=271.815629  o_r=386.375641  g=469.829324  G=-0.000195 (-40.067472 GiB/s) lsqu(g,G)=30.981809 
Testing 30721 bytes 100 times:
 L=523.845506  s=30721  o_s=268.469169  o_r=397.153145  g=471.342316  G=-0.000298 (-26.211154 GiB/s) lsqu(g,G)=30.339951 
Testing 31745 bytes 100 times:
 L=523.845506  s=31745  o_s=275.862140  o_r=477.741887  g=478.742321  G=-0.000791 (-9.879888 GiB/s) lsqu(g,G)=31.476781 
Testing 32769 bytes 100 times:
 L=523.845506  s=32769  o_s=273.785261  o_r=389.371441  g=481.290435  G=-0.000957 (-8.166691 GiB/s) lsqu(g,G)=31.041440 
Testing 33793 bytes 100 times:
 L=523.845506  s=33793  o_s=279.767104  o_r=412.338965  g=475.792538  G=-0.000606 (-12.881342 GiB/s) lsqu(g,G)=31.547033 
Testing 34817 bytes 100 times:
 L=523.845506  s=34817  o_s=272.071104  o_r=558.482266  g=474.097178  G=-0.000501 (-15.599237 GiB/s) lsqu(g,G)=31.049453 
Testing 35841 bytes 100 times:
 L=523.845506  s=35841  o_s=264.041116  o_r=399.741765  g=477.534277  G=-0.000711 (-10.994279 GiB/s) lsqu(g,G)=30.977163 
Testing 36865 bytes 100 times:
 L=523.845506  s=36865  o_s=309.935468  o_r=498.225818  g=479.289703  G=-0.000816 (-9.579464 GiB/s) lsqu(g,G)=30.560862 
Testing 37889 bytes 100 times:
 L=523.845506  s=37889  o_s=275.007512  o_r=409.417891  g=473.531866  G=-0.000478 (-16.337539 GiB/s) lsqu(g,G)=31.629280 
Testing 38913 bytes 100 times:
 L=523.845506  s=38913  o_s=507.213994  o_r=494.829050  g=471.494916  G=-0.000361 (-21.630031 GiB/s) lsqu(g,G)=31.306838 
Testing 39937 bytes 100 times:
 L=523.845506  s=39937  o_s=474.971425  o_r=493.718804  g=467.116491  G=-0.000115 (-68.219282 GiB/s) lsqu(g,G)=31.814015 
Testing 40961 bytes 100 times:
 L=523.845506  s=40961  o_s=471.860172  o_r=488.117264  g=464.687141  G=0.000020 (395.376370 GiB/s) lsqu(g,G)=31.640588 
Testing 41985 bytes 100 times:
 L=523.845506  s=41985  o_s=487.102606  o_r=678.282936  g=460.048129  G=0.000271 (28.782902 GiB/s) lsqu(g,G)=32.400960 
Testing 43009 bytes 100 times:
 L=523.845506  s=43009  o_s=277.517830  o_r=679.884722  g=440.494089  G=0.001313 (5.950300 GiB/s) lsqu(g,G)=49.919755 
Testing 44033 bytes 100 times:
 L=523.845506  s=44033  o_s=285.919004  o_r=676.966617  g=425.066521  G=0.002120 (3.685102 GiB/s) lsqu(g,G)=58.146968 
Testing 45057 bytes 100 times:
 L=523.845506  s=45057  o_s=274.563715  o_r=681.447245  g=411.687468  G=0.002808 (2.782582 GiB/s) lsqu(g,G)=63.579274 
Testing 46081 bytes 100 times:
 L=523.845506  s=46081  o_s=275.793427  o_r=670.138937  g=400.991711  G=0.003348 (2.333566 GiB/s) lsqu(g,G)=66.610836 
Testing 47105 bytes 100 times:
 L=523.845506  s=47105  o_s=277.992029  o_r=681.964616  g=392.580650  G=0.003766 (2.074749 GiB/s) lsqu(g,G)=68.155558 
Testing 48129 bytes 100 times:
 L=523.845506  s=48129  o_s=279.227198  o_r=687.866566  g=385.172131  G=0.004127 (1.892910 GiB/s) lsqu(g,G)=69.199609 
Testing 49153 bytes 100 times:
 L=523.845506  s=49153  o_s=275.173448  o_r=669.655736  g=377.931551  G=0.004475 (1.745820 GiB/s) lsqu(g,G)=70.211530 
Testing 50177 bytes 100 times:
 L=523.845506  s=50177  o_s=274.542555  o_r=688.611069  g=372.959890  G=0.004710 (1.658744 GiB/s) lsqu(g,G)=70.264872 
Testing 51201 bytes 100 times:
 L=523.845506  s=51201  o_s=273.780361  o_r=693.137298  g=367.270711  G=0.004974 (1.570528 GiB/s) lsqu(g,G)=70.662307 
Testing 52225 bytes 100 times:
 L=523.845506  s=52225  o_s=276.084762  o_r=673.094481  g=363.427766  G=0.005150 (1.516888 GiB/s) lsqu(g,G)=70.421104 
Testing 53249 bytes 100 times:
 L=523.845506  s=53249  o_s=266.331150  o_r=666.851378  g=360.398640  G=0.005287 (1.477717 GiB/s) lsqu(g,G)=69.994584 
Testing 54273 bytes 100 times:
 L=523.845506  s=54273  o_s=270.836938  o_r=680.445165  g=358.670472  G=0.005364 (1.456583 GiB/s) lsqu(g,G)=69.340867 
Testing 55297 bytes 100 times:
 L=523.845506  s=55297  o_s=280.951712  o_r=682.237118  g=356.992197  G=0.005437 (1.436924 GiB/s) lsqu(g,G)=68.709310 
Testing 56321 bytes 100 times:
 L=523.845506  s=56321  o_s=283.917520  o_r=676.878555  g=355.322106  G=0.005509 (1.418156 GiB/s) lsqu(g,G)=68.104741 
Testing 57345 bytes 100 times:
 L=523.845506  s=57345  o_s=264.962230  o_r=678.651821  g=354.324218  G=0.005551 (1.407333 GiB/s) lsqu(g,G)=67.440035 
Testing 58369 bytes 100 times:
 L=523.845506  s=58369  o_s=272.560116  o_r=676.819648  g=353.768543  G=0.005575 (1.401462 GiB/s) lsqu(g,G)=66.763969 
Testing 59393 bytes 100 times:
 L=523.845506  s=59393  o_s=492.972190  o_r=641.113220  g=353.296286  G=0.005594 (1.396580 GiB/s) lsqu(g,G)=66.104716 
Testing 60417 bytes 100 times:
 L=523.845506  s=60417  o_s=505.067400  o_r=654.022784  g=355.185677  G=0.005517 (1.416040 GiB/s) lsqu(g,G)=65.648832 
Testing 61441 bytes 100 times:
 L=523.845506  s=61441  o_s=491.543355  o_r=684.745790  g=354.506277  G=0.005544 (1.409077 GiB/s) lsqu(g,G)=65.040736 
Testing 62465 bytes 100 times:
 L=523.845506  s=62465  o_s=481.345835  o_r=684.373369  g=355.709284  G=0.005497 (1.421285 GiB/s) lsqu(g,G)=64.509445 
Testing 63489 bytes 100 times:
 L=523.845506  s=63489  o_s=253.740025  o_r=701.538645  g=357.245679  G=0.005437 (1.436974 GiB/s) lsqu(g,G)=64.053268 
Testing 64513 bytes 100 times:
 L=523.845506  s=64513  o_s=275.101951  o_r=684.189075  g=357.182100  G=0.005439 (1.436326 GiB/s) lsqu(g,G)=63.468549 
Testing 65537 bytes 100 times:
 L=523.845506  s=65537  o_s=276.274865  o_r=687.936835  g=357.374643  G=0.005432 (1.438264 GiB/s) lsqu(g,G)=62.901737 
Testing 66561 bytes 100 times:
 L=523.845506  s=66561  o_s=493.735832  o_r=681.733259  g=358.269724  G=0.005398 (1.447220 GiB/s) lsqu(g,G)=62.401705 
Testing 67585 bytes 100 times:
 L=523.845506  s=67585  o_s=481.657996  o_r=689.430101  g=359.234178  G=0.005363 (1.456873 GiB/s) lsqu(g,G)=61.926414 
Testing 68609 bytes 100 times:
 L=523.845506  s=68609  o_s=497.902508  o_r=684.338315  g=360.860352  G=0.005303 (1.473233 GiB/s) lsqu(g,G)=61.589947 
Testing 69633 bytes 100 times:
 L=523.845506  s=69633  o_s=490.530474  o_r=688.223601  g=361.921900  G=0.005265 (1.483977 GiB/s) lsqu(g,G)=61.158235 
Testing 70657 bytes 100 times:
 L=523.845506  s=70657  o_s=495.433507  o_r=696.621667  g=363.421356  G=0.005211 (1.499232 GiB/s) lsqu(g,G)=60.826875 
Testing 71681 bytes 100 times:
 L=523.845506  s=71681  o_s=274.212242  o_r=693.080937  g=364.713208  G=0.005165 (1.512467 GiB/s) lsqu(g,G)=60.465726 
Testing 72705 bytes 100 times:
 L=523.845506  s=72705  o_s=270.365188  o_r=685.812627  g=366.466249  G=0.005104 (1.530583 GiB/s) lsqu(g,G)=60.232581 
Testing 73729 bytes 100 times:
 L=523.845506  s=73729  o_s=280.870971  o_r=696.802013  g=367.738888  G=0.005060 (1.543850 GiB/s) lsqu(g,G)=59.894774 
Testing 74753 bytes 100 times:
 L=523.845506  s=74753  o_s=278.260200  o_r=695.321996  g=369.137420  G=0.005013 (1.558523 GiB/s) lsqu(g,G)=59.599262 
Testing 75777 bytes 100 times:
 L=523.845506  s=75777  o_s=274.839459  o_r=706.665439  g=370.478767  G=0.004968 (1.572694 GiB/s) lsqu(g,G)=59.303737 
Testing 76801 bytes 100 times:
 L=523.845506  s=76801  o_s=265.667516  o_r=703.336694  g=372.650468  G=0.004895 (1.595920 GiB/s) lsqu(g,G)=59.282757 
Testing 77825 bytes 100 times:
 L=523.845506  s=77825  o_s=280.872976  o_r=698.840058  g=375.088633  G=0.004815 (1.622521 GiB/s) lsqu(g,G)=59.389390 
Testing 78849 bytes 100 times:
 L=523.845506  s=78849  o_s=282.008137  o_r=688.598795  g=376.520414  G=0.004768 (1.638379 GiB/s) lsqu(g,G)=59.149149 
Testing 79873 bytes 100 times:
 L=523.845506  s=79873  o_s=281.460324  o_r=687.638746  g=378.359002  G=0.004709 (1.658972 GiB/s) lsqu(g,G)=59.048479 
Testing 80897 bytes 100 times:
 L=523.845506  s=80897  o_s=276.611082  o_r=689.566519  g=380.130890  G=0.004653 (1.679090 GiB/s) lsqu(g,G)=58.937933 
Testing 81921 bytes 100 times:
 L=523.845506  s=81921  o_s=276.216732  o_r=694.546513  g=382.158768  G=0.004589 (1.702463 GiB/s) lsqu(g,G)=58.937169 
Testing 82945 bytes 100 times:
 L=523.845506  s=82945  o_s=275.614572  o_r=686.619887  g=384.121450  G=0.004528 (1.725463 GiB/s) lsqu(g,G)=58.923470 
Testing 83969 bytes 100 times:
 L=523.845506  s=83969  o_s=277.746020  o_r=695.383299  g=386.218718  G=0.004463 (1.750467 GiB/s) lsqu(g,G)=58.979067 
Testing 84993 bytes 100 times:
 L=523.845506  s=84993  o_s=284.273226  o_r=696.533249  g=388.210126  G=0.004402 (1.774631 GiB/s) lsqu(g,G)=59.002127 
Testing 86017 bytes 100 times:
 L=523.845506  s=86017  o_s=288.370409  o_r=700.217548  g=389.783385  G=0.004355 (1.793994 GiB/s) lsqu(g,G)=58.878239 
Testing 87041 bytes 100 times:
 L=523.845506  s=87041  o_s=284.498521  o_r=696.850157  g=391.751300  G=0.004296 (1.818561 GiB/s) lsqu(g,G)=58.917889 
Testing 88065 bytes 100 times:
 L=523.845506  s=88065  o_s=292.385626  o_r=687.183144  g=393.550394  G=0.004243 (1.841381 GiB/s) lsqu(g,G)=58.898862 
Testing 89089 bytes 100 times:
 L=523.845506  s=89089  o_s=272.580384  o_r=682.309815  g=395.723416  G=0.004179 (1.869431 GiB/s) lsqu(g,G)=59.058338 
Testing 90113 bytes 100 times:
 L=523.845506  s=90113  o_s=286.617607  o_r=685.482353  g=397.687222  G=0.004122 (1.895264 GiB/s) lsqu(g,G)=59.130277 
Testing 91137 bytes 100 times:
 L=523.845506  s=91137  o_s=486.116230  o_r=686.692491  g=399.620887  G=0.004067 (1.921148 GiB/s) lsqu(g,G)=59.199554 
Testing 92161 bytes 100 times:
 L=523.845506  s=92161  o_s=492.410011  o_r=668.644353  g=401.641226  G=0.004009 (1.948684 GiB/s) lsqu(g,G)=59.319871 
Testing 93185 bytes 100 times:
 L=523.845506  s=93185  o_s=484.870593  o_r=680.875785  g=403.888459  G=0.003946 (1.979947 GiB/s) lsqu(g,G)=59.566115 
Testing 94209 bytes 100 times:
 L=523.845506  s=94209  o_s=476.235771  o_r=680.795150  g=406.026848  G=0.003886 (2.010345 GiB/s) lsqu(g,G)=59.764724 
Testing 95233 bytes 100 times:
 L=523.845506  s=95233  o_s=267.822685  o_r=702.238599  g=408.502232  G=0.003818 (2.046370 GiB/s) lsqu(g,G)=60.162798 
Testing 96257 bytes 100 times:
 L=523.845506  s=96257  o_s=275.468793  o_r=697.854609  g=410.937591  G=0.003751 (2.082747 GiB/s) lsqu(g,G)=60.545145 
Testing 97281 bytes 100 times:
 L=523.845506  s=97281  o_s=287.766912  o_r=696.196699  g=413.597733  G=0.003679 (2.123598 GiB/s) lsqu(g,G)=61.077687 
Testing 98305 bytes 100 times:
 L=523.845506  s=98305  o_s=285.208818  o_r=695.288135  g=415.516594  G=0.003627 (2.153792 GiB/s) lsqu(g,G)=61.192833 
Testing 99329 bytes 100 times:
 L=523.845506  s=99329  o_s=279.199690  o_r=693.054279  g=417.645041  G=0.003571 (2.187985 GiB/s) lsqu(g,G)=61.424847 
Testing 100353 bytes 100 times:
 L=523.845506  s=100353  o_s=508.441813  o_r=697.172597  g=419.945549  G=0.003510 (2.225834 GiB/s) lsqu(g,G)=61.763211 
Testing 101377 bytes 100 times:
 L=523.845506  s=101377  o_s=489.290740  o_r=659.525936  g=422.392449  G=0.003446 (2.267176 GiB/s) lsqu(g,G)=62.199191 
Testing 102401 bytes 100 times:
 L=523.845506  s=102401  o_s=489.497770  o_r=682.511324  g=424.889777  G=0.003381 (2.310590 GiB/s) lsqu(g,G)=62.674474 
Testing 103425 bytes 100 times:
 L=523.845506  s=103425  o_s=483.192853  o_r=703.196080  g=426.933353  G=0.003329 (2.347044 GiB/s) lsqu(g,G)=62.886560 
Testing 104449 bytes 100 times:
 L=523.845506  s=104449  o_s=497.129400  o_r=677.817844  g=429.013630  G=0.003276 (2.385016 GiB/s) lsqu(g,G)=63.126962 
Testing 105473 bytes 100 times:
 L=523.845506  s=105473  o_s=271.862069  o_r=700.602489  g=430.949238  G=0.003227 (2.421148 GiB/s) lsqu(g,G)=63.297592 
Testing 106497 bytes 100 times:
 L=523.845506  s=106497  o_s=281.969382  o_r=695.963486  g=432.872648  G=0.003179 (2.457832 GiB/s) lsqu(g,G)=63.469917 
Testing 107521 bytes 100 times:
 L=523.845506  s=107521  o_s=283.132496  o_r=695.204071  g=434.768262  G=0.003132 (2.494770 GiB/s) lsqu(g,G)=63.635616 
Testing 108545 bytes 100 times:
 L=523.845506  s=108545  o_s=284.641182  o_r=693.451499  g=436.085961  G=0.003099 (2.520884 GiB/s) lsqu(g,G)=63.551704 
Testing 109569 bytes 100 times:
 L=523.845506  s=109569  o_s=283.913734  o_r=689.914493  g=437.734088  G=0.003059 (2.554044 GiB/s) lsqu(g,G)=63.612916 
Testing 110593 bytes 100 times:
 L=523.845506  s=110593  o_s=278.575925  o_r=697.249963  g=439.633510  G=0.003013 (2.593028 GiB/s) lsqu(g,G)=63.808329 
Testing 111617 bytes 100 times:
 L=523.845506  s=111617  o_s=275.515678  o_r=687.296764  g=441.290966  G=0.002973 (2.627741 GiB/s) lsqu(g,G)=63.887442 
Testing 112641 bytes 100 times:
 L=523.845506  s=112641  o_s=510.424698  o_r=691.899737  g=442.866736  G=0.002936 (2.661337 GiB/s) lsqu(g,G)=63.935418 
Testing 113665 bytes 100 times:
 L=523.845506  s=113665  o_s=487.879834  o_r=668.993517  g=444.414398  G=0.002899 (2.694905 GiB/s) lsqu(g,G)=63.977559 
Testing 114689 bytes 100 times:
 L=523.845506  s=114689  o_s=496.485032  o_r=700.266656  g=446.054176  G=0.002861 (2.731111 GiB/s) lsqu(g,G)=64.070305 
Testing 115713 bytes 100 times:
 L=523.845506  s=115713  o_s=500.824438  o_r=682.293576  g=448.201237  G=0.002811 (2.779620 GiB/s) lsqu(g,G)=64.457931 
Testing 116737 bytes 100 times:
 L=523.845506  s=116737  o_s=486.987564  o_r=672.572752  g=450.183780  G=0.002765 (2.825596 GiB/s) lsqu(g,G)=64.748460 
Testing 117761 bytes 100 times:
 L=523.845506  s=117761  o_s=488.267725  o_r=697.977652  g=452.420021  G=0.002714 (2.878888 GiB/s) lsqu(g,G)=65.207266 
Testing 118785 bytes 100 times:
 L=523.845506  s=118785  o_s=488.646372  o_r=693.282468  g=454.452774  G=0.002668 (2.928710 GiB/s) lsqu(g,G)=65.538012 
Testing 119809 bytes 100 times:
 L=523.845506  s=119809  o_s=492.569711  o_r=675.317864  g=455.925873  G=0.002634 (2.965616 GiB/s) lsqu(g,G)=65.572264 
Testing 120833 bytes 100 times:
 L=523.845506  s=120833  o_s=263.149959  o_r=694.697825  g=457.986593  G=0.002588 (3.018420 GiB/s) lsqu(g,G)=65.935852 
Testing 121857 bytes 100 times:
 L=523.845506  s=121857  o_s=282.811426  o_r=692.088473  g=459.371509  G=0.002558 (3.054696 GiB/s) lsqu(g,G)=65.939915 
Testing 122881 bytes 100 times:
 L=523.845506  s=122881  o_s=285.522093  o_r=691.215944  g=460.711371  G=0.002528 (3.090358 GiB/s) lsqu(g,G)=65.930537 
Testing 123905 bytes 100 times:
 L=523.845506  s=123905  o_s=288.806966  o_r=668.790986  g=461.770590  G=0.002505 (3.118928 GiB/s) lsqu(g,G)=65.818861 
Testing 124929 bytes 100 times:
 L=523.845506  s=124929  o_s=271.146092  o_r=585.353525  g=467.637738  G=0.002378 (3.285954 GiB/s) lsqu(g,G)=70.930183 
Testing 125953 bytes 100 times:
 L=523.845506  s=125953  o_s=281.413327  o_r=563.620625  g=472.378013  G=0.002275 (3.433414 GiB/s) lsqu(g,G)=73.984614 
Testing 126977 bytes 100 times:
 L=523.845506  s=126977  o_s=281.972389  o_r=579.962170  g=477.344510  G=0.002169 (3.601512 GiB/s) lsqu(g,G)=77.241758 
Testing 128001 bytes 100 times:
 L=523.845506  s=128001  o_s=279.517197  o_r=560.949057  g=481.705327  G=0.002077 (3.762066 GiB/s) lsqu(g,G)=79.598581 
Testing 129025 bytes 100 times:
 L=523.845506  s=129025  o_s=284.787517  o_r=563.409117  g=486.013332  G=0.001986 (3.934075 GiB/s) lsqu(g,G)=81.836140 
Testing 130049 bytes 100 times:
 L=523.845506  s=130049  o_s=274.840907  o_r=559.172028  g=491.722188  G=0.001866 (4.185886 GiB/s) lsqu(g,G)=85.890834 
