gnode006.cluster
gnode006.cluster
# Info:   (0): Netgauge v2.4.6 MPI enabled (P=2, threadlevel=0) (/home/ldai8/software/Netguage/netgauge -m mpi -x loggp -o ng_logGP_intranode )
# initializing x86-64 timer (takes some seconds)
# Info:   (0): Warming module mpi up ... this may take a while
Testing 1 bytes 100 times:
 L=0.378368  s=1  o_s=0.051785  o_r=0.196453  g=-nan  G=-nan (-nan GiB/s) lsqu(g,G)=-nan 
Testing 1025 bytes 100 times:
 L=0.378368  s=1025  o_s=0.083636  o_r=0.331653  g=0.192399  G=0.000153 (51.019112 GiB/s) lsqu(g,G)=-nan 
Testing 2049 bytes 100 times:
 L=0.378368  s=2049  o_s=0.189991  o_r=0.435670  g=0.199455  G=0.000133 (58.953558 GiB/s) lsqu(g,G)=0.017231 
Testing 3073 bytes 100 times:
 L=0.378368  s=3073  o_s=0.236320  o_r=0.582675  g=0.206117  G=0.000123 (63.632660 GiB/s) lsqu(g,G)=0.017732 
Testing 4097 bytes 100 times:
 L=0.378368  s=4097  o_s=0.276634  o_r=0.734023  g=0.214288  G=0.000115 (68.051260 GiB/s) lsqu(g,G)=0.020778 
Testing 5121 bytes 100 times:
 L=0.378368  s=5121  o_s=0.284987  o_r=0.852630  g=0.233143  G=0.000101 (77.348773 GiB/s) lsqu(g,G)=0.038582 
Testing 6145 bytes 100 times:
 L=0.378368  s=6145  o_s=0.328420  o_r=0.965890  g=0.252597  G=0.000090 (87.182068 GiB/s) lsqu(g,G)=0.049609 
Testing 7169 bytes 100 times:
 L=0.378368  s=7169  o_s=0.357932  o_r=1.091735  g=0.270679  G=0.000081 (96.705490 GiB/s) lsqu(g,G)=0.056516 
Testing 8193 bytes 100 times:
 L=0.378368  s=8193  o_s=0.392344  o_r=1.202212  g=0.283899  G=0.000075 (103.812674 GiB/s) lsqu(g,G)=0.058132 
Testing 9217 bytes 100 times:
 L=0.378368  s=9217  o_s=0.443461  o_r=1.304225  g=0.298299  G=0.000070 (111.632088 GiB/s) lsqu(g,G)=0.061304 
Testing 10241 bytes 100 times:
 L=0.378368  s=10241  o_s=0.471971  o_r=1.402562  g=0.312383  G=0.000065 (119.455171 GiB/s) lsqu(g,G)=0.064407 
Testing 11265 bytes 100 times:
 L=0.378368  s=11265  o_s=0.505492  o_r=1.506802  g=0.326744  G=0.000061 (127.665241 GiB/s) lsqu(g,G)=0.067953 
Testing 12289 bytes 100 times:
 L=0.378368  s=12289  o_s=0.528768  o_r=1.571953  g=0.338495  G=0.000058 (134.544454 GiB/s) lsqu(g,G)=0.069430 
Testing 13313 bytes 100 times:
 L=0.378368  s=13313  o_s=0.586901  o_r=1.640778  g=0.348830  G=0.000056 (140.655163 GiB/s) lsqu(g,G)=0.070178 
Testing 14337 bytes 100 times:
 L=0.378368  s=14337  o_s=0.622650  o_r=1.692119  g=0.358313  G=0.000053 (146.281999 GiB/s) lsqu(g,G)=0.070660 
Testing 15361 bytes 100 times:
 L=0.378368  s=15361  o_s=0.651271  o_r=1.746021  g=0.368781  G=0.000051 (152.537641 GiB/s) lsqu(g,G)=0.072154 
Testing 16385 bytes 100 times:
 L=0.378368  s=16385  o_s=0.679558  o_r=1.765845  g=0.377319  G=0.000050 (157.669988 GiB/s) lsqu(g,G)=0.072495 
Testing 17409 bytes 100 times:
 L=0.378368  s=17409  o_s=0.730675  o_r=1.807274  g=0.385019  G=0.000048 (162.286739 GiB/s) lsqu(g,G)=0.072550 
Testing 18433 bytes 100 times:
 L=0.378368  s=18433  o_s=0.765199  o_r=1.816741  g=0.392067  G=0.000047 (166.486673 GiB/s) lsqu(g,G)=0.072441 
Testing 19457 bytes 100 times:
 L=0.378368  s=19457  o_s=0.794600  o_r=1.833781  g=0.399475  G=0.000046 (170.876737 GiB/s) lsqu(g,G)=0.072760 
Testing 20481 bytes 100 times:
 L=0.378368  s=20481  o_s=0.815425  o_r=1.877549  g=0.406211  G=0.000045 (174.848208 GiB/s) lsqu(g,G)=0.072840 
Testing 21505 bytes 100 times:
 L=0.378368  s=21505  o_s=0.879684  o_r=1.919201  g=0.410355  G=0.000044 (177.255727 GiB/s) lsqu(g,G)=0.071794 
Testing 22529 bytes 100 times:
 L=0.378368  s=22529  o_s=0.906634  o_r=1.963302  g=0.412659  G=0.000044 (178.557745 GiB/s) lsqu(g,G)=0.070324 
Testing 23553 bytes 100 times:
 L=0.378368  s=23553  o_s=0.936147  o_r=2.020880  g=0.414193  G=0.000044 (179.395400 GiB/s) lsqu(g,G)=0.068829 
Testing 24577 bytes 100 times:
 L=0.378368  s=24577  o_s=0.963543  o_r=2.095162  g=0.412757  G=0.000044 (178.645265 GiB/s) lsqu(g,G)=0.067429 
Testing 25601 bytes 100 times:
 L=0.378368  s=25601  o_s=1.018558  o_r=2.152071  g=0.408960  G=0.000044 (176.771918 GiB/s) lsqu(g,G)=0.066836 
Testing 26625 bytes 100 times:
 L=0.378368  s=26625  o_s=1.050408  o_r=2.210205  g=0.403452  G=0.000045 (174.227493 GiB/s) lsqu(g,G)=0.067282 
Testing 27649 bytes 100 times:
 L=0.378368  s=27649  o_s=1.094732  o_r=2.266557  g=0.397927  G=0.000045 (171.841926 GiB/s) lsqu(g,G)=0.067825 
Testing 28673 bytes 100 times:
 L=0.378368  s=28673  o_s=1.233495  o_r=2.406991  g=0.392537  G=0.000046 (169.659677 GiB/s) lsqu(g,G)=0.068355 
Testing 29697 bytes 100 times:
 L=0.378368  s=29697  o_s=1.169905  o_r=2.423029  g=0.386836  G=0.000047 (167.490163 GiB/s) lsqu(g,G)=0.069174 
Testing 30721 bytes 100 times:
 L=0.378368  s=30721  o_s=1.230934  o_r=2.470248  g=0.381455  G=0.000047 (165.560835 GiB/s) lsqu(g,G)=0.069829 
Testing 31745 bytes 100 times:
 L=0.378368  s=31745  o_s=1.274812  o_r=2.610236  g=0.376823  G=0.000048 (163.989283 GiB/s) lsqu(g,G)=0.070061 
Testing 32769 bytes 100 times:
 L=0.378368  s=32769  o_s=1.436850  o_r=2.646543  g=0.367730  G=0.000048 (161.083894 GiB/s) lsqu(g,G)=0.074313 
Testing 33793 bytes 100 times:
 L=0.378368  s=33793  o_s=1.399431  o_r=2.697883  g=0.363805  G=0.000049 (159.899157 GiB/s) lsqu(g,G)=0.074145 
Testing 34817 bytes 100 times:
 L=0.378368  s=34817  o_s=1.633635  o_r=2.836758  g=0.354662  G=0.000050 (157.286225 GiB/s) lsqu(g,G)=0.078441 
Testing 35841 bytes 100 times:
 L=0.378368  s=35841  o_s=1.686868  o_r=2.866160  g=0.347367  G=0.000050 (155.320929 GiB/s) lsqu(g,G)=0.080675 
Testing 36865 bytes 100 times:
 L=0.378368  s=36865  o_s=1.639426  o_r=2.932646  g=0.345384  G=0.000050 (154.810051 GiB/s) lsqu(g,G)=0.079769 
Testing 37889 bytes 100 times:
 L=0.378368  s=37889  o_s=1.701457  o_r=2.991336  g=0.343098  G=0.000051 (154.241480 GiB/s) lsqu(g,G)=0.079004 
Testing 38913 bytes 100 times:
 L=0.378368  s=38913  o_s=1.800016  o_r=3.060161  g=0.341122  G=0.000051 (153.766556 GiB/s) lsqu(g,G)=0.078199 
Testing 39937 bytes 100 times:
 L=0.378368  s=39937  o_s=1.855811  o_r=3.123418  g=0.339135  G=0.000051 (153.304444 GiB/s) lsqu(g,G)=0.077446 
Testing 40961 bytes 100 times:
 L=0.378368  s=40961  o_s=1.887884  o_r=3.180884  g=0.336914  G=0.000051 (152.804211 GiB/s) lsqu(g,G)=0.076811 
Testing 41985 bytes 100 times:
 L=0.378368  s=41985  o_s=2.099035  o_r=3.307062  g=0.328859  G=0.000052 (151.061207 GiB/s) lsqu(g,G)=0.080641 
Testing 43009 bytes 100 times:
 L=0.378368  s=43009  o_s=2.139238  o_r=3.412416  g=0.322815  G=0.000052 (149.810277 GiB/s) lsqu(g,G)=0.082317 
Testing 44033 bytes 100 times:
 L=0.378368  s=44033  o_s=2.180889  o_r=3.478903  g=0.317683  G=0.000053 (148.789022 GiB/s) lsqu(g,G)=0.083261 
Testing 45057 bytes 100 times:
 L=0.378368  s=45057  o_s=2.207506  o_r=3.549956  g=0.313020  G=0.000053 (147.894137 GiB/s) lsqu(g,G)=0.083899 
Testing 46081 bytes 100 times:
 L=0.378368  s=46081  o_s=2.266530  o_r=3.595728  g=0.308412  G=0.000053 (147.040164 GiB/s) lsqu(g,G)=0.084533 
Testing 47105 bytes 100 times:
 L=0.378368  s=47105  o_s=2.324886  o_r=3.659764  g=0.304283  G=0.000053 (146.299972 GiB/s) lsqu(g,G)=0.084885 
Testing 48129 bytes 100 times:
 L=0.378368  s=48129  o_s=2.360635  o_r=3.723243  g=0.300145  G=0.000054 (145.581630 GiB/s) lsqu(g,G)=0.085278 
Testing 49153 bytes 100 times:
 L=0.378368  s=49153  o_s=2.381572  o_r=3.765452  g=0.296643  G=0.000054 (144.991850 GiB/s) lsqu(g,G)=0.085328 
Testing 50177 bytes 100 times:
 L=0.378368  s=50177  o_s=2.451621  o_r=3.819020  g=0.292957  G=0.000054 (144.388929 GiB/s) lsqu(g,G)=0.085518 
Testing 51201 bytes 100 times:
 L=0.378368  s=51201  o_s=2.487481  o_r=3.873590  g=0.289814  G=0.000054 (143.889365 GiB/s) lsqu(g,G)=0.085442 
Testing 52225 bytes 100 times:
 L=0.378368  s=52225  o_s=2.556083  o_r=3.929942  g=0.286856  G=0.000054 (143.431474 GiB/s) lsqu(g,G)=0.085308 
Testing 53249 bytes 100 times:
 L=0.378368  s=53249  o_s=2.576463  o_r=3.926268  g=0.284290  G=0.000055 (143.044356 GiB/s) lsqu(g,G)=0.085023 
Testing 54273 bytes 100 times:
 L=0.378368  s=54273  o_s=2.459862  o_r=3.962461  g=0.286599  G=0.000054 (143.385890 GiB/s) lsqu(g,G)=0.084661 
Testing 55297 bytes 100 times:
 L=0.378368  s=55297  o_s=2.527796  o_r=4.016808  g=0.288395  G=0.000054 (143.647537 GiB/s) lsqu(g,G)=0.084142 
Testing 56321 bytes 100 times:
 L=0.378368  s=56321  o_s=2.570115  o_r=4.076390  g=0.290043  G=0.000054 (143.884073 GiB/s) lsqu(g,G)=0.083605 
Testing 57345 bytes 100 times:
 L=0.378368  s=57345  o_s=2.595173  o_r=4.120269  g=0.291529  G=0.000054 (144.094220 GiB/s) lsqu(g,G)=0.083045 
Testing 58369 bytes 100 times:
 L=0.378368  s=58369  o_s=2.674020  o_r=4.246225  g=0.293109  G=0.000054 (144.314144 GiB/s) lsqu(g,G)=0.082535 
Testing 59393 bytes 100 times:
 L=0.378368  s=59393  o_s=2.898535  o_r=4.389890  g=0.289927  G=0.000054 (143.879560 GiB/s) lsqu(g,G)=0.082780 
Testing 60417 bytes 100 times:
 L=0.378368  s=60417  o_s=2.965355  o_r=4.449583  g=0.286767  G=0.000054 (143.457906 GiB/s) lsqu(g,G)=0.083033 
Testing 61441 bytes 100 times:
 L=0.378368  s=61441  o_s=2.950098  o_r=4.510278  g=0.284063  G=0.000055 (143.105074 GiB/s) lsqu(g,G)=0.083047 
Testing 62465 bytes 100 times:
 L=0.378368  s=62465  o_s=3.000769  o_r=4.563066  g=0.281451  G=0.000055 (142.771529 GiB/s) lsqu(g,G)=0.083035 
Testing 63489 bytes 100 times:
 L=0.378368  s=63489  o_s=3.075719  o_r=4.621312  g=0.278835  G=0.000055 (142.444518 GiB/s) lsqu(g,G)=0.083046 
Testing 64513 bytes 100 times:
 L=0.378368  s=64513  o_s=3.129286  o_r=4.677107  g=0.276300  G=0.000055 (142.134037 GiB/s) lsqu(g,G)=0.083036 
Testing 65537 bytes 100 times:
 L=0.378368  s=65537  o_s=4.341733  o_r=7.073712  g=0.186304  G=0.000059 (132.078129 GiB/s) lsqu(g,G)=0.383198 
Testing 66561 bytes 100 times:
 L=0.378368  s=66561  o_s=4.404878  o_r=7.133738  g=0.102620  G=0.000063 (124.045038 GiB/s) lsqu(g,G)=0.517098 
Testing 67585 bytes 100 times:
 L=0.378368  s=67585  o_s=4.449536  o_r=7.219937  g=0.024454  G=0.000067 (117.473946 GiB/s) lsqu(g,G)=0.609901 
Testing 68609 bytes 100 times:
 L=0.378368  s=68609  o_s=4.487734  o_r=7.277179  g=-0.047708  G=0.000070 (112.075923 GiB/s) lsqu(g,G)=0.678445 
Testing 69633 bytes 100 times:
 L=0.378368  s=69633  o_s=4.576605  o_r=7.350570  g=-0.114885  G=0.000073 (107.544308 GiB/s) lsqu(g,G)=0.732088 
Testing 70657 bytes 100 times:
 L=0.378368  s=70657  o_s=4.593533  o_r=7.372510  g=-0.177247  G=0.000075 (103.708735 GiB/s) lsqu(g,G)=0.774708 
Testing 71681 bytes 100 times:
 L=0.378368  s=71681  o_s=4.484728  o_r=7.302126  g=-0.229992  G=0.000078 (100.714721 GiB/s) lsqu(g,G)=0.802337 
Testing 72705 bytes 100 times:
 L=0.378368  s=72705  o_s=4.522704  o_r=7.390885  g=-0.278992  G=0.000080 (98.120767 GiB/s) lsqu(g,G)=0.824777 
Testing 73729 bytes 100 times:
 L=0.378368  s=73729  o_s=4.779626  o_r=7.654268  g=-0.329234  G=0.000082 (95.630869 GiB/s) lsqu(g,G)=0.848153 
Testing 74753 bytes 100 times:
 L=0.378368  s=74753  o_s=4.801899  o_r=7.699261  g=-0.375004  G=0.000084 (93.499469 GiB/s) lsqu(g,G)=0.866198 
Testing 75777 bytes 100 times:
 L=0.378368  s=75777  o_s=4.863819  o_r=7.746814  g=-0.411783  G=0.000085 (91.876516 GiB/s) lsqu(g,G)=0.875663 
Testing 76801 bytes 100 times:
 L=0.378368  s=76801  o_s=4.897006  o_r=7.790916  g=-0.450187  G=0.000087 (90.262607 GiB/s) lsqu(g,G)=0.886552 
Testing 77825 bytes 100 times:
 L=0.378368  s=77825  o_s=4.978638  o_r=7.841031  g=-0.485066  G=0.000088 (88.863844 GiB/s) lsqu(g,G)=0.894524 
Testing 78849 bytes 100 times:
 L=0.378368  s=78849  o_s=5.013830  o_r=7.886469  g=-0.516627  G=0.000089 (87.650930 GiB/s) lsqu(g,G)=0.900055 
Testing 79873 bytes 100 times:
 L=0.378368  s=79873  o_s=5.051471  o_r=7.920325  g=-0.545142  G=0.000090 (86.596866 GiB/s) lsqu(g,G)=0.903592 
Testing 80897 bytes 100 times:
 L=0.378368  s=80897  o_s=5.111164  o_r=7.961976  g=-0.570646  G=0.000091 (85.687084 GiB/s) lsqu(g,G)=0.905368 
Testing 81921 bytes 100 times:
 L=0.378368  s=81921  o_s=5.266075  o_r=8.011980  g=-0.594293  G=0.000092 (84.870787 GiB/s) lsqu(g,G)=0.906211 
Testing 82945 bytes 100 times:
 L=0.378368  s=82945  o_s=5.321647  o_r=8.067107  g=-0.615704  G=0.000093 (84.153987 GiB/s) lsqu(g,G)=0.905994 
Testing 83969 bytes 100 times:
 L=0.378368  s=83969  o_s=5.382119  o_r=8.180367  g=-0.635497  G=0.000094 (83.510038 GiB/s) lsqu(g,G)=0.905110 
Testing 84993 bytes 100 times:
 L=0.378368  s=84993  o_s=5.417644  o_r=8.220236  g=-0.652972  G=0.000094 (82.956418 GiB/s) lsqu(g,G)=0.903306 
Testing 86017 bytes 100 times:
 L=0.378368  s=86017  o_s=5.500835  o_r=8.285386  g=-0.669317  G=0.000095 (82.451326 GiB/s) lsqu(g,G)=0.901157 
Testing 87041 bytes 100 times:
 L=0.378368  s=87041  o_s=5.520658  o_r=8.360113  g=-0.684161  G=0.000095 (82.003299 GiB/s) lsqu(g,G)=0.898543 
Testing 88065 bytes 100 times:
 L=0.378368  s=88065  o_s=5.558078  o_r=8.436511  g=-0.697707  G=0.000096 (81.603417 GiB/s) lsqu(g,G)=0.895579 
Testing 89089 bytes 100 times:
 L=0.378368  s=89089  o_s=5.597056  o_r=8.517809  g=-0.709742  G=0.000096 (81.255461 GiB/s) lsqu(g,G)=0.892228 
Testing 90113 bytes 100 times:
 L=0.378368  s=90113  o_s=5.696840  o_r=8.591200  g=-0.720199  G=0.000096 (80.958943 GiB/s) lsqu(g,G)=0.888520 
Testing 91137 bytes 100 times:
 L=0.378368  s=91137  o_s=5.710872  o_r=8.646773  g=-0.728699  G=0.000097 (80.722253 GiB/s) lsqu(g,G)=0.884418 
Testing 92161 bytes 100 times:
 L=0.378368  s=92161  o_s=5.746064  o_r=8.685974  g=-0.735637  G=0.000097 (80.532213 GiB/s) lsqu(g,G)=0.880086 
Testing 93185 bytes 100 times:
 L=0.378368  s=93185  o_s=5.800300  o_r=8.729519  g=-0.741460  G=0.000097 (80.375160 GiB/s) lsqu(g,G)=0.875649 
Testing 94209 bytes 100 times:
 L=0.378368  s=94209  o_s=5.903202  o_r=8.776850  g=-0.745686  G=0.000097 (80.262832 GiB/s) lsqu(g,G)=0.871073 
Testing 95233 bytes 100 times:
 L=0.378368  s=95233  o_s=5.923137  o_r=8.815828  g=-0.748321  G=0.000097 (80.193702 GiB/s) lsqu(g,G)=0.866424 
Testing 96257 bytes 100 times:
 L=0.378368  s=96257  o_s=5.939730  o_r=8.846788  g=-0.749873  G=0.000097 (80.153469 GiB/s) lsqu(g,G)=0.861788 
Testing 97281 bytes 100 times:
 L=0.378368  s=97281  o_s=5.995302  o_r=8.888774  g=-0.750183  G=0.000097 (80.145524 GiB/s) lsqu(g,G)=0.857193 
Testing 98305 bytes 100 times:
 L=0.378368  s=98305  o_s=6.151549  o_r=8.951585  g=-0.749796  G=0.000097 (80.155350 GiB/s) lsqu(g,G)=0.852672 
Testing 99329 bytes 100 times:
 L=0.378368  s=99329  o_s=6.195428  o_r=8.995241  g=-0.748715  G=0.000097 (80.182474 GiB/s) lsqu(g,G)=0.848237 
Testing 100353 bytes 100 times:
 L=0.378368  s=100353  o_s=6.265032  o_r=9.103267  g=-0.747331  G=0.000097 (80.216899 GiB/s) lsqu(g,G)=0.843882 
Testing 101377 bytes 100 times:
 L=0.378368  s=101377  o_s=6.288530  o_r=9.150041  g=-0.745188  G=0.000097 (80.269704 GiB/s) lsqu(g,G)=0.839637 
Testing 102401 bytes 100 times:
 L=0.378368  s=102401  o_s=6.366487  o_r=9.220759  g=-0.742746  G=0.000097 (80.329327 GiB/s) lsqu(g,G)=0.835479 
Testing 103425 bytes 100 times:
 L=0.378368  s=103425  o_s=6.395331  o_r=9.292034  g=-0.739841  G=0.000097 (80.399684 GiB/s) lsqu(g,G)=0.831426 
Testing 104449 bytes 100 times:
 L=0.378368  s=104449  o_s=6.441548  o_r=9.374001  g=-0.736551  G=0.000097 (80.478731 GiB/s) lsqu(g,G)=0.827475 
Testing 105473 bytes 100 times:
 L=0.378368  s=105473  o_s=6.488878  o_r=9.463540  g=-0.732901  G=0.000097 (80.565737 GiB/s) lsqu(g,G)=0.823627 
Testing 106497 bytes 100 times:
 L=0.378368  s=106497  o_s=6.570956  o_r=9.537488  g=-0.728542  G=0.000097 (80.668868 GiB/s) lsqu(g,G)=0.819936 
Testing 107521 bytes 100 times:
 L=0.378368  s=107521  o_s=6.589220  o_r=9.560095  g=-0.723649  G=0.000097 (80.783834 GiB/s) lsqu(g,G)=0.816388 
Testing 108545 bytes 100 times:
 L=0.378368  s=108545  o_s=6.634100  o_r=9.626359  g=-0.717945  G=0.000097 (80.917008 GiB/s) lsqu(g,G)=0.813047 
Testing 109569 bytes 100 times:
 L=0.378368  s=109569  o_s=6.706377  o_r=9.656651  g=-0.711692  G=0.000096 (81.062097 GiB/s) lsqu(g,G)=0.809879 
Testing 110593 bytes 100 times:
 L=0.378368  s=110593  o_s=6.787006  o_r=9.699861  g=-0.704608  G=0.000096 (81.225561 GiB/s) lsqu(g,G)=0.806966 
Testing 111617 bytes 100 times:
 L=0.378368  s=111617  o_s=6.804157  o_r=9.735053  g=-0.697080  G=0.000096 (81.398388 GiB/s) lsqu(g,G)=0.804227 
Testing 112641 bytes 100 times:
 L=0.378368  s=112641  o_s=6.846588  o_r=9.787953  g=-0.688531  G=0.000096 (81.593727 GiB/s) lsqu(g,G)=0.801842 
Testing 113665 bytes 100 times:
 L=0.378368  s=113665  o_s=6.898930  o_r=9.819136  g=-0.679437  G=0.000096 (81.800641 GiB/s) lsqu(g,G)=0.799691 
Testing 114689 bytes 100 times:
 L=0.378368  s=114689  o_s=7.049943  o_r=9.869585  g=-0.670276  G=0.000095 (82.008248 GiB/s) lsqu(g,G)=0.797622 
Testing 115713 bytes 100 times:
 L=0.378368  s=115713  o_s=7.098610  o_r=9.915023  g=-0.660527  G=0.000095 (82.228358 GiB/s) lsqu(g,G)=0.795818 
Testing 116737 bytes 100 times:
 L=0.378368  s=116737  o_s=7.141931  o_r=10.025054  g=-0.651043  G=0.000095 (82.441706 GiB/s) lsqu(g,G)=0.793977 
Testing 117761 bytes 100 times:
 L=0.378368  s=117761  o_s=7.188594  o_r=10.068598  g=-0.641387  G=0.000095 (82.658155 GiB/s) lsqu(g,G)=0.792255 
Testing 118785 bytes 100 times:
 L=0.378368  s=118785  o_s=7.271896  o_r=10.135196  g=-0.631855  G=0.000094 (82.871065 GiB/s) lsqu(g,G)=0.790545 
Testing 119809 bytes 100 times:
 L=0.378368  s=119809  o_s=7.310763  o_r=10.200902  g=-0.622153  G=0.000094 (83.087028 GiB/s) lsqu(g,G)=0.788953 
Testing 120833 bytes 100 times:
 L=0.378368  s=120833  o_s=7.334929  o_r=10.265384  g=-0.612685  G=0.000094 (83.297046 GiB/s) lsqu(g,G)=0.787328 
Testing 121857 bytes 100 times:
 L=0.378368  s=121857  o_s=7.383263  o_r=10.350023  g=-0.603210  G=0.000094 (83.506484 GiB/s) lsqu(g,G)=0.785759 
Testing 122881 bytes 100 times:
 L=0.378368  s=122881  o_s=7.468792  o_r=10.435664  g=-0.593352  G=0.000093 (83.723667 GiB/s) lsqu(g,G)=0.784390 
Testing 123905 bytes 100 times:
 L=0.378368  s=123905  o_s=7.478258  o_r=10.475311  g=-0.582970  G=0.000093 (83.951710 GiB/s) lsqu(g,G)=0.783287 
Testing 124929 bytes 100 times:
 L=0.378368  s=124929  o_s=7.525255  o_r=10.521640  g=-0.572028  G=0.000093 (84.191374 GiB/s) lsqu(g,G)=0.782478 
Testing 125953 bytes 100 times:
 L=0.378368  s=125953  o_s=7.586952  o_r=10.568971  g=-0.561139  G=0.000093 (84.429285 GiB/s) lsqu(g,G)=0.781696 
Testing 126977 bytes 100 times:
 L=0.378368  s=126977  o_s=7.668138  o_r=10.606947  g=-0.549792  G=0.000092 (84.676593 GiB/s) lsqu(g,G)=0.781176 
Testing 128001 bytes 100 times:
 L=0.378368  s=128001  o_s=7.677047  o_r=10.642362  g=-0.537845  G=0.000092 (84.936451 GiB/s) lsqu(g,G)=0.780997 
Testing 129025 bytes 100 times:
 L=0.378368  s=129025  o_s=7.750215  o_r=10.686575  g=-0.525690  G=0.000092 (85.200323 GiB/s) lsqu(g,G)=0.780973 
Testing 130049 bytes 100 times:
 L=0.378368  s=130049  o_s=7.789973  o_r=10.723549  g=-0.513463  G=0.000091 (85.465302 GiB/s) lsqu(g,G)=0.781035 
