UCX_NET_DEVICES=mlx5_2:1 mpirun -n 2 /home/liuyao/software/Netgauge_default/netgauge -m mpi -x loggp -o ng_logGP_internode
node02.cluster
node01.cluster
# Info:   (0): Netgauge v2.4.6 MPI enabled (P=2, threadlevel=0) (/home/liuyao/software/Netgauge_default/netgauge -m mpi -x loggp -o ng_logGP_internode )
# initializing x86-64 timer (takes some seconds)
Testing 1 bytes 100 times:
# Info:   (0): Warming module mpi up ... this may take a while
 L=1.526466  s=1  o_s=0.064146  o_r=0.302364  g=-nan  G=-nan (-nan GiB/s) lsqu(g,G)=-nan 
Testing 1025 bytes 100 times:
 L=1.526466  s=1025  o_s=0.168605  o_r=0.578445  g=0.318272  G=0.000340 (22.965646 GiB/s) lsqu(g,G)=-nan 
Testing 2049 bytes 100 times:
 L=1.526466  s=2049  o_s=0.126955  o_r=0.803296  g=0.358239  G=0.000223 (34.965461 GiB/s) lsqu(g,G)=0.097612 
Testing 3073 bytes 100 times:
 L=1.526466  s=3073  o_s=0.173839  o_r=1.131386  g=0.343480  G=0.000245 (31.884838 GiB/s) lsqu(g,G)=0.074689 
Testing 4097 bytes 100 times:
 L=1.526466  s=4097  o_s=0.190432  o_r=1.466381  g=0.320483  G=0.000267 (29.210157 GiB/s) lsqu(g,G)=0.074016 
Testing 5121 bytes 100 times:
 L=1.526466  s=5121  o_s=0.220612  o_r=1.822980  g=0.296489  G=0.000285 (27.410456 GiB/s) lsqu(g,G)=0.077428 
Testing 6145 bytes 100 times:
 L=1.526466  s=6145  o_s=0.250457  o_r=2.181474  g=0.272443  G=0.000299 (26.120004 GiB/s) lsqu(g,G)=0.082076 
Testing 7169 bytes 100 times:
 L=1.526466  s=7169  o_s=0.277408  o_r=2.539744  g=0.252608  G=0.000309 (25.301132 GiB/s) lsqu(g,G)=0.083603 
Testing 8193 bytes 100 times:
 L=1.526466  s=8193  o_s=0.306362  o_r=2.893671  g=0.235454  G=0.000316 (24.726457 GiB/s) lsqu(g,G)=0.084089 
Testing 9217 bytes 100 times:
 L=1.526466  s=9217  o_s=0.574638  o_r=3.264081  g=0.217343  G=0.000323 (24.218275 GiB/s) lsqu(g,G)=0.086340 
Testing 10241 bytes 100 times:
 L=1.526466  s=10241  o_s=0.620520  o_r=3.612551  g=0.203439  G=0.000327 (23.883272 GiB/s) lsqu(g,G)=0.086102 
Testing 11265 bytes 100 times:
 L=1.526466  s=11265  o_s=0.641234  o_r=3.969596  g=0.190110  G=0.000331 (23.601612 GiB/s) lsqu(g,G)=0.086220 
Testing 12289 bytes 100 times:
 L=1.526466  s=12289  o_s=0.673195  o_r=4.328423  g=0.180356  G=0.000334 (23.417882 GiB/s) lsqu(g,G)=0.084777 
Testing 13313 bytes 100 times:
 L=1.526466  s=13313  o_s=0.652370  o_r=4.688810  g=0.171486  G=0.000336 (23.266887 GiB/s) lsqu(g,G)=0.083432 
Testing 14337 bytes 100 times:
 L=1.526466  s=14337  o_s=0.689566  o_r=5.044407  g=0.162579  G=0.000338 (23.128659 GiB/s) lsqu(g,G)=0.082581 
Testing 15361 bytes 100 times:
 L=1.526466  s=15361  o_s=0.703152  o_r=5.404125  g=0.157101  G=0.000339 (23.050444 GiB/s) lsqu(g,G)=0.080552 
Testing 16385 bytes 100 times:
 L=1.526466  s=16385  o_s=0.737452  o_r=5.762507  g=0.150665  G=0.000340 (22.965286 GiB/s) lsqu(g,G)=0.079254 
Testing 17409 bytes 100 times:
 L=1.526466  s=17409  o_s=1.055062  o_r=6.159756  g=0.140428  G=0.000342 (22.839469 GiB/s) lsqu(g,G)=0.080520 
Testing 18433 bytes 100 times:
 L=1.526466  s=18433  o_s=1.057957  o_r=6.519140  g=0.133374  G=0.000343 (22.758593 GiB/s) lsqu(g,G)=0.079978 
Testing 19457 bytes 100 times:
 L=1.526466  s=19457  o_s=1.116089  o_r=6.879527  g=0.126790  G=0.000344 (22.687785 GiB/s) lsqu(g,G)=0.079422 
Testing 20481 bytes 100 times:
 L=1.526466  s=20481  o_s=1.159967  o_r=7.236461  g=0.120192  G=0.000345 (22.620963 GiB/s) lsqu(g,G)=0.079084 
Testing 21505 bytes 100 times:
 L=1.526466  s=21505  o_s=1.164644  o_r=7.594842  g=0.115431  G=0.000346 (22.575383 GiB/s) lsqu(g,G)=0.078052 
Testing 22529 bytes 100 times:
 L=1.526466  s=22529  o_s=1.208076  o_r=7.953224  g=0.110891  G=0.000347 (22.534145 GiB/s) lsqu(g,G)=0.077096 
Testing 23553 bytes 100 times:
 L=1.526466  s=23553  o_s=1.249281  o_r=8.311049  g=0.107865  G=0.000347 (22.507987 GiB/s) lsqu(g,G)=0.075756 
Testing 24577 bytes 100 times:
 L=1.526466  s=24577  o_s=1.306522  o_r=8.665422  g=0.104430  G=0.000348 (22.479650 GiB/s) lsqu(g,G)=0.074675 
Testing 25601 bytes 100 times:
 L=1.526466  s=25601  o_s=1.582927  o_r=9.063005  g=0.099834  G=0.000348 (22.443423 GiB/s) lsqu(g,G)=0.074195 
Testing 26625 bytes 100 times:
 L=1.526466  s=26625  o_s=1.652084  o_r=9.418157  g=0.095406  G=0.000349 (22.410025 GiB/s) lsqu(g,G)=0.073748 
Testing 27649 bytes 100 times:
 L=1.526466  s=27649  o_s=1.657429  o_r=9.778098  g=0.091461  G=0.000349 (22.381484 GiB/s) lsqu(g,G)=0.073184 
Testing 28673 bytes 100 times:
 L=1.526466  s=28673  o_s=1.712555  o_r=10.136034  g=0.088518  G=0.000349 (22.361034 GiB/s) lsqu(g,G)=0.072317 
Testing 29697 bytes 100 times:
 L=1.526466  s=29697  o_s=1.742623  o_r=10.491632  g=0.085921  G=0.000350 (22.343656 GiB/s) lsqu(g,G)=0.071421 
Testing 30721 bytes 100 times:
 L=1.526466  s=30721  o_s=1.795409  o_r=10.849234  g=0.083576  G=0.000350 (22.328531 GiB/s) lsqu(g,G)=0.070525 
Testing 31745 bytes 100 times:
 L=1.526466  s=31745  o_s=1.801534  o_r=11.206948  g=0.082035  G=0.000350 (22.318932 GiB/s) lsqu(g,G)=0.069495 
Testing 32769 bytes 100 times:
 L=1.526466  s=32769  o_s=1.857216  o_r=11.565552  g=0.079771  G=0.000350 (22.305301 GiB/s) lsqu(g,G)=0.068714 
Testing 33793 bytes 100 times:
 L=1.526466  s=33793  o_s=2.111683  o_r=11.962801  g=0.076162  G=0.000351 (22.284277 GiB/s) lsqu(g,G)=0.068549 
Testing 34817 bytes 100 times:
 L=1.526466  s=34817  o_s=2.134067  o_r=12.318622  g=0.073408  G=0.000351 (22.268747 GiB/s) lsqu(g,G)=0.068052 
Testing 35841 bytes 100 times:
 L=1.526466  s=35841  o_s=2.166251  o_r=12.676112  g=0.070943  G=0.000351 (22.255275 GiB/s) lsqu(g,G)=0.067499 
Testing 36865 bytes 100 times:
 L=1.526466  s=36865  o_s=2.211911  o_r=13.032935  g=0.068423  G=0.000351 (22.241912 GiB/s) lsqu(g,G)=0.067019 
Testing 37889 bytes 100 times:
 L=1.526466  s=37889  o_s=2.275722  o_r=13.390871  g=0.066840  G=0.000351 (22.233760 GiB/s) lsqu(g,G)=0.066282 
Testing 38913 bytes 100 times:
 L=1.526466  s=38913  o_s=2.294988  o_r=13.747805  g=0.066043  G=0.000351 (22.229767 GiB/s) lsqu(g,G)=0.065433 
Testing 39937 bytes 100 times:
 L=1.526466  s=39937  o_s=2.329288  o_r=14.107078  g=0.064621  G=0.000352 (22.222836 GiB/s) lsqu(g,G)=0.064739 
Testing 40961 bytes 100 times:
 L=1.526466  s=40961  o_s=2.353120  o_r=14.466017  g=0.063726  G=0.000352 (22.218588 GiB/s) lsqu(g,G)=0.063975 
Testing 41985 bytes 100 times:
 L=1.526466  s=41985  o_s=2.586539  o_r=14.858254  g=0.061608  G=0.000352 (22.208787 GiB/s) lsqu(g,G)=0.063580 
Testing 43009 bytes 100 times:
 L=1.526466  s=43009  o_s=2.599123  o_r=15.212404  g=0.059742  G=0.000352 (22.200376 GiB/s) lsqu(g,G)=0.063126 
Testing 44033 bytes 100 times:
 L=1.526466  s=44033  o_s=2.665719  o_r=15.572679  g=0.058335  G=0.000352 (22.194184 GiB/s) lsqu(g,G)=0.062561 
Testing 45057 bytes 100 times:
 L=1.526466  s=45057  o_s=2.702691  o_r=15.929613  g=0.057192  G=0.000352 (22.189276 GiB/s) lsqu(g,G)=0.061959 
Testing 46081 bytes 100 times:
 L=1.526466  s=46081  o_s=2.728305  o_r=16.287215  g=0.056284  G=0.000352 (22.185467 GiB/s) lsqu(g,G)=0.061336 
Testing 47105 bytes 100 times:
 L=1.526466  s=47105  o_s=2.770067  o_r=16.643592  g=0.055731  G=0.000352 (22.183200 GiB/s) lsqu(g,G)=0.060683 
Testing 48129 bytes 100 times:
 L=1.526466  s=48129  o_s=2.800024  o_r=17.000526  g=0.055427  G=0.000352 (22.181979 GiB/s) lsqu(g,G)=0.060030 
Testing 49153 bytes 100 times:
 L=1.526466  s=49153  o_s=2.834769  o_r=17.359242  g=0.055321  G=0.000352 (22.181565 GiB/s) lsqu(g,G)=0.059389 
Testing 50177 bytes 100 times:
 L=1.526466  s=50177  o_s=3.091797  o_r=17.754153  g=0.053463  G=0.000352 (22.174425 GiB/s) lsqu(g,G)=0.059164 
Testing 51201 bytes 100 times:
 L=1.526466  s=51201  o_s=3.096920  o_r=18.113537  g=0.052154  G=0.000352 (22.169500 GiB/s) lsqu(g,G)=0.058759 
Testing 52225 bytes 100 times:
 L=1.526466  s=52225  o_s=3.179218  o_r=18.467464  g=0.051085  G=0.000352 (22.165559 GiB/s) lsqu(g,G)=0.058306 
Testing 53249 bytes 100 times:
 L=1.526466  s=53249  o_s=3.214409  o_r=18.825846  g=0.049732  G=0.000353 (22.160673 GiB/s) lsqu(g,G)=0.057958 
Testing 54273 bytes 100 times:
 L=1.526466  s=54273  o_s=3.233897  o_r=19.187123  g=0.049247  G=0.000353 (22.158957 GiB/s) lsqu(g,G)=0.057428 
Testing 55297 bytes 100 times:
 L=1.526466  s=55297  o_s=3.315527  o_r=19.545950  g=0.048207  G=0.000353 (22.155343 GiB/s) lsqu(g,G)=0.057024 
Testing 56321 bytes 100 times:
 L=1.526466  s=56321  o_s=3.357066  o_r=19.901882  g=0.047277  G=0.000353 (22.152173 GiB/s) lsqu(g,G)=0.056609 
Testing 57345 bytes 100 times:
 L=1.526466  s=57345  o_s=3.405509  o_r=20.260820  g=0.046877  G=0.000353 (22.150837 GiB/s) lsqu(g,G)=0.056113 
Testing 58369 bytes 100 times:
 L=1.526466  s=58369  o_s=3.589260  o_r=20.651610  g=0.045673  G=0.000353 (22.146881 GiB/s) lsqu(g,G)=0.055812 
Testing 59393 bytes 100 times:
 L=1.526466  s=59393  o_s=3.658194  o_r=21.010883  g=0.044290  G=0.000353 (22.142421 GiB/s) lsqu(g,G)=0.055593 
Testing 60417 bytes 100 times:
 L=1.526466  s=60417  o_s=3.687705  o_r=21.367483  g=0.043116  G=0.000353 (22.138699 GiB/s) lsqu(g,G)=0.055312 
Testing 61441 bytes 100 times:
 L=1.526466  s=61441  o_s=3.720446  o_r=21.723971  g=0.042608  G=0.000353 (22.137116 GiB/s) lsqu(g,G)=0.054880 
Testing 62465 bytes 100 times:
 L=1.526466  s=62465  o_s=3.778690  o_r=22.080460  g=0.042088  G=0.000353 (22.135525 GiB/s) lsqu(g,G)=0.054461 
Testing 63489 bytes 100 times:
 L=1.526466  s=63489  o_s=3.783924  o_r=22.440512  g=0.041657  G=0.000353 (22.134226 GiB/s) lsqu(g,G)=0.054042 
Testing 64513 bytes 100 times:
 L=1.526466  s=64513  o_s=3.860097  o_r=22.794885  g=0.041187  G=0.000353 (22.132834 GiB/s) lsqu(g,G)=0.053640 
Testing 65537 bytes 100 times:
 L=1.526466  s=65537  o_s=3.899408  o_r=23.155939  g=0.041033  G=0.000353 (22.132384 GiB/s) lsqu(g,G)=0.053216 
Testing 66561 bytes 100 times:
 L=1.526466  s=66561  o_s=4.169577  o_r=23.552743  g=0.039887  G=0.000353 (22.129095 GiB/s) lsqu(g,G)=0.053016 
Testing 67585 bytes 100 times:
 L=1.526466  s=67585  o_s=4.172473  o_r=23.906336  g=0.038929  G=0.000353 (22.126390 GiB/s) lsqu(g,G)=0.052762 
Testing 68609 bytes 100 times:
 L=1.526466  s=68609  o_s=4.234614  o_r=24.265163  g=0.038274  G=0.000353 (22.124569 GiB/s) lsqu(g,G)=0.052434 
Testing 69633 bytes 100 times:
 L=1.526466  s=69633  o_s=4.318025  o_r=24.623322  g=0.038036  G=0.000353 (22.123916 GiB/s) lsqu(g,G)=0.052052 
Testing 70657 bytes 100 times:
 L=1.526466  s=70657  o_s=4.330498  o_r=24.978920  g=0.037397  G=0.000353 (22.122191 GiB/s) lsqu(g,G)=0.051741 
Testing 71681 bytes 100 times:
 L=1.526466  s=71681  o_s=4.349875  o_r=25.337747  g=0.036902  G=0.000353 (22.120874 GiB/s) lsqu(g,G)=0.051409 
Testing 72705 bytes 100 times:
 L=1.526466  s=72705  o_s=4.393530  o_r=25.694347  g=0.036806  G=0.000353 (22.120624 GiB/s) lsqu(g,G)=0.051042 
Testing 73729 bytes 100 times:
 L=1.526466  s=73729  o_s=4.421482  o_r=26.053842  g=0.037175  G=0.000353 (22.121578 GiB/s) lsqu(g,G)=0.050708 
Testing 74753 bytes 100 times:
 L=1.526466  s=74753  o_s=4.627617  o_r=26.446525  g=0.036565  G=0.000353 (22.120022 GiB/s) lsqu(g,G)=0.050427 
Testing 75777 bytes 100 times:
 L=1.526466  s=75777  o_s=4.685081  o_r=26.802680  g=0.035867  G=0.000353 (22.118268 GiB/s) lsqu(g,G)=0.050176 
Testing 76801 bytes 100 times:
 L=1.526466  s=76801  o_s=4.710806  o_r=27.161396  g=0.035293  G=0.000353 (22.116844 GiB/s) lsqu(g,G)=0.049902 
Testing 77825 bytes 100 times:
 L=1.526466  s=77825  o_s=4.781522  o_r=27.519777  g=0.034997  G=0.000353 (22.116121 GiB/s) lsqu(g,G)=0.049586 
Testing 78849 bytes 100 times:
 L=1.526466  s=78849  o_s=4.857250  o_r=27.874039  g=0.034750  G=0.000353 (22.115525 GiB/s) lsqu(g,G)=0.049272 
Testing 79873 bytes 100 times:
 L=1.526466  s=79873  o_s=4.887652  o_r=28.230082  g=0.034579  G=0.000353 (22.115118 GiB/s) lsqu(g,G)=0.048957 
Testing 80897 bytes 100 times:
 L=1.526466  s=80897  o_s=4.922509  o_r=28.592473  g=0.034186  G=0.000353 (22.114194 GiB/s) lsqu(g,G)=0.048675 
Testing 81921 bytes 100 times:
 L=1.526466  s=81921  o_s=4.963713  o_r=28.947848  g=0.034215  G=0.000353 (22.114261 GiB/s) lsqu(g,G)=0.048367 
Testing 82945 bytes 100 times:
 L=1.526466  s=82945  o_s=5.212055  o_r=29.345765  g=0.033063  G=0.000353 (22.111620 GiB/s) lsqu(g,G)=0.048360 
Testing 83969 bytes 100 times:
 L=1.526466  s=83969  o_s=5.239116  o_r=29.700249  g=0.032216  G=0.000353 (22.109704 GiB/s) lsqu(g,G)=0.048223 
Testing 84993 bytes 100 times:
 L=1.526466  s=84993  o_s=5.270744  o_r=30.059967  g=0.031823  G=0.000353 (22.108826 GiB/s) lsqu(g,G)=0.047963 
Testing 86017 bytes 100 times:
 L=1.526466  s=86017  o_s=5.340235  o_r=30.417681  g=0.031420  G=0.000353 (22.107937 GiB/s) lsqu(g,G)=0.047711 
Testing 87041 bytes 100 times:
 L=1.526466  s=87041  o_s=5.419415  o_r=30.775394  g=0.031087  G=0.000353 (22.107208 GiB/s) lsqu(g,G)=0.047453 
Testing 88065 bytes 100 times:
 L=1.526466  s=88065  o_s=5.473203  o_r=31.133553  g=0.031000  G=0.000353 (22.107022 GiB/s) lsqu(g,G)=0.047175 
Testing 89089 bytes 100 times:
 L=1.526466  s=89089  o_s=5.472201  o_r=31.489485  g=0.030895  G=0.000353 (22.106799 GiB/s) lsqu(g,G)=0.046902 
Testing 90113 bytes 100 times:
 L=1.526466  s=90113  o_s=5.555501  o_r=31.848869  g=0.030553  G=0.000353 (22.106078 GiB/s) lsqu(g,G)=0.046661 
Testing 91137 bytes 100 times:
 L=1.526466  s=91137  o_s=5.737693  o_r=32.242777  g=0.029798  G=0.000353 (22.104506 GiB/s) lsqu(g,G)=0.046540 
Testing 92161 bytes 100 times:
 L=1.526466  s=92161  o_s=5.744931  o_r=32.598597  g=0.028676  G=0.000353 (22.102196 GiB/s) lsqu(g,G)=0.046600 
Testing 93185 bytes 100 times:
 L=1.526466  s=93185  o_s=5.794711  o_r=32.959206  g=0.027949  G=0.000353 (22.100717 GiB/s) lsqu(g,G)=0.046477 
Testing 94209 bytes 100 times:
 L=1.526466  s=94209  o_s=5.836584  o_r=33.315918  g=0.027229  G=0.000354 (22.099268 GiB/s) lsqu(g,G)=0.046357 
Testing 95233 bytes 100 times:
 L=1.526466  s=95233  o_s=5.931021  o_r=33.671627  g=0.026879  G=0.000354 (22.098570 GiB/s) lsqu(g,G)=0.046137 
Testing 96257 bytes 100 times:
 L=1.526466  s=96257  o_s=5.975455  o_r=34.031011  g=0.026789  G=0.000354 (22.098393 GiB/s) lsqu(g,G)=0.045890 
Testing 97281 bytes 100 times:
 L=1.526466  s=97281  o_s=6.004521  o_r=34.385495  g=0.026438  G=0.000354 (22.097709 GiB/s) lsqu(g,G)=0.045679 
Testing 98305 bytes 100 times:
 L=1.526466  s=98305  o_s=6.075014  o_r=34.743654  g=0.026300  G=0.000354 (22.097443 GiB/s) lsqu(g,G)=0.045444 
Testing 99329 bytes 100 times:
 L=1.526466  s=99329  o_s=6.195176  o_r=35.139344  g=0.025128  G=0.000354 (22.095209 GiB/s) lsqu(g,G)=0.045592 
Testing 100353 bytes 100 times:
 L=1.526466  s=100353  o_s=6.271015  o_r=35.500287  g=0.023734  G=0.000354 (22.092578 GiB/s) lsqu(g,G)=0.045906 
Testing 101377 bytes 100 times:
 L=1.526466  s=101377  o_s=6.309213  o_r=35.857444  g=0.022584  G=0.000354 (22.090431 GiB/s) lsqu(g,G)=0.046046 
Testing 102401 bytes 100 times:
 L=1.526466  s=102401  o_s=6.367901  o_r=36.213709  g=0.021632  G=0.000354 (22.088670 GiB/s) lsqu(g,G)=0.046072 
Testing 103425 bytes 100 times:
 L=1.526466  s=103425  o_s=6.504879  o_r=36.572537  g=0.021022  G=0.000354 (22.087556 GiB/s) lsqu(g,G)=0.045948 
Testing 104449 bytes 100 times:
 L=1.526466  s=104449  o_s=6.453540  o_r=36.926130  g=0.020285  G=0.000354 (22.086220 GiB/s) lsqu(g,G)=0.045879 
Testing 105473 bytes 100 times:
 L=1.526466  s=105473  o_s=6.479377  o_r=37.286961  g=0.019894  G=0.000354 (22.085519 GiB/s) lsqu(g,G)=0.045699 
Testing 106497 bytes 100 times:
 L=1.526466  s=106497  o_s=6.515459  o_r=37.644452  g=0.019838  G=0.000354 (22.085419 GiB/s) lsqu(g,G)=0.045478 
Testing 107521 bytes 100 times:
 L=1.526466  s=107521  o_s=6.738966  o_r=38.038806  g=0.019255  G=0.000354 (22.084394 GiB/s) lsqu(g,G)=0.045362 
Testing 108545 bytes 100 times:
 L=1.526466  s=108545  o_s=6.746984  o_r=38.395294  g=0.018905  G=0.000354 (22.083784 GiB/s) lsqu(g,G)=0.045183 
Testing 109569 bytes 100 times:
 L=1.526466  s=109569  o_s=6.839528  o_r=38.751560  g=0.018474  G=0.000354 (22.083040 GiB/s) lsqu(g,G)=0.045027 
Testing 110593 bytes 100 times:
 L=1.526466  s=110593  o_s=6.856344  o_r=39.099473  g=0.018160  G=0.000354 (22.082504 GiB/s) lsqu(g,G)=0.044847 
Testing 111617 bytes 100 times:
 L=1.526466  s=111617  o_s=6.982742  o_r=39.466319  g=0.017939  G=0.000354 (22.082130 GiB/s) lsqu(g,G)=0.044655 
Testing 112641 bytes 100 times:
 L=1.526466  s=112641  o_s=7.048892  o_r=39.825035  g=0.017808  G=0.000354 (22.081911 GiB/s) lsqu(g,G)=0.044455 
Testing 113665 bytes 100 times:
 L=1.526466  s=113665  o_s=7.097112  o_r=40.181189  g=0.017794  G=0.000354 (22.081887 GiB/s) lsqu(g,G)=0.044253 
Testing 114689 bytes 100 times:
 L=1.526466  s=114689  o_s=7.043212  o_r=40.539126  g=0.017863  G=0.000354 (22.082001 GiB/s) lsqu(g,G)=0.044054 
Testing 115713 bytes 100 times:
 L=1.526466  s=115713  o_s=7.257477  o_r=40.936041  g=0.017285  G=0.000354 (22.081057 GiB/s) lsqu(g,G)=0.043970 
Testing 116737 bytes 100 times:
 L=1.526466  s=116737  o_s=7.280083  o_r=41.292863  g=0.017105  G=0.000354 (22.080766 GiB/s) lsqu(g,G)=0.043786 
Testing 117761 bytes 100 times:
 L=1.526466  s=117761  o_s=7.333538  o_r=41.650131  g=0.016648  G=0.000354 (22.080032 GiB/s) lsqu(g,G)=0.043665 
Testing 118785 bytes 100 times:
 L=1.526466  s=118785  o_s=7.403363  o_r=42.008959  g=0.016223  G=0.000354 (22.079357 GiB/s) lsqu(g,G)=0.043538 
Testing 119809 bytes 100 times:
 L=1.526466  s=119809  o_s=7.481541  o_r=42.365670  g=0.016055  G=0.000354 (22.079092 GiB/s) lsqu(g,G)=0.043360 
Testing 120833 bytes 100 times:
 L=1.526466  s=120833  o_s=7.558827  o_r=42.720377  g=0.016011  G=0.000354 (22.079024 GiB/s) lsqu(g,G)=0.043175 
Testing 121857 bytes 100 times:
 L=1.526466  s=121857  o_s=7.630323  o_r=43.081877  g=0.015734  G=0.000354 (22.078594 GiB/s) lsqu(g,G)=0.043019 
Testing 122881 bytes 100 times:
 L=1.526466  s=122881  o_s=7.600477  o_r=43.439590  g=0.015646  G=0.000354 (22.078460 GiB/s) lsqu(g,G)=0.042841 
Testing 123905 bytes 100 times:
 L=1.526466  s=123905  o_s=7.766632  o_r=43.834835  g=0.015259  G=0.000354 (22.077870 GiB/s) lsqu(g,G)=0.042717 
Testing 124929 bytes 100 times:
 L=1.526466  s=124929  o_s=7.798260  o_r=44.188873  g=0.014807  G=0.000354 (22.077188 GiB/s) lsqu(g,G)=0.042616 
Testing 125953 bytes 100 times:
 L=1.526466  s=125953  o_s=7.853274  o_r=44.547366  g=0.014451  G=0.000354 (22.076653 GiB/s) lsqu(g,G)=0.042489 
Testing 126977 bytes 100 times:
 L=1.526466  s=126977  o_s=7.934903  o_r=44.907196  g=0.013906  G=0.000354 (22.075844 GiB/s) lsqu(g,G)=0.042429 
Testing 128001 bytes 100 times:
 L=1.526466  s=128001  o_s=8.007290  o_r=45.264130  g=0.013818  G=0.000354 (22.075714 GiB/s) lsqu(g,G)=0.042261 
Testing 129025 bytes 100 times:
 L=1.526466  s=129025  o_s=8.068206  o_r=45.619727  g=0.013682  G=0.000354 (22.075515 GiB/s) lsqu(g,G)=0.042099 
Testing 130049 bytes 100 times:
 L=1.526466  s=130049  o_s=8.113420  o_r=45.977218  g=0.013657  G=0.000354 (22.075479 GiB/s) lsqu(g,G)=0.041931 
